5.0801 	WARNING 	User requested fullscreen with size [800 600], but screen is actually [1920, 1200]. Using actual size
6.4080 	EXP 	Created window1 = Window(allowGUI=True, allowStencil=False, autoLog=True, backendConf=UNKNOWN, bitsMode=UNKNOWN, blendMode='avg', bpc=(8, 8, 8), color=array([-1, -1, -1]), colorSpace='rgb', depthBits=8, fullscr=<method-wrapper '__getattribute__' of attributeSetter object at 0x000002BEDF012408>, gamma=None, gammaErrorPolicy='ignore', lms=UNKNOWN, monitor=<psychopy.monitors.calibTools.Monitor object at 0x000002BEDF074D08>, multiSample=False, name='window1', numSamples=2, pos=[0.0, 0.0], screen=1, size=array([1920, 1200]), stencilBits=0, stereo=False, units='pix', useFBO=True, useRetina=False, viewOri=0.0, viewPos=None, viewScale=None, waitBlanking=True, winType='pyglet')
6.4081 	EXP 	window1: mouseVisible = True
6.4115 	EXP 	Created unnamed Rect = Rect(__class__=<class 'psychopy.visual.rect.Rect'>, autoDraw=False, autoLog=True, closeShape=True, color=method-wrapper(...), colorSpace='rgb', contrast=None, depth=0, fillColor=array([-1,  1, -1]), fillColorSpace='rgb', fillRGB=UNKNOWN, interpolate=True, lineColor=array([-1. ,  0.8, -1. ]), lineColorSpace='rgb', lineRGB=UNKNOWN, lineWidth=1.5, name='unnamed Rect', opacity=1, ori=0.0, pos=array([   0., -400.]), size=array([160.,  60.]), units='pix', vertices=ndarray(...), win=Window(...))
6.5003 	EXP 	Created unnamed TextStim = TextStim(__class__=<class 'psychopy.visual.text.TextStim'>, alignHoriz=method-wrapper(...), alignText='center', alignVert=method-wrapper(...), anchorHoriz='center', anchorVert='center', antialias=True, autoLog=True, bold=True, color=array([-1, -1, -1]), colorSpace='rgb', contrast=1.0, depth=0, flipHoriz=False, flipVert=False, font='', fontFiles=[], height=35, italic=False, languageStyle='LTR', name='unnamed TextStim', opacity=1.0, ori=0.0, pos=array([   0., -400.]), rgb=UNKNOWN, text='NEXT', units='pix', win=Window(...), wrapWidth=500)
6.5200 	EXP 	Created unnamed TextStim = TextStim(__class__=<class 'psychopy.visual.text.TextStim'>, alignHoriz=method-wrapper(...), alignText='center', alignVert=method-wrapper(...), anchorHoriz='center', anchorVert='center', antialias=True, autoLog=True, bold=False, color=array([1, 1, 1]), colorSpace='rgb', contrast=1.0, depth=0, flipHoriz=False, flipVert=False, font='', fontFiles=[], height=30, italic=False, languageStyle='LTR', name='unnamed TextStim', opacity=1.0, ori=0.0, pos=array([  0., -80.]), rgb=UNKNOWN, text='Which box contained more dots?', units='pix', win=Window(...), wrapWidth=500)
6.5329 	EXP 	Created unnamed TextStim = TextStim(__class__=<class 'psychopy.visual.text.TextStim'>, alignHoriz=method-wrapper(...), alignText='center', alignVert=method-wrapper(...), anchorHoriz='center', anchorVert='center', antialias=True, autoLog=True, bold=False, color=array([1, 1, 1]), colorSpace='rgb', contrast=1.0, depth=0, flipHoriz=False, flipVert=False, font='', fontFiles=[], height=30, italic=False, languageStyle='LTR', name='unnamed TextStim', opacity=1.0, ori=0.0, pos=array([  0., -80.]), rgb=UNKNOWN, text='Indicate your confidence with the slider below', units='pix', win=Window(...), wrapWidth=500)
6.5604 	EXP 	Created unnamed TextStim = TextStim(__class__=<class 'psychopy.visual.text.TextStim'>, alignHoriz=method-wrapper(...), alignText='center', alignVert=method-wrapper(...), anchorHoriz='center', anchorVert='center', antialias=True, autoLog=True, bold=False, color=array([1, 1, 1]), colorSpace='rgb', contrast=1.0, depth=0, flipHoriz=False, flipVert=False, font='', fontFiles=[], height=70, italic=False, languageStyle='LTR', name='unnamed TextStim', opacity=1.0, ori=0.0, pos=array([0., 0.]), rgb=UNKNOWN, text='Welcome to this experiment!', units='pix', win=Window(...), wrapWidth=500)
6.5875 	EXP 	Created unnamed TextStim = TextStim(__class__=<class 'psychopy.visual.text.TextStim'>, alignHoriz=method-wrapper(...), alignText='center', alignVert=method-wrapper(...), anchorHoriz='center', anchorVert='center', antialias=True, autoLog=True, bold=False, color=array([1, 1, 1]), colorSpace='rgb', contrast=1.0, depth=0, flipHoriz=False, flipVert=False, font='', fontFiles=[], height=50, italic=False, languageStyle='LTR', name='unnamed TextStim', opacity=1.0, ori=0.0, pos=array([0., 0.]), rgb=UNKNOWN, text=str(...), units='pix', win=Window(...), wrapWidth=500)
6.5977 	EXP 	Created unnamed TextStim = TextStim(__class__=<class 'psychopy.visual.text.TextStim'>, alignHoriz=method-wrapper(...), alignText='center', alignVert=method-wrapper(...), anchorHoriz='center', anchorVert='center', antialias=True, autoLog=True, bold=False, color=array([1, 1, 1]), colorSpace='rgb', contrast=1.0, depth=0, flipHoriz=False, flipVert=False, font='', fontFiles=[], height=50, italic=False, languageStyle='LTR', name='unnamed TextStim', opacity=1.0, ori=0.0, pos=array([0., 0.]), rgb=UNKNOWN, text=str(...), units='pix', win=Window(...), wrapWidth=500)
6.6557 	EXP 	Created unnamed TextStim = TextStim(__class__=<class 'psychopy.visual.text.TextStim'>, alignHoriz=method-wrapper(...), alignText='center', alignVert=method-wrapper(...), anchorHoriz='center', anchorVert='center', antialias=True, autoLog=True, bold=False, color=array([1, 1, 1]), colorSpace='rgb', contrast=1.0, depth=0, flipHoriz=False, flipVert=False, font='', fontFiles=[], height=35, italic=False, languageStyle='LTR', name='unnamed TextStim', opacity=1.0, ori=0.0, pos=array([0., 0.]), rgb=UNKNOWN, text=str(...), units='pix', win=Window(...), wrapWidth=1000)
6.6831 	EXP 	Created unnamed TextStim = TextStim(__class__=<class 'psychopy.visual.text.TextStim'>, alignHoriz=method-wrapper(...), alignText='center', alignVert=method-wrapper(...), anchorHoriz='center', anchorVert='center', antialias=True, autoLog=True, bold=False, color=array([1, 1, 1]), colorSpace='rgb', contrast=1.0, depth=0, flipHoriz=False, flipVert=False, font='', fontFiles=[], height=35, italic=False, languageStyle='LTR', name='unnamed TextStim', opacity=1.0, ori=0.0, pos=array([0., 0.]), rgb=UNKNOWN, text=str(...), units='pix', win=Window(...), wrapWidth=1000)
6.6943 	EXP 	Created unnamed TextStim = TextStim(__class__=<class 'psychopy.visual.text.TextStim'>, alignHoriz=method-wrapper(...), alignText='center', alignVert=method-wrapper(...), anchorHoriz='center', anchorVert='center', antialias=True, autoLog=True, bold=False, color=array([1, 1, 1]), colorSpace='rgb', contrast=1.0, depth=0, flipHoriz=False, flipVert=False, font='', fontFiles=[], height=60, italic=False, languageStyle='LTR', name='unnamed TextStim', opacity=1.0, ori=0.0, pos=array([0., 0.]), rgb=UNKNOWN, text='Great, you are now ready to continue!', units='pix', win=Window(...), wrapWidth=1000)
6.7118 	EXP 	Created unnamed TextStim = TextStim(__class__=<class 'psychopy.visual.text.TextStim'>, alignHoriz=method-wrapper(...), alignText='center', alignVert=method-wrapper(...), anchorHoriz='center', anchorVert='center', antialias=True, autoLog=True, bold=False, color=array([1, 1, 1]), colorSpace='rgb', contrast=1.0, depth=0, flipHoriz=False, flipVert=False, font='', fontFiles=[], height=60, italic=False, languageStyle='LTR', name='unnamed TextStim', opacity=1.0, ori=0.0, pos=array([0., 0.]), rgb=UNKNOWN, text=str(...), units='pix', win=Window(...), wrapWidth=1000)
6.7472 	EXP 	Created unnamed TextStim = TextStim(__class__=<class 'psychopy.visual.text.TextStim'>, alignHoriz=method-wrapper(...), alignText='center', alignVert=method-wrapper(...), anchorHoriz='center', anchorVert='center', antialias=True, autoLog=True, bold=False, color=array([1, 1, 1]), colorSpace='rgb', contrast=1.0, depth=0, flipHoriz=False, flipVert=False, font='', fontFiles=[], height=35, italic=False, languageStyle='LTR', name='unnamed TextStim', opacity=1.0, ori=0.0, pos=array([0., 0.]), rgb=UNKNOWN, text=str(...), units='pix', win=Window(...), wrapWidth=1000)
6.7867 	EXP 	Created unnamed TextStim = TextStim(__class__=<class 'psychopy.visual.text.TextStim'>, alignHoriz=method-wrapper(...), alignText='center', alignVert=method-wrapper(...), anchorHoriz='center', anchorVert='center', antialias=True, autoLog=True, bold=False, color=array([1, 1, 1]), colorSpace='rgb', contrast=1.0, depth=0, flipHoriz=False, flipVert=False, font='', fontFiles=[], height=35, italic=False, languageStyle='LTR', name='unnamed TextStim', opacity=1.0, ori=0.0, pos=array([0., 0.]), rgb=UNKNOWN, text=str(...), units='pix', win=Window(...), wrapWidth=1000)
6.8350 	EXP 	Created unnamed TextStim = TextStim(__class__=<class 'psychopy.visual.text.TextStim'>, alignHoriz=method-wrapper(...), alignText='center', alignVert=method-wrapper(...), anchorHoriz='center', anchorVert='center', antialias=True, autoLog=True, bold=False, color=array([1, 1, 1]), colorSpace='rgb', contrast=1.0, depth=0, flipHoriz=False, flipVert=False, font='', fontFiles=[], height=35, italic=False, languageStyle='LTR', name='unnamed TextStim', opacity=1.0, ori=0.0, pos=array([0., 0.]), rgb=UNKNOWN, text=str(...), units='pix', win=Window(...), wrapWidth=1000)
6.8883 	EXP 	Created unnamed TextStim = TextStim(__class__=<class 'psychopy.visual.text.TextStim'>, alignHoriz=method-wrapper(...), alignText='center', alignVert=method-wrapper(...), anchorHoriz='center', anchorVert='center', antialias=True, autoLog=True, bold=False, color=array([1, 1, 1]), colorSpace='rgb', contrast=1.0, depth=0, flipHoriz=False, flipVert=False, font='', fontFiles=[], height=35, italic=False, languageStyle='LTR', name='unnamed TextStim', opacity=1.0, ori=0.0, pos=array([0., 0.]), rgb=UNKNOWN, text=str(...), units='pix', win=Window(...), wrapWidth=1000)
6.9402 	EXP 	Created unnamed TextStim = TextStim(__class__=<class 'psychopy.visual.text.TextStim'>, alignHoriz=method-wrapper(...), alignText='center', alignVert=method-wrapper(...), anchorHoriz='center', anchorVert='center', antialias=True, autoLog=True, bold=False, color=array([1, 1, 1]), colorSpace='rgb', contrast=1.0, depth=0, flipHoriz=False, flipVert=False, font='', fontFiles=[], height=35, italic=False, languageStyle='LTR', name='unnamed TextStim', opacity=1.0, ori=0.0, pos=array([0., 0.]), rgb=UNKNOWN, text=str(...), units='pix', win=Window(...), wrapWidth=1000)
6.9884 	EXP 	Created unnamed TextStim = TextStim(__class__=<class 'psychopy.visual.text.TextStim'>, alignHoriz=method-wrapper(...), alignText='center', alignVert=method-wrapper(...), anchorHoriz='center', anchorVert='center', antialias=True, autoLog=True, bold=False, color=array([1, 1, 1]), colorSpace='rgb', contrast=1.0, depth=0, flipHoriz=False, flipVert=False, font='', fontFiles=[], height=35, italic=False, languageStyle='LTR', name='unnamed TextStim', opacity=1.0, ori=0.0, pos=array([0., 0.]), rgb=UNKNOWN, text=str(...), units='pix', win=Window(...), wrapWidth=1000)
7.0077 	EXP 	Created unnamed TextStim = TextStim(__class__=<class 'psychopy.visual.text.TextStim'>, alignHoriz=method-wrapper(...), alignText='center', alignVert=method-wrapper(...), anchorHoriz='center', anchorVert='center', antialias=True, autoLog=True, bold=False, color=array([1, 1, 1]), colorSpace='rgb', contrast=1.0, depth=0, flipHoriz=False, flipVert=False, font='', fontFiles=[], height=70, italic=False, languageStyle='LTR', name='unnamed TextStim', opacity=1.0, ori=0.0, pos=array([0., 0.]), rgb=UNKNOWN, text='Thank you for completing the study!', units='pix', win=Window(...), wrapWidth=500)
7.0321 	EXP 	Created unnamed TextStim = TextStim(__class__=<class 'psychopy.visual.text.TextStim'>, alignHoriz=method-wrapper(...), alignText='center', alignVert=method-wrapper(...), anchorHoriz='center', anchorVert='center', antialias=True, autoLog=True, bold=False, color=array([1, 1, 1]), colorSpace='rgb', contrast=1.0, depth=0, flipHoriz=False, flipVert=False, font='', fontFiles=[], height=55, italic=False, languageStyle='LTR', name='unnamed TextStim', opacity=1.0, ori=0.0, pos=array([0., 0.]), rgb=UNKNOWN, text='What did you think about your partner\n .', units='pix', win=Window(...), wrapWidth=500)
7.0384 	EXP 	Created unnamed TextStim = TextStim(__class__=<class 'psychopy.visual.text.TextStim'>, alignHoriz=method-wrapper(...), alignText='center', alignVert=method-wrapper(...), anchorHoriz='center', anchorVert='center', antialias=True, autoLog=True, bold=False, color=array([1, 1, 1]), colorSpace='rgb', contrast=1.0, depth=0, flipHoriz=False, flipVert=False, font='', fontFiles=[], height=55, italic=False, languageStyle='LTR', name='unnamed TextStim', opacity=1.0, ori=0.0, pos=array([0., 0.]), rgb=UNKNOWN, text='What did you think about your partner\n . .', units='pix', win=Window(...), wrapWidth=500)
7.0452 	EXP 	Created unnamed TextStim = TextStim(__class__=<class 'psychopy.visual.text.TextStim'>, alignHoriz=method-wrapper(...), alignText='center', alignVert=method-wrapper(...), anchorHoriz='center', anchorVert='center', antialias=True, autoLog=True, bold=False, color=array([1, 1, 1]), colorSpace='rgb', contrast=1.0, depth=0, flipHoriz=False, flipVert=False, font='', fontFiles=[], height=55, italic=False, languageStyle='LTR', name='unnamed TextStim', opacity=1.0, ori=0.0, pos=array([0., 0.]), rgb=UNKNOWN, text='What did you think about your partner\n . . .', units='pix', win=Window(...), wrapWidth=500)
7.0549 	EXP 	Created unnamed TextStim = TextStim(__class__=<class 'psychopy.visual.text.TextStim'>, alignHoriz=method-wrapper(...), alignText='center', alignVert=method-wrapper(...), anchorHoriz='center', anchorVert='center', antialias=True, autoLog=True, bold=False, color=array([1, 1, 1]), colorSpace='rgb', contrast=1.0, depth=0, flipHoriz=False, flipVert=False, font='', fontFiles=[], height=55, italic=False, languageStyle='LTR', name='unnamed TextStim', opacity=1.0, ori=0.0, pos=array([0., 0.]), rgb=UNKNOWN, text=str(...), units='pix', win=Window(...), wrapWidth=500)
7.0551 	EXP 	window1: mouseVisible = True
7.0551 	EXP 	window1: mouseVisible = True
8.4523 	DATA 	Mouse: Left button down, pos=(945,222)
9.2595 	DATA 	Mouse:  Left button up, pos=(945,222)
9.4759 	DATA 	Mouse: Left button down, pos=(956,209)
10.2829 	DATA 	Mouse:  Left button up, pos=(956,209)
10.4905 	DATA 	Mouse: Left button down, pos=(956,209)
10.4915 	EXP 	Created unnamed ShapeStim = ShapeStim(__class__=<class 'psychopy.visual.shape.ShapeStim'>, autoDraw=False, autoLog=True, closeShape=False, color=method-wrapper(...), colorSpace='rgb', contrast=None, depth=0, fillColor=array([0, 0, 0]), fillColorSpace='rgb', fillRGB=UNKNOWN, interpolate=True, lineColor=array([1, 1, 1]), lineColorSpace='rgb', lineRGB=UNKNOWN, lineWidth=50, name='unnamed ShapeStim', opacity=0.5, ori=0.0, pos=array([  0., 100.]), size=array([1., 1.]), units='pix', vertices=ndarray(...), win=Window(...), windingRule=None)
10.4992 	EXP 	Created unnamed Circle = Circle(__class__=<class 'psychopy.visual.circle.Circle'>, autoDraw=False, autoLog=True, closeShape=True, color=method-wrapper(...), colorSpace='rgb', contrast=None, depth=0, fillColor=array([1, 1, 1]), fillColorSpace='rgb', fillRGB=UNKNOWN, interpolate=True, lineColor=array([0, 0, 0]), lineColorSpace='rgb', lineRGB=UNKNOWN, lineWidth=1.5, name='unnamed Circle', opacity=0.5, ori=0.0, pos=array([0., 0.]), size=array([1., 1.]), units='pix', vertices=ndarray(...), win=Window(...))
10.4999 	EXP 	Created unnamed Rect = Rect(__class__=<class 'psychopy.visual.rect.Rect'>, autoDraw=False, autoLog=True, closeShape=True, color=method-wrapper(...), colorSpace='rgb', contrast=None, depth=0, fillColor=array([0, 0, 0]), fillColorSpace='rgb', fillRGB=UNKNOWN, interpolate=True, lineColor=array([1, 1, 1]), lineColorSpace='rgb', lineRGB=UNKNOWN, lineWidth=1.5, name='unnamed Rect', opacity=0.5, ori=0.0, pos=array([210., 105.]), size=array([240., 240.]), units='pix', vertices=ndarray(...), win=Window(...))
10.5006 	EXP 	Created unnamed Rect = Rect(__class__=<class 'psychopy.visual.rect.Rect'>, autoDraw=False, autoLog=True, closeShape=True, color=method-wrapper(...), colorSpace='rgb', contrast=None, depth=0, fillColor=array([0, 0, 0]), fillColorSpace='rgb', fillRGB=UNKNOWN, interpolate=True, lineColor=array([1, 1, 1]), lineColorSpace='rgb', lineRGB=UNKNOWN, lineWidth=1.5, name='unnamed Rect', opacity=0.5, ori=0.0, pos=array([-210.,  105.]), size=array([240., 240.]), units='pix', vertices=ndarray(...), win=Window(...))
10.5013 	EXP 	Created unnamed ShapeStim = ShapeStim(__class__=<class 'psychopy.visual.shape.ShapeStim'>, autoDraw=False, autoLog=True, closeShape=False, color=method-wrapper(...), colorSpace='rgb', contrast=None, depth=0, fillColor=array([0, 0, 0]), fillColorSpace='rgb', fillRGB=UNKNOWN, interpolate=True, lineColor=array([0. , 0.8, 0.8]), lineColorSpace='rgb', lineRGB=UNKNOWN, lineWidth=8, name='unnamed ShapeStim', opacity=0.5, ori=0.0, pos=array([0., 0.]), size=array([1., 1.]), units='pix', vertices=array([[  0., -25.],
       [  0.,  25.]]), win=Window(...), windingRule=None)
10.5019 	EXP 	Created unnamed ShapeStim = ShapeStim(__class__=<class 'psychopy.visual.shape.ShapeStim'>, autoDraw=False, autoLog=True, closeShape=False, color=method-wrapper(...), colorSpace='rgb', contrast=None, depth=0, fillColor=array([0, 0, 0]), fillColorSpace='rgb', fillRGB=UNKNOWN, interpolate=True, lineColor=array([0, 0, 0]), lineColorSpace='rgb', lineRGB=UNKNOWN, lineWidth=8, name='unnamed ShapeStim', opacity=0, ori=0.0, pos=array([0., 0.]), size=array([1., 1.]), units='pix', vertices=array([[  0., -25.],
       [  0.,  25.]]), win=Window(...), windingRule=None)
10.5027 	EXP 	Created unnamed Rect = Rect(__class__=<class 'psychopy.visual.rect.Rect'>, autoDraw=False, autoLog=True, closeShape=True, color=method-wrapper(...), colorSpace='rgb', contrast=None, depth=0, fillColor=array([0, 0, 0]), fillColorSpace='rgb', fillRGB=UNKNOWN, interpolate=True, lineColor=array([1, 1, 1]), lineColorSpace='rgb', lineRGB=UNKNOWN, lineWidth=4, name='unnamed Rect', opacity=0.5, ori=0.0, pos=array([0., 0.]), size=array([20., 60.]), units='pix', vertices=ndarray(...), win=Window(...))
10.5034 	EXP 	Created unnamed Rect = Rect(__class__=<class 'psychopy.visual.rect.Rect'>, autoDraw=False, autoLog=True, closeShape=True, color=method-wrapper(...), colorSpace='rgb', contrast=None, depth=0, fillColor=array([1, 1, 1]), fillColorSpace='rgb', fillRGB=UNKNOWN, interpolate=True, lineColor=array([1, 1, 1]), lineColorSpace='rgb', lineRGB=UNKNOWN, lineWidth=1.5, name='unnamed Rect', opacity=0.6, ori=0.0, pos=array([0., 0.]), size=array([400.,  60.]), units='pix', vertices=ndarray(...), win=Window(...))
10.5035 	EXP 	window1: mouseVisible = False
11.3091 	DATA 	Mouse:  Left button up, pos=(956,209)
11.6312 	EXP 	unnamed Circle: pos = [100, 0]
11.6312 	EXP 	unnamed Circle: pos = [112, 0]
11.6312 	EXP 	unnamed Circle: pos = [136, 0]
11.6312 	EXP 	unnamed Circle: pos = [148, 0]
11.6312 	EXP 	unnamed Circle: pos = [172, 0]
11.6312 	EXP 	unnamed Circle: pos = [184, 0]
11.6312 	EXP 	unnamed Circle: pos = [220, 0]
11.6312 	EXP 	unnamed Circle: pos = [244, 0]
11.6312 	EXP 	unnamed Circle: pos = [256, 0]
11.6312 	EXP 	unnamed Circle: pos = [280, 0]
11.6312 	EXP 	unnamed Circle: pos = [304, 0]
11.6312 	EXP 	unnamed Circle: pos = [316, 0]
11.6312 	EXP 	unnamed Circle: pos = [100, 12]
11.6312 	EXP 	unnamed Circle: pos = [112, 12]
11.6312 	EXP 	unnamed Circle: pos = [124, 12]
11.6312 	EXP 	unnamed Circle: pos = [136, 12]
11.6312 	EXP 	unnamed Circle: pos = [148, 12]
11.6312 	EXP 	unnamed Circle: pos = [172, 12]
11.6312 	EXP 	unnamed Circle: pos = [208, 12]
11.6312 	EXP 	unnamed Circle: pos = [244, 12]
11.6312 	EXP 	unnamed Circle: pos = [256, 12]
11.6312 	EXP 	unnamed Circle: pos = [304, 12]
11.6312 	EXP 	unnamed Circle: pos = [316, 12]
11.6312 	EXP 	unnamed Circle: pos = [100, 24]
11.6312 	EXP 	unnamed Circle: pos = [112, 24]
11.6312 	EXP 	unnamed Circle: pos = [124, 24]
11.6312 	EXP 	unnamed Circle: pos = [136, 24]
11.6312 	EXP 	unnamed Circle: pos = [148, 24]
11.6312 	EXP 	unnamed Circle: pos = [160, 24]
11.6312 	EXP 	unnamed Circle: pos = [172, 24]
11.6312 	EXP 	unnamed Circle: pos = [184, 24]
11.6312 	EXP 	unnamed Circle: pos = [196, 24]
11.6312 	EXP 	unnamed Circle: pos = [220, 24]
11.6312 	EXP 	unnamed Circle: pos = [232, 24]
11.6312 	EXP 	unnamed Circle: pos = [268, 24]
11.6312 	EXP 	unnamed Circle: pos = [280, 24]
11.6312 	EXP 	unnamed Circle: pos = [100, 36]
11.6312 	EXP 	unnamed Circle: pos = [112, 36]
11.6312 	EXP 	unnamed Circle: pos = [124, 36]
11.6312 	EXP 	unnamed Circle: pos = [136, 36]
11.6312 	EXP 	unnamed Circle: pos = [148, 36]
11.6312 	EXP 	unnamed Circle: pos = [160, 36]
11.6312 	EXP 	unnamed Circle: pos = [172, 36]
11.6312 	EXP 	unnamed Circle: pos = [184, 36]
11.6312 	EXP 	unnamed Circle: pos = [208, 36]
11.6312 	EXP 	unnamed Circle: pos = [220, 36]
11.6312 	EXP 	unnamed Circle: pos = [244, 36]
11.6312 	EXP 	unnamed Circle: pos = [280, 36]
11.6312 	EXP 	unnamed Circle: pos = [304, 36]
11.6312 	EXP 	unnamed Circle: pos = [316, 36]
11.6312 	EXP 	unnamed Circle: pos = [100, 48]
11.6312 	EXP 	unnamed Circle: pos = [112, 48]
11.6312 	EXP 	unnamed Circle: pos = [136, 48]
11.6312 	EXP 	unnamed Circle: pos = [160, 48]
11.6312 	EXP 	unnamed Circle: pos = [184, 48]
11.6312 	EXP 	unnamed Circle: pos = [196, 48]
11.6312 	EXP 	unnamed Circle: pos = [208, 48]
11.6312 	EXP 	unnamed Circle: pos = [220, 48]
11.6312 	EXP 	unnamed Circle: pos = [244, 48]
11.6312 	EXP 	unnamed Circle: pos = [256, 48]
11.6312 	EXP 	unnamed Circle: pos = [268, 48]
11.6312 	EXP 	unnamed Circle: pos = [280, 48]
11.6312 	EXP 	unnamed Circle: pos = [292, 48]
11.6312 	EXP 	unnamed Circle: pos = [304, 48]
11.6312 	EXP 	unnamed Circle: pos = [316, 48]
11.6312 	EXP 	unnamed Circle: pos = [100, 60]
11.6312 	EXP 	unnamed Circle: pos = [124, 60]
11.6312 	EXP 	unnamed Circle: pos = [136, 60]
11.6312 	EXP 	unnamed Circle: pos = [148, 60]
11.6312 	EXP 	unnamed Circle: pos = [160, 60]
11.6312 	EXP 	unnamed Circle: pos = [172, 60]
11.6312 	EXP 	unnamed Circle: pos = [196, 60]
11.6312 	EXP 	unnamed Circle: pos = [220, 60]
11.6312 	EXP 	unnamed Circle: pos = [232, 60]
11.6312 	EXP 	unnamed Circle: pos = [244, 60]
11.6312 	EXP 	unnamed Circle: pos = [256, 60]
11.6312 	EXP 	unnamed Circle: pos = [268, 60]
11.6312 	EXP 	unnamed Circle: pos = [280, 60]
11.6312 	EXP 	unnamed Circle: pos = [292, 60]
11.6312 	EXP 	unnamed Circle: pos = [316, 60]
11.6312 	EXP 	unnamed Circle: pos = [112, 72]
11.6312 	EXP 	unnamed Circle: pos = [124, 72]
11.6312 	EXP 	unnamed Circle: pos = [160, 72]
11.6312 	EXP 	unnamed Circle: pos = [172, 72]
11.6312 	EXP 	unnamed Circle: pos = [184, 72]
11.6312 	EXP 	unnamed Circle: pos = [196, 72]
11.6312 	EXP 	unnamed Circle: pos = [256, 72]
11.6312 	EXP 	unnamed Circle: pos = [268, 72]
11.6312 	EXP 	unnamed Circle: pos = [280, 72]
11.6312 	EXP 	unnamed Circle: pos = [292, 72]
11.6312 	EXP 	unnamed Circle: pos = [304, 72]
11.6312 	EXP 	unnamed Circle: pos = [316, 72]
11.6312 	EXP 	unnamed Circle: pos = [112, 84]
11.6312 	EXP 	unnamed Circle: pos = [124, 84]
11.6312 	EXP 	unnamed Circle: pos = [148, 84]
11.6312 	EXP 	unnamed Circle: pos = [160, 84]
11.6312 	EXP 	unnamed Circle: pos = [244, 84]
11.6312 	EXP 	unnamed Circle: pos = [256, 84]
11.6312 	EXP 	unnamed Circle: pos = [280, 84]
11.6312 	EXP 	unnamed Circle: pos = [292, 84]
11.6312 	EXP 	unnamed Circle: pos = [304, 84]
11.6312 	EXP 	unnamed Circle: pos = [316, 84]
11.6312 	EXP 	unnamed Circle: pos = [100, 96]
11.6312 	EXP 	unnamed Circle: pos = [112, 96]
11.6312 	EXP 	unnamed Circle: pos = [124, 96]
11.6312 	EXP 	unnamed Circle: pos = [160, 96]
11.6312 	EXP 	unnamed Circle: pos = [184, 96]
11.6312 	EXP 	unnamed Circle: pos = [208, 96]
11.6312 	EXP 	unnamed Circle: pos = [232, 96]
11.6312 	EXP 	unnamed Circle: pos = [268, 96]
11.6312 	EXP 	unnamed Circle: pos = [280, 96]
11.6312 	EXP 	unnamed Circle: pos = [292, 96]
11.6312 	EXP 	unnamed Circle: pos = [304, 96]
11.6312 	EXP 	unnamed Circle: pos = [316, 96]
11.6312 	EXP 	unnamed Circle: pos = [112, 108]
11.6312 	EXP 	unnamed Circle: pos = [136, 108]
11.6312 	EXP 	unnamed Circle: pos = [148, 108]
11.6312 	EXP 	unnamed Circle: pos = [184, 108]
11.6312 	EXP 	unnamed Circle: pos = [196, 108]
11.6312 	EXP 	unnamed Circle: pos = [232, 108]
11.6312 	EXP 	unnamed Circle: pos = [244, 108]
11.6312 	EXP 	unnamed Circle: pos = [256, 108]
11.6312 	EXP 	unnamed Circle: pos = [268, 108]
11.6312 	EXP 	unnamed Circle: pos = [280, 108]
11.6312 	EXP 	unnamed Circle: pos = [292, 108]
11.6312 	EXP 	unnamed Circle: pos = [304, 108]
11.6312 	EXP 	unnamed Circle: pos = [316, 108]
11.6312 	EXP 	unnamed Circle: pos = [112, 120]
11.6312 	EXP 	unnamed Circle: pos = [124, 120]
11.6312 	EXP 	unnamed Circle: pos = [172, 120]
11.6312 	EXP 	unnamed Circle: pos = [184, 120]
11.6312 	EXP 	unnamed Circle: pos = [208, 120]
11.6312 	EXP 	unnamed Circle: pos = [220, 120]
11.6312 	EXP 	unnamed Circle: pos = [232, 120]
11.6312 	EXP 	unnamed Circle: pos = [244, 120]
11.6312 	EXP 	unnamed Circle: pos = [256, 120]
11.6312 	EXP 	unnamed Circle: pos = [268, 120]
11.6312 	EXP 	unnamed Circle: pos = [292, 120]
11.6312 	EXP 	unnamed Circle: pos = [304, 120]
11.6312 	EXP 	unnamed Circle: pos = [100, 132]
11.6312 	EXP 	unnamed Circle: pos = [112, 132]
11.6312 	EXP 	unnamed Circle: pos = [124, 132]
11.6312 	EXP 	unnamed Circle: pos = [136, 132]
11.6312 	EXP 	unnamed Circle: pos = [172, 132]
11.6312 	EXP 	unnamed Circle: pos = [184, 132]
11.6312 	EXP 	unnamed Circle: pos = [196, 132]
11.6312 	EXP 	unnamed Circle: pos = [208, 132]
11.6312 	EXP 	unnamed Circle: pos = [220, 132]
11.6312 	EXP 	unnamed Circle: pos = [232, 132]
11.6312 	EXP 	unnamed Circle: pos = [244, 132]
11.6312 	EXP 	unnamed Circle: pos = [256, 132]
11.6312 	EXP 	unnamed Circle: pos = [280, 132]
11.6312 	EXP 	unnamed Circle: pos = [292, 132]
11.6312 	EXP 	unnamed Circle: pos = [304, 132]
11.6312 	EXP 	unnamed Circle: pos = [316, 132]
11.6312 	EXP 	unnamed Circle: pos = [100, 144]
11.6312 	EXP 	unnamed Circle: pos = [112, 144]
11.6312 	EXP 	unnamed Circle: pos = [124, 144]
11.6312 	EXP 	unnamed Circle: pos = [148, 144]
11.6312 	EXP 	unnamed Circle: pos = [160, 144]
11.6312 	EXP 	unnamed Circle: pos = [172, 144]
11.6312 	EXP 	unnamed Circle: pos = [196, 144]
11.6312 	EXP 	unnamed Circle: pos = [220, 144]
11.6312 	EXP 	unnamed Circle: pos = [232, 144]
11.6312 	EXP 	unnamed Circle: pos = [244, 144]
11.6312 	EXP 	unnamed Circle: pos = [256, 144]
11.6312 	EXP 	unnamed Circle: pos = [304, 144]
11.6312 	EXP 	unnamed Circle: pos = [100, 156]
11.6312 	EXP 	unnamed Circle: pos = [136, 156]
11.6312 	EXP 	unnamed Circle: pos = [160, 156]
11.6312 	EXP 	unnamed Circle: pos = [172, 156]
11.6312 	EXP 	unnamed Circle: pos = [184, 156]
11.6312 	EXP 	unnamed Circle: pos = [196, 156]
11.6312 	EXP 	unnamed Circle: pos = [220, 156]
11.6312 	EXP 	unnamed Circle: pos = [232, 156]
11.6312 	EXP 	unnamed Circle: pos = [244, 156]
11.6312 	EXP 	unnamed Circle: pos = [256, 156]
11.6312 	EXP 	unnamed Circle: pos = [280, 156]
11.6312 	EXP 	unnamed Circle: pos = [292, 156]
11.6312 	EXP 	unnamed Circle: pos = [304, 156]
11.6312 	EXP 	unnamed Circle: pos = [112, 168]
11.6312 	EXP 	unnamed Circle: pos = [136, 168]
11.6312 	EXP 	unnamed Circle: pos = [160, 168]
11.6312 	EXP 	unnamed Circle: pos = [172, 168]
11.6312 	EXP 	unnamed Circle: pos = [196, 168]
11.6312 	EXP 	unnamed Circle: pos = [220, 168]
11.6312 	EXP 	unnamed Circle: pos = [232, 168]
11.6312 	EXP 	unnamed Circle: pos = [256, 168]
11.6312 	EXP 	unnamed Circle: pos = [268, 168]
11.6312 	EXP 	unnamed Circle: pos = [316, 168]
11.6312 	EXP 	unnamed Circle: pos = [100, 180]
11.6312 	EXP 	unnamed Circle: pos = [112, 180]
11.6312 	EXP 	unnamed Circle: pos = [124, 180]
11.6312 	EXP 	unnamed Circle: pos = [136, 180]
11.6312 	EXP 	unnamed Circle: pos = [172, 180]
11.6312 	EXP 	unnamed Circle: pos = [184, 180]
11.6312 	EXP 	unnamed Circle: pos = [196, 180]
11.6312 	EXP 	unnamed Circle: pos = [220, 180]
11.6312 	EXP 	unnamed Circle: pos = [232, 180]
11.6312 	EXP 	unnamed Circle: pos = [244, 180]
11.6312 	EXP 	unnamed Circle: pos = [256, 180]
11.6312 	EXP 	unnamed Circle: pos = [268, 180]
11.6312 	EXP 	unnamed Circle: pos = [280, 180]
11.6312 	EXP 	unnamed Circle: pos = [292, 180]
11.6312 	EXP 	unnamed Circle: pos = [304, 180]
11.6312 	EXP 	unnamed Circle: pos = [100, 192]
11.6312 	EXP 	unnamed Circle: pos = [124, 192]
11.6312 	EXP 	unnamed Circle: pos = [136, 192]
11.6312 	EXP 	unnamed Circle: pos = [148, 192]
11.6312 	EXP 	unnamed Circle: pos = [172, 192]
11.6312 	EXP 	unnamed Circle: pos = [184, 192]
11.6312 	EXP 	unnamed Circle: pos = [196, 192]
11.6312 	EXP 	unnamed Circle: pos = [220, 192]
11.6312 	EXP 	unnamed Circle: pos = [232, 192]
11.6312 	EXP 	unnamed Circle: pos = [280, 192]
11.6312 	EXP 	unnamed Circle: pos = [292, 192]
11.6312 	EXP 	unnamed Circle: pos = [304, 192]
11.6312 	EXP 	unnamed Circle: pos = [316, 192]
11.6312 	EXP 	unnamed Circle: pos = [124, 204]
11.6312 	EXP 	unnamed Circle: pos = [136, 204]
11.6312 	EXP 	unnamed Circle: pos = [148, 204]
11.6312 	EXP 	unnamed Circle: pos = [160, 204]
11.6312 	EXP 	unnamed Circle: pos = [184, 204]
11.6312 	EXP 	unnamed Circle: pos = [196, 204]
11.6312 	EXP 	unnamed Circle: pos = [220, 204]
11.6312 	EXP 	unnamed Circle: pos = [232, 204]
11.6312 	EXP 	unnamed Circle: pos = [244, 204]
11.6312 	EXP 	unnamed Circle: pos = [256, 204]
11.6312 	EXP 	unnamed Circle: pos = [280, 204]
11.6312 	EXP 	unnamed Circle: pos = [292, 204]
11.6312 	EXP 	unnamed Circle: pos = [316, 204]
11.6312 	EXP 	unnamed Circle: pos = [100, 216]
11.6312 	EXP 	unnamed Circle: pos = [136, 216]
11.6312 	EXP 	unnamed Circle: pos = [160, 216]
11.6312 	EXP 	unnamed Circle: pos = [172, 216]
11.6312 	EXP 	unnamed Circle: pos = [184, 216]
11.6312 	EXP 	unnamed Circle: pos = [196, 216]
11.6312 	EXP 	unnamed Circle: pos = [208, 216]
11.6312 	EXP 	unnamed Circle: pos = [220, 216]
11.6312 	EXP 	unnamed Circle: pos = [232, 216]
11.6312 	EXP 	unnamed Circle: pos = [268, 216]
11.6312 	EXP 	unnamed Circle: pos = [304, 216]
11.6312 	EXP 	unnamed Circle: pos = [-100, 0]
11.6312 	EXP 	unnamed Circle: pos = [-136, 0]
11.6312 	EXP 	unnamed Circle: pos = [-196, 0]
11.6312 	EXP 	unnamed Circle: pos = [-220, 0]
11.6312 	EXP 	unnamed Circle: pos = [-232, 0]
11.6312 	EXP 	unnamed Circle: pos = [-244, 0]
11.6312 	EXP 	unnamed Circle: pos = [-256, 0]
11.6312 	EXP 	unnamed Circle: pos = [-268, 0]
11.6312 	EXP 	unnamed Circle: pos = [-316, 0]
11.6312 	EXP 	unnamed Circle: pos = [-100, 12]
11.6312 	EXP 	unnamed Circle: pos = [-112, 12]
11.6312 	EXP 	unnamed Circle: pos = [-136, 12]
11.6312 	EXP 	unnamed Circle: pos = [-208, 12]
11.6312 	EXP 	unnamed Circle: pos = [-220, 12]
11.6312 	EXP 	unnamed Circle: pos = [-232, 12]
11.6312 	EXP 	unnamed Circle: pos = [-292, 12]
11.6312 	EXP 	unnamed Circle: pos = [-304, 12]
11.6312 	EXP 	unnamed Circle: pos = [-100, 24]
11.6312 	EXP 	unnamed Circle: pos = [-136, 24]
11.6312 	EXP 	unnamed Circle: pos = [-172, 24]
11.6312 	EXP 	unnamed Circle: pos = [-208, 24]
11.6312 	EXP 	unnamed Circle: pos = [-256, 24]
11.6312 	EXP 	unnamed Circle: pos = [-268, 24]
11.6312 	EXP 	unnamed Circle: pos = [-280, 24]
11.6312 	EXP 	unnamed Circle: pos = [-100, 36]
11.6312 	EXP 	unnamed Circle: pos = [-112, 36]
11.6312 	EXP 	unnamed Circle: pos = [-124, 36]
11.6312 	EXP 	unnamed Circle: pos = [-136, 36]
11.6312 	EXP 	unnamed Circle: pos = [-172, 36]
11.6312 	EXP 	unnamed Circle: pos = [-196, 36]
11.6312 	EXP 	unnamed Circle: pos = [-268, 36]
11.6312 	EXP 	unnamed Circle: pos = [-280, 36]
11.6312 	EXP 	unnamed Circle: pos = [-292, 36]
11.6312 	EXP 	unnamed Circle: pos = [-304, 36]
11.6312 	EXP 	unnamed Circle: pos = [-100, 48]
11.6312 	EXP 	unnamed Circle: pos = [-112, 48]
11.6312 	EXP 	unnamed Circle: pos = [-136, 48]
11.6312 	EXP 	unnamed Circle: pos = [-172, 48]
11.6312 	EXP 	unnamed Circle: pos = [-184, 48]
11.6312 	EXP 	unnamed Circle: pos = [-208, 48]
11.6312 	EXP 	unnamed Circle: pos = [-268, 48]
11.6312 	EXP 	unnamed Circle: pos = [-280, 48]
11.6312 	EXP 	unnamed Circle: pos = [-292, 48]
11.6312 	EXP 	unnamed Circle: pos = [-304, 48]
11.6312 	EXP 	unnamed Circle: pos = [-316, 48]
11.6312 	EXP 	unnamed Circle: pos = [-160, 60]
11.6312 	EXP 	unnamed Circle: pos = [-172, 60]
11.6312 	EXP 	unnamed Circle: pos = [-208, 60]
11.6312 	EXP 	unnamed Circle: pos = [-220, 60]
11.6312 	EXP 	unnamed Circle: pos = [-232, 60]
11.6312 	EXP 	unnamed Circle: pos = [-244, 60]
11.6312 	EXP 	unnamed Circle: pos = [-256, 60]
11.6312 	EXP 	unnamed Circle: pos = [-292, 60]
11.6312 	EXP 	unnamed Circle: pos = [-304, 60]
11.6312 	EXP 	unnamed Circle: pos = [-196, 72]
11.6312 	EXP 	unnamed Circle: pos = [-208, 72]
11.6312 	EXP 	unnamed Circle: pos = [-220, 72]
11.6312 	EXP 	unnamed Circle: pos = [-232, 72]
11.6312 	EXP 	unnamed Circle: pos = [-256, 72]
11.6312 	EXP 	unnamed Circle: pos = [-280, 72]
11.6312 	EXP 	unnamed Circle: pos = [-100, 84]
11.6312 	EXP 	unnamed Circle: pos = [-112, 84]
11.6312 	EXP 	unnamed Circle: pos = [-124, 84]
11.6312 	EXP 	unnamed Circle: pos = [-148, 84]
11.6312 	EXP 	unnamed Circle: pos = [-160, 84]
11.6312 	EXP 	unnamed Circle: pos = [-172, 84]
11.6312 	EXP 	unnamed Circle: pos = [-220, 84]
11.6312 	EXP 	unnamed Circle: pos = [-232, 84]
11.6312 	EXP 	unnamed Circle: pos = [-256, 84]
11.6312 	EXP 	unnamed Circle: pos = [-280, 84]
11.6312 	EXP 	unnamed Circle: pos = [-292, 84]
11.6312 	EXP 	unnamed Circle: pos = [-304, 84]
11.6312 	EXP 	unnamed Circle: pos = [-100, 96]
11.6312 	EXP 	unnamed Circle: pos = [-136, 96]
11.6312 	EXP 	unnamed Circle: pos = [-184, 96]
11.6312 	EXP 	unnamed Circle: pos = [-196, 96]
11.6312 	EXP 	unnamed Circle: pos = [-208, 96]
11.6312 	EXP 	unnamed Circle: pos = [-220, 96]
11.6312 	EXP 	unnamed Circle: pos = [-232, 96]
11.6312 	EXP 	unnamed Circle: pos = [-256, 96]
11.6312 	EXP 	unnamed Circle: pos = [-268, 96]
11.6312 	EXP 	unnamed Circle: pos = [-280, 96]
11.6312 	EXP 	unnamed Circle: pos = [-292, 96]
11.6312 	EXP 	unnamed Circle: pos = [-316, 96]
11.6312 	EXP 	unnamed Circle: pos = [-100, 108]
11.6312 	EXP 	unnamed Circle: pos = [-112, 108]
11.6312 	EXP 	unnamed Circle: pos = [-124, 108]
11.6312 	EXP 	unnamed Circle: pos = [-136, 108]
11.6312 	EXP 	unnamed Circle: pos = [-196, 108]
11.6312 	EXP 	unnamed Circle: pos = [-208, 108]
11.6312 	EXP 	unnamed Circle: pos = [-220, 108]
11.6312 	EXP 	unnamed Circle: pos = [-232, 108]
11.6312 	EXP 	unnamed Circle: pos = [-244, 108]
11.6312 	EXP 	unnamed Circle: pos = [-292, 108]
11.6312 	EXP 	unnamed Circle: pos = [-316, 108]
11.6312 	EXP 	unnamed Circle: pos = [-100, 120]
11.6312 	EXP 	unnamed Circle: pos = [-136, 120]
11.6312 	EXP 	unnamed Circle: pos = [-148, 120]
11.6312 	EXP 	unnamed Circle: pos = [-172, 120]
11.6312 	EXP 	unnamed Circle: pos = [-208, 120]
11.6312 	EXP 	unnamed Circle: pos = [-232, 120]
11.6312 	EXP 	unnamed Circle: pos = [-244, 120]
11.6312 	EXP 	unnamed Circle: pos = [-256, 120]
11.6312 	EXP 	unnamed Circle: pos = [-268, 120]
11.6312 	EXP 	unnamed Circle: pos = [-316, 120]
11.6312 	EXP 	unnamed Circle: pos = [-100, 132]
11.6312 	EXP 	unnamed Circle: pos = [-124, 132]
11.6312 	EXP 	unnamed Circle: pos = [-148, 132]
11.6312 	EXP 	unnamed Circle: pos = [-172, 132]
11.6312 	EXP 	unnamed Circle: pos = [-184, 132]
11.6312 	EXP 	unnamed Circle: pos = [-268, 132]
11.6312 	EXP 	unnamed Circle: pos = [-280, 132]
11.6312 	EXP 	unnamed Circle: pos = [-292, 132]
11.6312 	EXP 	unnamed Circle: pos = [-316, 132]
11.6312 	EXP 	unnamed Circle: pos = [-100, 144]
11.6312 	EXP 	unnamed Circle: pos = [-124, 144]
11.6312 	EXP 	unnamed Circle: pos = [-136, 144]
11.6312 	EXP 	unnamed Circle: pos = [-208, 144]
11.6312 	EXP 	unnamed Circle: pos = [-232, 144]
11.6312 	EXP 	unnamed Circle: pos = [-244, 144]
11.6312 	EXP 	unnamed Circle: pos = [-280, 144]
11.6312 	EXP 	unnamed Circle: pos = [-292, 144]
11.6312 	EXP 	unnamed Circle: pos = [-304, 144]
11.6312 	EXP 	unnamed Circle: pos = [-100, 156]
11.6312 	EXP 	unnamed Circle: pos = [-112, 156]
11.6312 	EXP 	unnamed Circle: pos = [-136, 156]
11.6312 	EXP 	unnamed Circle: pos = [-148, 156]
11.6312 	EXP 	unnamed Circle: pos = [-196, 156]
11.6312 	EXP 	unnamed Circle: pos = [-208, 156]
11.6312 	EXP 	unnamed Circle: pos = [-220, 156]
11.6312 	EXP 	unnamed Circle: pos = [-280, 156]
11.6312 	EXP 	unnamed Circle: pos = [-100, 168]
11.6312 	EXP 	unnamed Circle: pos = [-112, 168]
11.6312 	EXP 	unnamed Circle: pos = [-124, 168]
11.6312 	EXP 	unnamed Circle: pos = [-172, 168]
11.6312 	EXP 	unnamed Circle: pos = [-196, 168]
11.6312 	EXP 	unnamed Circle: pos = [-220, 168]
11.6312 	EXP 	unnamed Circle: pos = [-232, 168]
11.6312 	EXP 	unnamed Circle: pos = [-280, 168]
11.6312 	EXP 	unnamed Circle: pos = [-304, 168]
11.6312 	EXP 	unnamed Circle: pos = [-112, 180]
11.6312 	EXP 	unnamed Circle: pos = [-136, 180]
11.6312 	EXP 	unnamed Circle: pos = [-160, 180]
11.6312 	EXP 	unnamed Circle: pos = [-172, 180]
11.6312 	EXP 	unnamed Circle: pos = [-196, 180]
11.6312 	EXP 	unnamed Circle: pos = [-232, 180]
11.6312 	EXP 	unnamed Circle: pos = [-244, 180]
11.6312 	EXP 	unnamed Circle: pos = [-256, 180]
11.6312 	EXP 	unnamed Circle: pos = [-268, 180]
11.6312 	EXP 	unnamed Circle: pos = [-292, 180]
11.6312 	EXP 	unnamed Circle: pos = [-304, 180]
11.6312 	EXP 	unnamed Circle: pos = [-316, 180]
11.6312 	EXP 	unnamed Circle: pos = [-112, 192]
11.6312 	EXP 	unnamed Circle: pos = [-136, 192]
11.6312 	EXP 	unnamed Circle: pos = [-172, 192]
11.6312 	EXP 	unnamed Circle: pos = [-196, 192]
11.6312 	EXP 	unnamed Circle: pos = [-232, 192]
11.6312 	EXP 	unnamed Circle: pos = [-244, 192]
11.6312 	EXP 	unnamed Circle: pos = [-256, 192]
11.6312 	EXP 	unnamed Circle: pos = [-280, 192]
11.6312 	EXP 	unnamed Circle: pos = [-112, 204]
11.6312 	EXP 	unnamed Circle: pos = [-124, 204]
11.6312 	EXP 	unnamed Circle: pos = [-160, 204]
11.6312 	EXP 	unnamed Circle: pos = [-172, 204]
11.6312 	EXP 	unnamed Circle: pos = [-208, 204]
11.6312 	EXP 	unnamed Circle: pos = [-220, 204]
11.6312 	EXP 	unnamed Circle: pos = [-232, 204]
11.6312 	EXP 	unnamed Circle: pos = [-268, 204]
11.6312 	EXP 	unnamed Circle: pos = [-280, 204]
11.6312 	EXP 	unnamed Circle: pos = [-292, 204]
11.6312 	EXP 	unnamed Circle: pos = [-316, 204]
11.6312 	EXP 	unnamed Circle: pos = [-112, 216]
11.6312 	EXP 	unnamed Circle: pos = [-124, 216]
11.6312 	EXP 	unnamed Circle: pos = [-148, 216]
11.6312 	EXP 	unnamed Circle: pos = [-160, 216]
11.6312 	EXP 	unnamed Circle: pos = [-220, 216]
11.6312 	EXP 	unnamed Circle: pos = [-244, 216]
11.6312 	EXP 	unnamed Circle: pos = [-256, 216]
11.6312 	EXP 	unnamed Circle: pos = [-268, 216]
11.6312 	EXP 	unnamed Circle: pos = [-304, 216]
12.1512 	DATA 	Mouse: Left button down, pos=(956,209)
12.1558 	EXP 	unnamed Rect: lineWidth = 6
12.1558 	EXP 	unnamed Rect: pos = (200, -300)
12.4562 	DATA 	Mouse:  Left button up, pos=(956,209)
12.6565 	EXP 	Created unnamed ShapeStim = ShapeStim(__class__=<class 'psychopy.visual.shape.ShapeStim'>, autoDraw=False, autoLog=True, closeShape=False, color=method-wrapper(...), colorSpace='rgb', contrast=None, depth=0, fillColor=array([0, 0, 0]), fillColorSpace='rgb', fillRGB=UNKNOWN, interpolate=True, lineColor=array([1, 1, 1]), lineColorSpace='rgb', lineRGB=UNKNOWN, lineWidth=50, name='unnamed ShapeStim', opacity=0.5, ori=0.0, pos=array([  0., 100.]), size=array([1., 1.]), units='pix', vertices=ndarray(...), win=Window(...), windingRule=None)
12.6638 	EXP 	Created unnamed Circle = Circle(__class__=<class 'psychopy.visual.circle.Circle'>, autoDraw=False, autoLog=True, closeShape=True, color=method-wrapper(...), colorSpace='rgb', contrast=None, depth=0, fillColor=array([1, 1, 1]), fillColorSpace='rgb', fillRGB=UNKNOWN, interpolate=True, lineColor=array([0, 0, 0]), lineColorSpace='rgb', lineRGB=UNKNOWN, lineWidth=1.5, name='unnamed Circle', opacity=0.5, ori=0.0, pos=array([0., 0.]), size=array([1., 1.]), units='pix', vertices=ndarray(...), win=Window(...))
12.6646 	EXP 	Created unnamed Rect = Rect(__class__=<class 'psychopy.visual.rect.Rect'>, autoDraw=False, autoLog=True, closeShape=True, color=method-wrapper(...), colorSpace='rgb', contrast=None, depth=0, fillColor=array([0, 0, 0]), fillColorSpace='rgb', fillRGB=UNKNOWN, interpolate=True, lineColor=array([1, 1, 1]), lineColorSpace='rgb', lineRGB=UNKNOWN, lineWidth=1.5, name='unnamed Rect', opacity=0.5, ori=0.0, pos=array([210., 105.]), size=array([240., 240.]), units='pix', vertices=ndarray(...), win=Window(...))
12.6653 	EXP 	Created unnamed Rect = Rect(__class__=<class 'psychopy.visual.rect.Rect'>, autoDraw=False, autoLog=True, closeShape=True, color=method-wrapper(...), colorSpace='rgb', contrast=None, depth=0, fillColor=array([0, 0, 0]), fillColorSpace='rgb', fillRGB=UNKNOWN, interpolate=True, lineColor=array([1, 1, 1]), lineColorSpace='rgb', lineRGB=UNKNOWN, lineWidth=1.5, name='unnamed Rect', opacity=0.5, ori=0.0, pos=array([-210.,  105.]), size=array([240., 240.]), units='pix', vertices=ndarray(...), win=Window(...))
12.6660 	EXP 	Created unnamed ShapeStim = ShapeStim(__class__=<class 'psychopy.visual.shape.ShapeStim'>, autoDraw=False, autoLog=True, closeShape=False, color=method-wrapper(...), colorSpace='rgb', contrast=None, depth=0, fillColor=array([0, 0, 0]), fillColorSpace='rgb', fillRGB=UNKNOWN, interpolate=True, lineColor=array([0. , 0.8, 0.8]), lineColorSpace='rgb', lineRGB=UNKNOWN, lineWidth=8, name='unnamed ShapeStim', opacity=0.5, ori=0.0, pos=array([0., 0.]), size=array([1., 1.]), units='pix', vertices=array([[  0., -25.],
       [  0.,  25.]]), win=Window(...), windingRule=None)
12.6667 	EXP 	Created unnamed ShapeStim = ShapeStim(__class__=<class 'psychopy.visual.shape.ShapeStim'>, autoDraw=False, autoLog=True, closeShape=False, color=method-wrapper(...), colorSpace='rgb', contrast=None, depth=0, fillColor=array([0, 0, 0]), fillColorSpace='rgb', fillRGB=UNKNOWN, interpolate=True, lineColor=array([0, 0, 0]), lineColorSpace='rgb', lineRGB=UNKNOWN, lineWidth=8, name='unnamed ShapeStim', opacity=0, ori=0.0, pos=array([0., 0.]), size=array([1., 1.]), units='pix', vertices=array([[  0., -25.],
       [  0.,  25.]]), win=Window(...), windingRule=None)
12.6675 	EXP 	Created unnamed Rect = Rect(__class__=<class 'psychopy.visual.rect.Rect'>, autoDraw=False, autoLog=True, closeShape=True, color=method-wrapper(...), colorSpace='rgb', contrast=None, depth=0, fillColor=array([0, 0, 0]), fillColorSpace='rgb', fillRGB=UNKNOWN, interpolate=True, lineColor=array([1, 1, 1]), lineColorSpace='rgb', lineRGB=UNKNOWN, lineWidth=4, name='unnamed Rect', opacity=0.5, ori=0.0, pos=array([0., 0.]), size=array([20., 60.]), units='pix', vertices=ndarray(...), win=Window(...))
12.6689 	EXP 	Created unnamed Rect = Rect(__class__=<class 'psychopy.visual.rect.Rect'>, autoDraw=False, autoLog=True, closeShape=True, color=method-wrapper(...), colorSpace='rgb', contrast=None, depth=0, fillColor=array([1, 1, 1]), fillColorSpace='rgb', fillRGB=UNKNOWN, interpolate=True, lineColor=array([1, 1, 1]), lineColorSpace='rgb', lineRGB=UNKNOWN, lineWidth=1.5, name='unnamed Rect', opacity=0.6, ori=0.0, pos=array([0., 0.]), size=array([400.,  60.]), units='pix', vertices=ndarray(...), win=Window(...))
12.6690 	EXP 	window1: mouseVisible = False
13.7999 	EXP 	unnamed Circle: pos = [112, 0]
13.7999 	EXP 	unnamed Circle: pos = [124, 0]
13.7999 	EXP 	unnamed Circle: pos = [148, 0]
13.7999 	EXP 	unnamed Circle: pos = [160, 0]
13.7999 	EXP 	unnamed Circle: pos = [208, 0]
13.7999 	EXP 	unnamed Circle: pos = [256, 0]
13.7999 	EXP 	unnamed Circle: pos = [280, 0]
13.7999 	EXP 	unnamed Circle: pos = [112, 12]
13.7999 	EXP 	unnamed Circle: pos = [148, 12]
13.7999 	EXP 	unnamed Circle: pos = [160, 12]
13.7999 	EXP 	unnamed Circle: pos = [196, 12]
13.7999 	EXP 	unnamed Circle: pos = [208, 12]
13.7999 	EXP 	unnamed Circle: pos = [292, 12]
13.7999 	EXP 	unnamed Circle: pos = [100, 24]
13.7999 	EXP 	unnamed Circle: pos = [112, 24]
13.7999 	EXP 	unnamed Circle: pos = [124, 24]
13.7999 	EXP 	unnamed Circle: pos = [160, 24]
13.7999 	EXP 	unnamed Circle: pos = [196, 24]
13.7999 	EXP 	unnamed Circle: pos = [220, 24]
13.7999 	EXP 	unnamed Circle: pos = [232, 24]
13.7999 	EXP 	unnamed Circle: pos = [268, 24]
13.7999 	EXP 	unnamed Circle: pos = [280, 24]
13.7999 	EXP 	unnamed Circle: pos = [292, 24]
13.7999 	EXP 	unnamed Circle: pos = [304, 24]
13.7999 	EXP 	unnamed Circle: pos = [316, 24]
13.7999 	EXP 	unnamed Circle: pos = [100, 36]
13.7999 	EXP 	unnamed Circle: pos = [112, 36]
13.7999 	EXP 	unnamed Circle: pos = [124, 36]
13.7999 	EXP 	unnamed Circle: pos = [148, 36]
13.7999 	EXP 	unnamed Circle: pos = [160, 36]
13.7999 	EXP 	unnamed Circle: pos = [172, 36]
13.7999 	EXP 	unnamed Circle: pos = [220, 36]
13.7999 	EXP 	unnamed Circle: pos = [232, 36]
13.7999 	EXP 	unnamed Circle: pos = [292, 36]
13.7999 	EXP 	unnamed Circle: pos = [316, 36]
13.7999 	EXP 	unnamed Circle: pos = [124, 48]
13.7999 	EXP 	unnamed Circle: pos = [160, 48]
13.7999 	EXP 	unnamed Circle: pos = [172, 48]
13.7999 	EXP 	unnamed Circle: pos = [220, 48]
13.7999 	EXP 	unnamed Circle: pos = [232, 48]
13.7999 	EXP 	unnamed Circle: pos = [244, 48]
13.7999 	EXP 	unnamed Circle: pos = [280, 48]
13.7999 	EXP 	unnamed Circle: pos = [316, 48]
13.7999 	EXP 	unnamed Circle: pos = [100, 60]
13.7999 	EXP 	unnamed Circle: pos = [124, 60]
13.7999 	EXP 	unnamed Circle: pos = [160, 60]
13.7999 	EXP 	unnamed Circle: pos = [196, 60]
13.7999 	EXP 	unnamed Circle: pos = [220, 60]
13.7999 	EXP 	unnamed Circle: pos = [256, 60]
13.7999 	EXP 	unnamed Circle: pos = [268, 60]
13.7999 	EXP 	unnamed Circle: pos = [280, 60]
13.7999 	EXP 	unnamed Circle: pos = [292, 60]
13.7999 	EXP 	unnamed Circle: pos = [304, 60]
13.7999 	EXP 	unnamed Circle: pos = [316, 60]
13.7999 	EXP 	unnamed Circle: pos = [100, 72]
13.7999 	EXP 	unnamed Circle: pos = [112, 72]
13.7999 	EXP 	unnamed Circle: pos = [124, 72]
13.7999 	EXP 	unnamed Circle: pos = [148, 72]
13.7999 	EXP 	unnamed Circle: pos = [184, 72]
13.7999 	EXP 	unnamed Circle: pos = [220, 72]
13.7999 	EXP 	unnamed Circle: pos = [256, 72]
13.7999 	EXP 	unnamed Circle: pos = [280, 72]
13.7999 	EXP 	unnamed Circle: pos = [292, 72]
13.7999 	EXP 	unnamed Circle: pos = [304, 72]
13.7999 	EXP 	unnamed Circle: pos = [316, 72]
13.7999 	EXP 	unnamed Circle: pos = [100, 84]
13.7999 	EXP 	unnamed Circle: pos = [112, 84]
13.7999 	EXP 	unnamed Circle: pos = [124, 84]
13.7999 	EXP 	unnamed Circle: pos = [148, 84]
13.7999 	EXP 	unnamed Circle: pos = [184, 84]
13.7999 	EXP 	unnamed Circle: pos = [196, 84]
13.7999 	EXP 	unnamed Circle: pos = [208, 84]
13.7999 	EXP 	unnamed Circle: pos = [232, 84]
13.7999 	EXP 	unnamed Circle: pos = [244, 84]
13.7999 	EXP 	unnamed Circle: pos = [256, 84]
13.7999 	EXP 	unnamed Circle: pos = [268, 84]
13.7999 	EXP 	unnamed Circle: pos = [292, 84]
13.7999 	EXP 	unnamed Circle: pos = [316, 84]
13.7999 	EXP 	unnamed Circle: pos = [112, 96]
13.7999 	EXP 	unnamed Circle: pos = [136, 96]
13.7999 	EXP 	unnamed Circle: pos = [148, 96]
13.7999 	EXP 	unnamed Circle: pos = [184, 96]
13.7999 	EXP 	unnamed Circle: pos = [208, 96]
13.7999 	EXP 	unnamed Circle: pos = [220, 96]
13.7999 	EXP 	unnamed Circle: pos = [232, 96]
13.7999 	EXP 	unnamed Circle: pos = [244, 96]
13.7999 	EXP 	unnamed Circle: pos = [256, 96]
13.7999 	EXP 	unnamed Circle: pos = [268, 96]
13.7999 	EXP 	unnamed Circle: pos = [280, 96]
13.7999 	EXP 	unnamed Circle: pos = [292, 96]
13.7999 	EXP 	unnamed Circle: pos = [304, 96]
13.7999 	EXP 	unnamed Circle: pos = [100, 108]
13.7999 	EXP 	unnamed Circle: pos = [172, 108]
13.7999 	EXP 	unnamed Circle: pos = [208, 108]
13.7999 	EXP 	unnamed Circle: pos = [268, 108]
13.7999 	EXP 	unnamed Circle: pos = [124, 120]
13.7999 	EXP 	unnamed Circle: pos = [136, 120]
13.7999 	EXP 	unnamed Circle: pos = [148, 120]
13.7999 	EXP 	unnamed Circle: pos = [184, 120]
13.7999 	EXP 	unnamed Circle: pos = [196, 120]
13.7999 	EXP 	unnamed Circle: pos = [220, 120]
13.7999 	EXP 	unnamed Circle: pos = [256, 120]
13.7999 	EXP 	unnamed Circle: pos = [316, 120]
13.7999 	EXP 	unnamed Circle: pos = [100, 132]
13.7999 	EXP 	unnamed Circle: pos = [136, 132]
13.7999 	EXP 	unnamed Circle: pos = [160, 132]
13.7999 	EXP 	unnamed Circle: pos = [196, 132]
13.7999 	EXP 	unnamed Circle: pos = [208, 132]
13.7999 	EXP 	unnamed Circle: pos = [232, 132]
13.7999 	EXP 	unnamed Circle: pos = [244, 132]
13.7999 	EXP 	unnamed Circle: pos = [256, 132]
13.7999 	EXP 	unnamed Circle: pos = [268, 132]
13.7999 	EXP 	unnamed Circle: pos = [292, 132]
13.7999 	EXP 	unnamed Circle: pos = [316, 132]
13.7999 	EXP 	unnamed Circle: pos = [136, 144]
13.7999 	EXP 	unnamed Circle: pos = [160, 144]
13.7999 	EXP 	unnamed Circle: pos = [184, 144]
13.7999 	EXP 	unnamed Circle: pos = [232, 144]
13.7999 	EXP 	unnamed Circle: pos = [244, 144]
13.7999 	EXP 	unnamed Circle: pos = [256, 144]
13.7999 	EXP 	unnamed Circle: pos = [280, 144]
13.7999 	EXP 	unnamed Circle: pos = [292, 144]
13.7999 	EXP 	unnamed Circle: pos = [100, 156]
13.7999 	EXP 	unnamed Circle: pos = [112, 156]
13.7999 	EXP 	unnamed Circle: pos = [124, 156]
13.7999 	EXP 	unnamed Circle: pos = [160, 156]
13.7999 	EXP 	unnamed Circle: pos = [220, 156]
13.7999 	EXP 	unnamed Circle: pos = [244, 156]
13.7999 	EXP 	unnamed Circle: pos = [268, 156]
13.7999 	EXP 	unnamed Circle: pos = [280, 156]
13.7999 	EXP 	unnamed Circle: pos = [292, 156]
13.7999 	EXP 	unnamed Circle: pos = [304, 156]
13.7999 	EXP 	unnamed Circle: pos = [100, 168]
13.7999 	EXP 	unnamed Circle: pos = [124, 168]
13.7999 	EXP 	unnamed Circle: pos = [136, 168]
13.7999 	EXP 	unnamed Circle: pos = [148, 168]
13.7999 	EXP 	unnamed Circle: pos = [172, 168]
13.7999 	EXP 	unnamed Circle: pos = [184, 168]
13.7999 	EXP 	unnamed Circle: pos = [196, 168]
13.7999 	EXP 	unnamed Circle: pos = [220, 168]
13.7999 	EXP 	unnamed Circle: pos = [244, 168]
13.7999 	EXP 	unnamed Circle: pos = [256, 168]
13.7999 	EXP 	unnamed Circle: pos = [268, 168]
13.7999 	EXP 	unnamed Circle: pos = [304, 168]
13.7999 	EXP 	unnamed Circle: pos = [112, 180]
13.7999 	EXP 	unnamed Circle: pos = [160, 180]
13.7999 	EXP 	unnamed Circle: pos = [184, 180]
13.7999 	EXP 	unnamed Circle: pos = [208, 180]
13.7999 	EXP 	unnamed Circle: pos = [232, 180]
13.7999 	EXP 	unnamed Circle: pos = [268, 180]
13.7999 	EXP 	unnamed Circle: pos = [280, 180]
13.7999 	EXP 	unnamed Circle: pos = [316, 180]
13.7999 	EXP 	unnamed Circle: pos = [100, 192]
13.7999 	EXP 	unnamed Circle: pos = [112, 192]
13.7999 	EXP 	unnamed Circle: pos = [124, 192]
13.7999 	EXP 	unnamed Circle: pos = [148, 192]
13.7999 	EXP 	unnamed Circle: pos = [160, 192]
13.7999 	EXP 	unnamed Circle: pos = [172, 192]
13.7999 	EXP 	unnamed Circle: pos = [184, 192]
13.7999 	EXP 	unnamed Circle: pos = [208, 192]
13.7999 	EXP 	unnamed Circle: pos = [220, 192]
13.7999 	EXP 	unnamed Circle: pos = [232, 192]
13.7999 	EXP 	unnamed Circle: pos = [268, 192]
13.7999 	EXP 	unnamed Circle: pos = [292, 192]
13.7999 	EXP 	unnamed Circle: pos = [316, 192]
13.7999 	EXP 	unnamed Circle: pos = [100, 204]
13.7999 	EXP 	unnamed Circle: pos = [112, 204]
13.7999 	EXP 	unnamed Circle: pos = [160, 204]
13.7999 	EXP 	unnamed Circle: pos = [172, 204]
13.7999 	EXP 	unnamed Circle: pos = [184, 204]
13.7999 	EXP 	unnamed Circle: pos = [232, 204]
13.7999 	EXP 	unnamed Circle: pos = [244, 204]
13.7999 	EXP 	unnamed Circle: pos = [268, 204]
13.7999 	EXP 	unnamed Circle: pos = [316, 204]
13.7999 	EXP 	unnamed Circle: pos = [148, 216]
13.7999 	EXP 	unnamed Circle: pos = [196, 216]
13.7999 	EXP 	unnamed Circle: pos = [232, 216]
13.7999 	EXP 	unnamed Circle: pos = [244, 216]
13.7999 	EXP 	unnamed Circle: pos = [256, 216]
13.7999 	EXP 	unnamed Circle: pos = [316, 216]
13.7999 	EXP 	unnamed Circle: pos = [-100, 0]
13.7999 	EXP 	unnamed Circle: pos = [-112, 0]
13.7999 	EXP 	unnamed Circle: pos = [-124, 0]
13.7999 	EXP 	unnamed Circle: pos = [-136, 0]
13.7999 	EXP 	unnamed Circle: pos = [-160, 0]
13.7999 	EXP 	unnamed Circle: pos = [-172, 0]
13.7999 	EXP 	unnamed Circle: pos = [-196, 0]
13.7999 	EXP 	unnamed Circle: pos = [-208, 0]
13.7999 	EXP 	unnamed Circle: pos = [-220, 0]
13.7999 	EXP 	unnamed Circle: pos = [-232, 0]
13.7999 	EXP 	unnamed Circle: pos = [-244, 0]
13.7999 	EXP 	unnamed Circle: pos = [-256, 0]
13.7999 	EXP 	unnamed Circle: pos = [-268, 0]
13.7999 	EXP 	unnamed Circle: pos = [-304, 0]
13.7999 	EXP 	unnamed Circle: pos = [-316, 0]
13.7999 	EXP 	unnamed Circle: pos = [-100, 12]
13.7999 	EXP 	unnamed Circle: pos = [-124, 12]
13.7999 	EXP 	unnamed Circle: pos = [-148, 12]
13.7999 	EXP 	unnamed Circle: pos = [-160, 12]
13.7999 	EXP 	unnamed Circle: pos = [-196, 12]
13.7999 	EXP 	unnamed Circle: pos = [-208, 12]
13.7999 	EXP 	unnamed Circle: pos = [-220, 12]
13.7999 	EXP 	unnamed Circle: pos = [-232, 12]
13.7999 	EXP 	unnamed Circle: pos = [-244, 12]
13.7999 	EXP 	unnamed Circle: pos = [-268, 12]
13.7999 	EXP 	unnamed Circle: pos = [-280, 12]
13.7999 	EXP 	unnamed Circle: pos = [-292, 12]
13.7999 	EXP 	unnamed Circle: pos = [-304, 12]
13.7999 	EXP 	unnamed Circle: pos = [-316, 12]
13.7999 	EXP 	unnamed Circle: pos = [-100, 24]
13.7999 	EXP 	unnamed Circle: pos = [-124, 24]
13.7999 	EXP 	unnamed Circle: pos = [-136, 24]
13.7999 	EXP 	unnamed Circle: pos = [-148, 24]
13.7999 	EXP 	unnamed Circle: pos = [-160, 24]
13.7999 	EXP 	unnamed Circle: pos = [-184, 24]
13.7999 	EXP 	unnamed Circle: pos = [-196, 24]
13.7999 	EXP 	unnamed Circle: pos = [-220, 24]
13.7999 	EXP 	unnamed Circle: pos = [-232, 24]
13.7999 	EXP 	unnamed Circle: pos = [-244, 24]
13.7999 	EXP 	unnamed Circle: pos = [-256, 24]
13.7999 	EXP 	unnamed Circle: pos = [-268, 24]
13.7999 	EXP 	unnamed Circle: pos = [-316, 24]
13.7999 	EXP 	unnamed Circle: pos = [-100, 36]
13.7999 	EXP 	unnamed Circle: pos = [-112, 36]
13.7999 	EXP 	unnamed Circle: pos = [-136, 36]
13.7999 	EXP 	unnamed Circle: pos = [-160, 36]
13.7999 	EXP 	unnamed Circle: pos = [-172, 36]
13.7999 	EXP 	unnamed Circle: pos = [-196, 36]
13.7999 	EXP 	unnamed Circle: pos = [-208, 36]
13.7999 	EXP 	unnamed Circle: pos = [-220, 36]
13.7999 	EXP 	unnamed Circle: pos = [-244, 36]
13.7999 	EXP 	unnamed Circle: pos = [-256, 36]
13.7999 	EXP 	unnamed Circle: pos = [-280, 36]
13.7999 	EXP 	unnamed Circle: pos = [-292, 36]
13.7999 	EXP 	unnamed Circle: pos = [-304, 36]
13.7999 	EXP 	unnamed Circle: pos = [-316, 36]
13.7999 	EXP 	unnamed Circle: pos = [-100, 48]
13.7999 	EXP 	unnamed Circle: pos = [-112, 48]
13.7999 	EXP 	unnamed Circle: pos = [-136, 48]
13.7999 	EXP 	unnamed Circle: pos = [-148, 48]
13.7999 	EXP 	unnamed Circle: pos = [-160, 48]
13.7999 	EXP 	unnamed Circle: pos = [-184, 48]
13.7999 	EXP 	unnamed Circle: pos = [-196, 48]
13.7999 	EXP 	unnamed Circle: pos = [-208, 48]
13.7999 	EXP 	unnamed Circle: pos = [-220, 48]
13.7999 	EXP 	unnamed Circle: pos = [-232, 48]
13.7999 	EXP 	unnamed Circle: pos = [-268, 48]
13.7999 	EXP 	unnamed Circle: pos = [-280, 48]
13.7999 	EXP 	unnamed Circle: pos = [-292, 48]
13.7999 	EXP 	unnamed Circle: pos = [-304, 48]
13.7999 	EXP 	unnamed Circle: pos = [-316, 48]
13.7999 	EXP 	unnamed Circle: pos = [-124, 60]
13.7999 	EXP 	unnamed Circle: pos = [-136, 60]
13.7999 	EXP 	unnamed Circle: pos = [-148, 60]
13.7999 	EXP 	unnamed Circle: pos = [-160, 60]
13.7999 	EXP 	unnamed Circle: pos = [-172, 60]
13.7999 	EXP 	unnamed Circle: pos = [-184, 60]
13.7999 	EXP 	unnamed Circle: pos = [-196, 60]
13.7999 	EXP 	unnamed Circle: pos = [-208, 60]
13.7999 	EXP 	unnamed Circle: pos = [-232, 60]
13.7999 	EXP 	unnamed Circle: pos = [-244, 60]
13.7999 	EXP 	unnamed Circle: pos = [-256, 60]
13.7999 	EXP 	unnamed Circle: pos = [-268, 60]
13.7999 	EXP 	unnamed Circle: pos = [-280, 60]
13.7999 	EXP 	unnamed Circle: pos = [-304, 60]
13.7999 	EXP 	unnamed Circle: pos = [-316, 60]
13.7999 	EXP 	unnamed Circle: pos = [-100, 72]
13.7999 	EXP 	unnamed Circle: pos = [-136, 72]
13.7999 	EXP 	unnamed Circle: pos = [-148, 72]
13.7999 	EXP 	unnamed Circle: pos = [-160, 72]
13.7999 	EXP 	unnamed Circle: pos = [-184, 72]
13.7999 	EXP 	unnamed Circle: pos = [-196, 72]
13.7999 	EXP 	unnamed Circle: pos = [-220, 72]
13.7999 	EXP 	unnamed Circle: pos = [-232, 72]
13.7999 	EXP 	unnamed Circle: pos = [-244, 72]
13.7999 	EXP 	unnamed Circle: pos = [-256, 72]
13.7999 	EXP 	unnamed Circle: pos = [-268, 72]
13.7999 	EXP 	unnamed Circle: pos = [-280, 72]
13.7999 	EXP 	unnamed Circle: pos = [-292, 72]
13.7999 	EXP 	unnamed Circle: pos = [-316, 72]
13.7999 	EXP 	unnamed Circle: pos = [-100, 84]
13.7999 	EXP 	unnamed Circle: pos = [-112, 84]
13.7999 	EXP 	unnamed Circle: pos = [-124, 84]
13.7999 	EXP 	unnamed Circle: pos = [-136, 84]
13.7999 	EXP 	unnamed Circle: pos = [-148, 84]
13.7999 	EXP 	unnamed Circle: pos = [-160, 84]
13.7999 	EXP 	unnamed Circle: pos = [-172, 84]
13.7999 	EXP 	unnamed Circle: pos = [-196, 84]
13.7999 	EXP 	unnamed Circle: pos = [-208, 84]
13.7999 	EXP 	unnamed Circle: pos = [-220, 84]
13.7999 	EXP 	unnamed Circle: pos = [-232, 84]
13.7999 	EXP 	unnamed Circle: pos = [-256, 84]
13.7999 	EXP 	unnamed Circle: pos = [-268, 84]
13.7999 	EXP 	unnamed Circle: pos = [-280, 84]
13.7999 	EXP 	unnamed Circle: pos = [-292, 84]
13.7999 	EXP 	unnamed Circle: pos = [-316, 84]
13.7999 	EXP 	unnamed Circle: pos = [-100, 96]
13.7999 	EXP 	unnamed Circle: pos = [-136, 96]
13.7999 	EXP 	unnamed Circle: pos = [-148, 96]
13.7999 	EXP 	unnamed Circle: pos = [-160, 96]
13.7999 	EXP 	unnamed Circle: pos = [-184, 96]
13.7999 	EXP 	unnamed Circle: pos = [-196, 96]
13.7999 	EXP 	unnamed Circle: pos = [-220, 96]
13.7999 	EXP 	unnamed Circle: pos = [-244, 96]
13.7999 	EXP 	unnamed Circle: pos = [-268, 96]
13.7999 	EXP 	unnamed Circle: pos = [-280, 96]
13.7999 	EXP 	unnamed Circle: pos = [-304, 96]
13.7999 	EXP 	unnamed Circle: pos = [-316, 96]
13.7999 	EXP 	unnamed Circle: pos = [-100, 108]
13.7999 	EXP 	unnamed Circle: pos = [-112, 108]
13.7999 	EXP 	unnamed Circle: pos = [-148, 108]
13.7999 	EXP 	unnamed Circle: pos = [-160, 108]
13.7999 	EXP 	unnamed Circle: pos = [-184, 108]
13.7999 	EXP 	unnamed Circle: pos = [-196, 108]
13.7999 	EXP 	unnamed Circle: pos = [-208, 108]
13.7999 	EXP 	unnamed Circle: pos = [-220, 108]
13.7999 	EXP 	unnamed Circle: pos = [-244, 108]
13.7999 	EXP 	unnamed Circle: pos = [-256, 108]
13.7999 	EXP 	unnamed Circle: pos = [-268, 108]
13.7999 	EXP 	unnamed Circle: pos = [-316, 108]
13.7999 	EXP 	unnamed Circle: pos = [-112, 120]
13.7999 	EXP 	unnamed Circle: pos = [-124, 120]
13.7999 	EXP 	unnamed Circle: pos = [-136, 120]
13.7999 	EXP 	unnamed Circle: pos = [-160, 120]
13.7999 	EXP 	unnamed Circle: pos = [-172, 120]
13.7999 	EXP 	unnamed Circle: pos = [-184, 120]
13.7999 	EXP 	unnamed Circle: pos = [-196, 120]
13.7999 	EXP 	unnamed Circle: pos = [-220, 120]
13.7999 	EXP 	unnamed Circle: pos = [-232, 120]
13.7999 	EXP 	unnamed Circle: pos = [-244, 120]
13.7999 	EXP 	unnamed Circle: pos = [-256, 120]
13.7999 	EXP 	unnamed Circle: pos = [-268, 120]
13.7999 	EXP 	unnamed Circle: pos = [-280, 120]
13.7999 	EXP 	unnamed Circle: pos = [-292, 120]
13.7999 	EXP 	unnamed Circle: pos = [-304, 120]
13.7999 	EXP 	unnamed Circle: pos = [-316, 120]
13.7999 	EXP 	unnamed Circle: pos = [-100, 132]
13.7999 	EXP 	unnamed Circle: pos = [-112, 132]
13.7999 	EXP 	unnamed Circle: pos = [-124, 132]
13.7999 	EXP 	unnamed Circle: pos = [-136, 132]
13.7999 	EXP 	unnamed Circle: pos = [-172, 132]
13.7999 	EXP 	unnamed Circle: pos = [-184, 132]
13.7999 	EXP 	unnamed Circle: pos = [-208, 132]
13.7999 	EXP 	unnamed Circle: pos = [-220, 132]
13.7999 	EXP 	unnamed Circle: pos = [-232, 132]
13.7999 	EXP 	unnamed Circle: pos = [-244, 132]
13.7999 	EXP 	unnamed Circle: pos = [-256, 132]
13.7999 	EXP 	unnamed Circle: pos = [-304, 132]
13.7999 	EXP 	unnamed Circle: pos = [-316, 132]
13.7999 	EXP 	unnamed Circle: pos = [-100, 144]
13.7999 	EXP 	unnamed Circle: pos = [-112, 144]
13.7999 	EXP 	unnamed Circle: pos = [-124, 144]
13.7999 	EXP 	unnamed Circle: pos = [-136, 144]
13.7999 	EXP 	unnamed Circle: pos = [-148, 144]
13.7999 	EXP 	unnamed Circle: pos = [-160, 144]
13.7999 	EXP 	unnamed Circle: pos = [-172, 144]
13.7999 	EXP 	unnamed Circle: pos = [-184, 144]
13.7999 	EXP 	unnamed Circle: pos = [-208, 144]
13.7999 	EXP 	unnamed Circle: pos = [-232, 144]
13.7999 	EXP 	unnamed Circle: pos = [-244, 144]
13.7999 	EXP 	unnamed Circle: pos = [-256, 144]
13.7999 	EXP 	unnamed Circle: pos = [-268, 144]
13.7999 	EXP 	unnamed Circle: pos = [-292, 144]
13.7999 	EXP 	unnamed Circle: pos = [-304, 144]
13.7999 	EXP 	unnamed Circle: pos = [-316, 144]
13.7999 	EXP 	unnamed Circle: pos = [-100, 156]
13.7999 	EXP 	unnamed Circle: pos = [-112, 156]
13.7999 	EXP 	unnamed Circle: pos = [-124, 156]
13.7999 	EXP 	unnamed Circle: pos = [-148, 156]
13.7999 	EXP 	unnamed Circle: pos = [-160, 156]
13.7999 	EXP 	unnamed Circle: pos = [-184, 156]
13.7999 	EXP 	unnamed Circle: pos = [-208, 156]
13.7999 	EXP 	unnamed Circle: pos = [-220, 156]
13.7999 	EXP 	unnamed Circle: pos = [-232, 156]
13.7999 	EXP 	unnamed Circle: pos = [-244, 156]
13.7999 	EXP 	unnamed Circle: pos = [-256, 156]
13.7999 	EXP 	unnamed Circle: pos = [-268, 156]
13.7999 	EXP 	unnamed Circle: pos = [-280, 156]
13.7999 	EXP 	unnamed Circle: pos = [-304, 156]
13.7999 	EXP 	unnamed Circle: pos = [-100, 168]
13.7999 	EXP 	unnamed Circle: pos = [-124, 168]
13.7999 	EXP 	unnamed Circle: pos = [-136, 168]
13.7999 	EXP 	unnamed Circle: pos = [-148, 168]
13.7999 	EXP 	unnamed Circle: pos = [-172, 168]
13.7999 	EXP 	unnamed Circle: pos = [-184, 168]
13.7999 	EXP 	unnamed Circle: pos = [-196, 168]
13.7999 	EXP 	unnamed Circle: pos = [-220, 168]
13.7999 	EXP 	unnamed Circle: pos = [-232, 168]
13.7999 	EXP 	unnamed Circle: pos = [-256, 168]
13.7999 	EXP 	unnamed Circle: pos = [-268, 168]
13.7999 	EXP 	unnamed Circle: pos = [-292, 168]
13.7999 	EXP 	unnamed Circle: pos = [-304, 168]
13.7999 	EXP 	unnamed Circle: pos = [-316, 168]
13.7999 	EXP 	unnamed Circle: pos = [-112, 180]
13.7999 	EXP 	unnamed Circle: pos = [-136, 180]
13.7999 	EXP 	unnamed Circle: pos = [-148, 180]
13.7999 	EXP 	unnamed Circle: pos = [-160, 180]
13.7999 	EXP 	unnamed Circle: pos = [-172, 180]
13.7999 	EXP 	unnamed Circle: pos = [-196, 180]
13.7999 	EXP 	unnamed Circle: pos = [-208, 180]
13.7999 	EXP 	unnamed Circle: pos = [-220, 180]
13.7999 	EXP 	unnamed Circle: pos = [-232, 180]
13.7999 	EXP 	unnamed Circle: pos = [-244, 180]
13.7999 	EXP 	unnamed Circle: pos = [-256, 180]
13.7999 	EXP 	unnamed Circle: pos = [-280, 180]
13.7999 	EXP 	unnamed Circle: pos = [-292, 180]
13.7999 	EXP 	unnamed Circle: pos = [-304, 180]
13.7999 	EXP 	unnamed Circle: pos = [-316, 180]
13.7999 	EXP 	unnamed Circle: pos = [-100, 192]
13.7999 	EXP 	unnamed Circle: pos = [-112, 192]
13.7999 	EXP 	unnamed Circle: pos = [-124, 192]
13.7999 	EXP 	unnamed Circle: pos = [-136, 192]
13.7999 	EXP 	unnamed Circle: pos = [-148, 192]
13.7999 	EXP 	unnamed Circle: pos = [-172, 192]
13.7999 	EXP 	unnamed Circle: pos = [-196, 192]
13.7999 	EXP 	unnamed Circle: pos = [-220, 192]
13.7999 	EXP 	unnamed Circle: pos = [-256, 192]
13.7999 	EXP 	unnamed Circle: pos = [-280, 192]
13.7999 	EXP 	unnamed Circle: pos = [-292, 192]
13.7999 	EXP 	unnamed Circle: pos = [-304, 192]
13.7999 	EXP 	unnamed Circle: pos = [-316, 192]
13.7999 	EXP 	unnamed Circle: pos = [-100, 204]
13.7999 	EXP 	unnamed Circle: pos = [-112, 204]
13.7999 	EXP 	unnamed Circle: pos = [-136, 204]
13.7999 	EXP 	unnamed Circle: pos = [-160, 204]
13.7999 	EXP 	unnamed Circle: pos = [-184, 204]
13.7999 	EXP 	unnamed Circle: pos = [-208, 204]
13.7999 	EXP 	unnamed Circle: pos = [-220, 204]
13.7999 	EXP 	unnamed Circle: pos = [-232, 204]
13.7999 	EXP 	unnamed Circle: pos = [-244, 204]
13.7999 	EXP 	unnamed Circle: pos = [-256, 204]
13.7999 	EXP 	unnamed Circle: pos = [-268, 204]
13.7999 	EXP 	unnamed Circle: pos = [-280, 204]
13.7999 	EXP 	unnamed Circle: pos = [-292, 204]
13.7999 	EXP 	unnamed Circle: pos = [-304, 204]
13.7999 	EXP 	unnamed Circle: pos = [-100, 216]
13.7999 	EXP 	unnamed Circle: pos = [-112, 216]
13.7999 	EXP 	unnamed Circle: pos = [-136, 216]
13.7999 	EXP 	unnamed Circle: pos = [-148, 216]
13.7999 	EXP 	unnamed Circle: pos = [-160, 216]
13.7999 	EXP 	unnamed Circle: pos = [-172, 216]
13.7999 	EXP 	unnamed Circle: pos = [-196, 216]
13.7999 	EXP 	unnamed Circle: pos = [-208, 216]
13.7999 	EXP 	unnamed Circle: pos = [-220, 216]
13.7999 	EXP 	unnamed Circle: pos = [-232, 216]
13.7999 	EXP 	unnamed Circle: pos = [-244, 216]
13.7999 	EXP 	unnamed Circle: pos = [-256, 216]
13.7999 	EXP 	unnamed Circle: pos = [-268, 216]
13.7999 	EXP 	unnamed Circle: pos = [-280, 216]
13.7999 	EXP 	unnamed Circle: pos = [-316, 216]
14.1064 	DATA 	Keypress: q
14.1275 	EXP 	window1: mouseVisible = True
