9.4101 	WARNING 	User requested fullscreen with size [800 600], but screen is actually [1920, 1080]. Using actual size
13.2540 	EXP 	Created window1 = Window(allowGUI=True, allowStencil=False, autoLog=True, backendConf=UNKNOWN, bitsMode=UNKNOWN, blendMode='avg', bpc=(8, 8, 8), color=array([-1, -1, -1]), colorSpace='rgb', depthBits=8, fullscr=<method-wrapper '__getattribute__' of attributeSetter object at 0x0000025D9697F108>, gamma=None, gammaErrorPolicy='ignore', lms=UNKNOWN, monitor=<psychopy.monitors.calibTools.Monitor object at 0x0000025D969DEC48>, multiSample=False, name='window1', numSamples=2, pos=[0.0, 0.0], screen=0, size=array([1920, 1080]), stencilBits=0, stereo=False, units='pix', useFBO=True, useRetina=False, viewOri=0.0, viewPos=None, viewScale=None, waitBlanking=True, winType='pyglet')
13.2541 	EXP 	window1: mouseVisible = True
13.2626 	EXP 	Created unnamed Rect = Rect(__class__=<class 'psychopy.visual.rect.Rect'>, autoDraw=False, autoLog=True, closeShape=True, color=method-wrapper(...), colorSpace='rgb', contrast=None, depth=0, fillColor=array([-1,  1, -1]), fillColorSpace='rgb', fillRGB=UNKNOWN, interpolate=True, lineColor=array([-1. ,  0.8, -1. ]), lineColorSpace='rgb', lineRGB=UNKNOWN, lineWidth=1.5, name='unnamed Rect', opacity=1, ori=0.0, pos=array([   0., -400.]), size=array([160.,  60.]), units='pix', vertices=ndarray(...), win=Window(...))
13.3757 	EXP 	Created unnamed TextStim = TextStim(__class__=<class 'psychopy.visual.text.TextStim'>, alignHoriz=method-wrapper(...), alignText='center', alignVert=method-wrapper(...), anchorHoriz='center', anchorVert='center', antialias=True, autoLog=True, bold=True, color=array([-1, -1, -1]), colorSpace='rgb', contrast=1.0, depth=0, flipHoriz=False, flipVert=False, font='', fontFiles=[], height=35, italic=False, languageStyle='LTR', name='unnamed TextStim', opacity=1.0, ori=0.0, pos=array([   0., -400.]), rgb=UNKNOWN, text='NEXT', units='pix', win=Window(...), wrapWidth=500)
13.4055 	EXP 	Created unnamed TextStim = TextStim(__class__=<class 'psychopy.visual.text.TextStim'>, alignHoriz=method-wrapper(...), alignText='center', alignVert=method-wrapper(...), anchorHoriz='center', anchorVert='center', antialias=True, autoLog=True, bold=False, color=array([1, 1, 1]), colorSpace='rgb', contrast=1.0, depth=0, flipHoriz=False, flipVert=False, font='', fontFiles=[], height=30, italic=False, languageStyle='LTR', name='unnamed TextStim', opacity=1.0, ori=0.0, pos=array([  0., -80.]), rgb=UNKNOWN, text='Which box contained more dots?', units='pix', win=Window(...), wrapWidth=500)
13.4226 	EXP 	Created unnamed TextStim = TextStim(__class__=<class 'psychopy.visual.text.TextStim'>, alignHoriz=method-wrapper(...), alignText='center', alignVert=method-wrapper(...), anchorHoriz='center', anchorVert='center', antialias=True, autoLog=True, bold=False, color=array([1, 1, 1]), colorSpace='rgb', contrast=1.0, depth=0, flipHoriz=False, flipVert=False, font='', fontFiles=[], height=30, italic=False, languageStyle='LTR', name='unnamed TextStim', opacity=1.0, ori=0.0, pos=array([  0., -80.]), rgb=UNKNOWN, text='Indicate your confidence with the slider below', units='pix', win=Window(...), wrapWidth=500)
13.4516 	EXP 	Created unnamed TextStim = TextStim(__class__=<class 'psychopy.visual.text.TextStim'>, alignHoriz=method-wrapper(...), alignText='center', alignVert=method-wrapper(...), anchorHoriz='center', anchorVert='center', antialias=True, autoLog=True, bold=False, color=array([1, 1, 1]), colorSpace='rgb', contrast=1.0, depth=0, flipHoriz=False, flipVert=False, font='', fontFiles=[], height=70, italic=False, languageStyle='LTR', name='unnamed TextStim', opacity=1.0, ori=0.0, pos=array([0., 0.]), rgb=UNKNOWN, text='Welcome to this experiment!', units='pix', win=Window(...), wrapWidth=500)
13.4822 	EXP 	Created unnamed TextStim = TextStim(__class__=<class 'psychopy.visual.text.TextStim'>, alignHoriz=method-wrapper(...), alignText='center', alignVert=method-wrapper(...), anchorHoriz='center', anchorVert='center', antialias=True, autoLog=True, bold=False, color=array([1, 1, 1]), colorSpace='rgb', contrast=1.0, depth=0, flipHoriz=False, flipVert=False, font='', fontFiles=[], height=50, italic=False, languageStyle='LTR', name='unnamed TextStim', opacity=1.0, ori=0.0, pos=array([0., 0.]), rgb=UNKNOWN, text=str(...), units='pix', win=Window(...), wrapWidth=500)
13.5779 	EXP 	Created unnamed TextStim = TextStim(__class__=<class 'psychopy.visual.text.TextStim'>, alignHoriz=method-wrapper(...), alignText='center', alignVert=method-wrapper(...), anchorHoriz='center', anchorVert='center', antialias=True, autoLog=True, bold=False, color=array([1, 1, 1]), colorSpace='rgb', contrast=1.0, depth=0, flipHoriz=False, flipVert=False, font='', fontFiles=[], height=35, italic=False, languageStyle='LTR', name='unnamed TextStim', opacity=1.0, ori=0.0, pos=array([0., 0.]), rgb=UNKNOWN, text=str(...), units='pix', win=Window(...), wrapWidth=1000)
13.6093 	EXP 	Created unnamed TextStim = TextStim(__class__=<class 'psychopy.visual.text.TextStim'>, alignHoriz=method-wrapper(...), alignText='center', alignVert=method-wrapper(...), anchorHoriz='center', anchorVert='center', antialias=True, autoLog=True, bold=False, color=array([1, 1, 1]), colorSpace='rgb', contrast=1.0, depth=0, flipHoriz=False, flipVert=False, font='', fontFiles=[], height=35, italic=False, languageStyle='LTR', name='unnamed TextStim', opacity=1.0, ori=0.0, pos=array([0., 0.]), rgb=UNKNOWN, text=str(...), units='pix', win=Window(...), wrapWidth=1000)
13.6579 	EXP 	Created unnamed TextStim = TextStim(__class__=<class 'psychopy.visual.text.TextStim'>, alignHoriz=method-wrapper(...), alignText='center', alignVert=method-wrapper(...), anchorHoriz='center', anchorVert='center', antialias=True, autoLog=True, bold=False, color=array([1, 1, 1]), colorSpace='rgb', contrast=1.0, depth=0, flipHoriz=False, flipVert=False, font='', fontFiles=[], height=35, italic=False, languageStyle='LTR', name='unnamed TextStim', opacity=1.0, ori=0.0, pos=array([0., 0.]), rgb=UNKNOWN, text=str(...), units='pix', win=Window(...), wrapWidth=1000)
13.7061 	EXP 	Created unnamed TextStim = TextStim(__class__=<class 'psychopy.visual.text.TextStim'>, alignHoriz=method-wrapper(...), alignText='center', alignVert=method-wrapper(...), anchorHoriz='center', anchorVert='center', antialias=True, autoLog=True, bold=False, color=array([1, 1, 1]), colorSpace='rgb', contrast=1.0, depth=0, flipHoriz=False, flipVert=False, font='', fontFiles=[], height=35, italic=False, languageStyle='LTR', name='unnamed TextStim', opacity=1.0, ori=0.0, pos=array([0., 0.]), rgb=UNKNOWN, text=str(...), units='pix', win=Window(...), wrapWidth=1000)
13.7656 	EXP 	Created unnamed TextStim = TextStim(__class__=<class 'psychopy.visual.text.TextStim'>, alignHoriz=method-wrapper(...), alignText='center', alignVert=method-wrapper(...), anchorHoriz='center', anchorVert='center', antialias=True, autoLog=True, bold=False, color=array([1, 1, 1]), colorSpace='rgb', contrast=1.0, depth=0, flipHoriz=False, flipVert=False, font='', fontFiles=[], height=35, italic=False, languageStyle='LTR', name='unnamed TextStim', opacity=1.0, ori=0.0, pos=array([0., 0.]), rgb=UNKNOWN, text=str(...), units='pix', win=Window(...), wrapWidth=1000)
13.8208 	EXP 	Created unnamed TextStim = TextStim(__class__=<class 'psychopy.visual.text.TextStim'>, alignHoriz=method-wrapper(...), alignText='center', alignVert=method-wrapper(...), anchorHoriz='center', anchorVert='center', antialias=True, autoLog=True, bold=False, color=array([1, 1, 1]), colorSpace='rgb', contrast=1.0, depth=0, flipHoriz=False, flipVert=False, font='', fontFiles=[], height=35, italic=False, languageStyle='LTR', name='unnamed TextStim', opacity=1.0, ori=0.0, pos=array([0., 0.]), rgb=UNKNOWN, text=str(...), units='pix', win=Window(...), wrapWidth=1000)
13.8415 	EXP 	Created unnamed TextStim = TextStim(__class__=<class 'psychopy.visual.text.TextStim'>, alignHoriz=method-wrapper(...), alignText='center', alignVert=method-wrapper(...), anchorHoriz='center', anchorVert='center', antialias=True, autoLog=True, bold=False, color=array([1, 1, 1]), colorSpace='rgb', contrast=1.0, depth=0, flipHoriz=False, flipVert=False, font='', fontFiles=[], height=70, italic=False, languageStyle='LTR', name='unnamed TextStim', opacity=1.0, ori=0.0, pos=array([0., 0.]), rgb=UNKNOWN, text='Thank you for completing the study!', units='pix', win=Window(...), wrapWidth=500)
13.8626 	EXP 	Created unnamed TextStim = TextStim(__class__=<class 'psychopy.visual.text.TextStim'>, alignHoriz=method-wrapper(...), alignText='center', alignVert=method-wrapper(...), anchorHoriz='center', anchorVert='center', antialias=True, autoLog=True, bold=False, color=array([1, 1, 1]), colorSpace='rgb', contrast=1.0, depth=0, flipHoriz=False, flipVert=False, font='', fontFiles=[], height=55, italic=False, languageStyle='LTR', name='unnamed TextStim', opacity=1.0, ori=0.0, pos=array([0., 0.]), rgb=UNKNOWN, text='What did you think about your partner\n .', units='pix', win=Window(...), wrapWidth=500)
13.8740 	EXP 	Created unnamed TextStim = TextStim(__class__=<class 'psychopy.visual.text.TextStim'>, alignHoriz=method-wrapper(...), alignText='center', alignVert=method-wrapper(...), anchorHoriz='center', anchorVert='center', antialias=True, autoLog=True, bold=False, color=array([1, 1, 1]), colorSpace='rgb', contrast=1.0, depth=0, flipHoriz=False, flipVert=False, font='', fontFiles=[], height=55, italic=False, languageStyle='LTR', name='unnamed TextStim', opacity=1.0, ori=0.0, pos=array([0., 0.]), rgb=UNKNOWN, text='What did you think about your partner\n . .', units='pix', win=Window(...), wrapWidth=500)
13.8789 	EXP 	Created unnamed TextStim = TextStim(__class__=<class 'psychopy.visual.text.TextStim'>, alignHoriz=method-wrapper(...), alignText='center', alignVert=method-wrapper(...), anchorHoriz='center', anchorVert='center', antialias=True, autoLog=True, bold=False, color=array([1, 1, 1]), colorSpace='rgb', contrast=1.0, depth=0, flipHoriz=False, flipVert=False, font='', fontFiles=[], height=55, italic=False, languageStyle='LTR', name='unnamed TextStim', opacity=1.0, ori=0.0, pos=array([0., 0.]), rgb=UNKNOWN, text='What did you think about your partner\n . . .', units='pix', win=Window(...), wrapWidth=500)
13.8856 	EXP 	Created unnamed TextStim = TextStim(__class__=<class 'psychopy.visual.text.TextStim'>, alignHoriz=method-wrapper(...), alignText='center', alignVert=method-wrapper(...), anchorHoriz='center', anchorVert='center', antialias=True, autoLog=True, bold=False, color=array([1, 1, 1]), colorSpace='rgb', contrast=1.0, depth=0, flipHoriz=False, flipVert=False, font='', fontFiles=[], height=55, italic=False, languageStyle='LTR', name='unnamed TextStim', opacity=1.0, ori=0.0, pos=array([0., 0.]), rgb=UNKNOWN, text=str(...), units='pix', win=Window(...), wrapWidth=500)
13.8858 	EXP 	window1: mouseVisible = True
13.8858 	EXP 	window1: mouseVisible = True
14.9372 	DATA 	Mouse: Left button down, pos=(963,124)
15.7435 	DATA 	Mouse:  Left button up, pos=(963,124)
16.0070 	DATA 	Mouse: Left button down, pos=(963,124)
16.8129 	DATA 	Mouse:  Left button up, pos=(963,124)
17.3759 	DATA 	Mouse: Left button down, pos=(963,124)
17.3776 	EXP 	Created unnamed ShapeStim = ShapeStim(__class__=<class 'psychopy.visual.shape.ShapeStim'>, autoDraw=False, autoLog=True, closeShape=False, color=method-wrapper(...), colorSpace='rgb', contrast=None, depth=0, fillColor=array([0, 0, 0]), fillColorSpace='rgb', fillRGB=UNKNOWN, interpolate=True, lineColor=array([1, 1, 1]), lineColorSpace='rgb', lineRGB=UNKNOWN, lineWidth=50, name='unnamed ShapeStim', opacity=0.5, ori=0.0, pos=array([  0., 100.]), size=array([1., 1.]), units='pix', vertices=ndarray(...), win=Window(...), windingRule=None)
17.3885 	EXP 	Created unnamed Circle = Circle(__class__=<class 'psychopy.visual.circle.Circle'>, autoDraw=False, autoLog=True, closeShape=True, color=method-wrapper(...), colorSpace='rgb', contrast=None, depth=0, fillColor=array([1, 1, 1]), fillColorSpace='rgb', fillRGB=UNKNOWN, interpolate=True, lineColor=array([0, 0, 0]), lineColorSpace='rgb', lineRGB=UNKNOWN, lineWidth=1.5, name='unnamed Circle', opacity=0.5, ori=0.0, pos=array([0., 0.]), size=array([1., 1.]), units='pix', vertices=ndarray(...), win=Window(...))
17.3895 	EXP 	Created unnamed Rect = Rect(__class__=<class 'psychopy.visual.rect.Rect'>, autoDraw=False, autoLog=True, closeShape=True, color=method-wrapper(...), colorSpace='rgb', contrast=None, depth=0, fillColor=array([0, 0, 0]), fillColorSpace='rgb', fillRGB=UNKNOWN, interpolate=True, lineColor=array([1, 1, 1]), lineColorSpace='rgb', lineRGB=UNKNOWN, lineWidth=1.5, name='unnamed Rect', opacity=0.5, ori=0.0, pos=array([210., 105.]), size=array([240., 240.]), units='pix', vertices=ndarray(...), win=Window(...))
17.3903 	EXP 	Created unnamed Rect = Rect(__class__=<class 'psychopy.visual.rect.Rect'>, autoDraw=False, autoLog=True, closeShape=True, color=method-wrapper(...), colorSpace='rgb', contrast=None, depth=0, fillColor=array([0, 0, 0]), fillColorSpace='rgb', fillRGB=UNKNOWN, interpolate=True, lineColor=array([1, 1, 1]), lineColorSpace='rgb', lineRGB=UNKNOWN, lineWidth=1.5, name='unnamed Rect', opacity=0.5, ori=0.0, pos=array([-210.,  105.]), size=array([240., 240.]), units='pix', vertices=ndarray(...), win=Window(...))
17.3911 	EXP 	Created unnamed ShapeStim = ShapeStim(__class__=<class 'psychopy.visual.shape.ShapeStim'>, autoDraw=False, autoLog=True, closeShape=False, color=method-wrapper(...), colorSpace='rgb', contrast=None, depth=0, fillColor=array([0, 0, 0]), fillColorSpace='rgb', fillRGB=UNKNOWN, interpolate=True, lineColor=array([0. , 0.8, 0.8]), lineColorSpace='rgb', lineRGB=UNKNOWN, lineWidth=8, name='unnamed ShapeStim', opacity=0.5, ori=0.0, pos=array([0., 0.]), size=array([1., 1.]), units='pix', vertices=array([[  0., -25.],
       [  0.,  25.]]), win=Window(...), windingRule=None)
17.3920 	EXP 	Created unnamed ShapeStim = ShapeStim(__class__=<class 'psychopy.visual.shape.ShapeStim'>, autoDraw=False, autoLog=True, closeShape=False, color=method-wrapper(...), colorSpace='rgb', contrast=None, depth=0, fillColor=array([0, 0, 0]), fillColorSpace='rgb', fillRGB=UNKNOWN, interpolate=True, lineColor=array([0, 0, 0]), lineColorSpace='rgb', lineRGB=UNKNOWN, lineWidth=8, name='unnamed ShapeStim', opacity=0, ori=0.0, pos=array([0., 0.]), size=array([1., 1.]), units='pix', vertices=array([[  0., -25.],
       [  0.,  25.]]), win=Window(...), windingRule=None)
17.3928 	EXP 	Created unnamed Rect = Rect(__class__=<class 'psychopy.visual.rect.Rect'>, autoDraw=False, autoLog=True, closeShape=True, color=method-wrapper(...), colorSpace='rgb', contrast=None, depth=0, fillColor=array([0, 0, 0]), fillColorSpace='rgb', fillRGB=UNKNOWN, interpolate=True, lineColor=array([1, 1, 1]), lineColorSpace='rgb', lineRGB=UNKNOWN, lineWidth=4, name='unnamed Rect', opacity=0.5, ori=0.0, pos=array([0., 0.]), size=array([20., 60.]), units='pix', vertices=ndarray(...), win=Window(...))
17.3937 	EXP 	Created unnamed Rect = Rect(__class__=<class 'psychopy.visual.rect.Rect'>, autoDraw=False, autoLog=True, closeShape=True, color=method-wrapper(...), colorSpace='rgb', contrast=None, depth=0, fillColor=array([1, 1, 1]), fillColorSpace='rgb', fillRGB=UNKNOWN, interpolate=True, lineColor=array([1, 1, 1]), lineColorSpace='rgb', lineRGB=UNKNOWN, lineWidth=1.5, name='unnamed Rect', opacity=0.6, ori=0.0, pos=array([0., 0.]), size=array([400.,  60.]), units='pix', vertices=ndarray(...), win=Window(...))
17.3938 	EXP 	window1: mouseVisible = False
18.1980 	DATA 	Mouse:  Left button up, pos=(963,124)
18.5613 	EXP 	unnamed Circle: pos = [112, 0]
18.5613 	EXP 	unnamed Circle: pos = [124, 0]
18.5613 	EXP 	unnamed Circle: pos = [136, 0]
18.5613 	EXP 	unnamed Circle: pos = [160, 0]
18.5613 	EXP 	unnamed Circle: pos = [172, 0]
18.5613 	EXP 	unnamed Circle: pos = [184, 0]
18.5613 	EXP 	unnamed Circle: pos = [196, 0]
18.5613 	EXP 	unnamed Circle: pos = [208, 0]
18.5613 	EXP 	unnamed Circle: pos = [220, 0]
18.5613 	EXP 	unnamed Circle: pos = [232, 0]
18.5613 	EXP 	unnamed Circle: pos = [268, 0]
18.5613 	EXP 	unnamed Circle: pos = [304, 0]
18.5613 	EXP 	unnamed Circle: pos = [316, 0]
18.5613 	EXP 	unnamed Circle: pos = [100, 12]
18.5613 	EXP 	unnamed Circle: pos = [124, 12]
18.5613 	EXP 	unnamed Circle: pos = [172, 12]
18.5613 	EXP 	unnamed Circle: pos = [184, 12]
18.5613 	EXP 	unnamed Circle: pos = [208, 12]
18.5613 	EXP 	unnamed Circle: pos = [256, 12]
18.5613 	EXP 	unnamed Circle: pos = [268, 12]
18.5613 	EXP 	unnamed Circle: pos = [280, 12]
18.5613 	EXP 	unnamed Circle: pos = [316, 12]
18.5613 	EXP 	unnamed Circle: pos = [100, 24]
18.5613 	EXP 	unnamed Circle: pos = [148, 24]
18.5613 	EXP 	unnamed Circle: pos = [160, 24]
18.5613 	EXP 	unnamed Circle: pos = [208, 24]
18.5613 	EXP 	unnamed Circle: pos = [232, 24]
18.5613 	EXP 	unnamed Circle: pos = [244, 24]
18.5613 	EXP 	unnamed Circle: pos = [256, 24]
18.5613 	EXP 	unnamed Circle: pos = [268, 24]
18.5613 	EXP 	unnamed Circle: pos = [280, 24]
18.5613 	EXP 	unnamed Circle: pos = [292, 24]
18.5613 	EXP 	unnamed Circle: pos = [304, 24]
18.5613 	EXP 	unnamed Circle: pos = [100, 36]
18.5613 	EXP 	unnamed Circle: pos = [136, 36]
18.5613 	EXP 	unnamed Circle: pos = [148, 36]
18.5613 	EXP 	unnamed Circle: pos = [172, 36]
18.5613 	EXP 	unnamed Circle: pos = [196, 36]
18.5613 	EXP 	unnamed Circle: pos = [232, 36]
18.5613 	EXP 	unnamed Circle: pos = [256, 36]
18.5613 	EXP 	unnamed Circle: pos = [268, 36]
18.5613 	EXP 	unnamed Circle: pos = [280, 36]
18.5613 	EXP 	unnamed Circle: pos = [292, 36]
18.5613 	EXP 	unnamed Circle: pos = [304, 36]
18.5613 	EXP 	unnamed Circle: pos = [316, 36]
18.5613 	EXP 	unnamed Circle: pos = [100, 48]
18.5613 	EXP 	unnamed Circle: pos = [112, 48]
18.5613 	EXP 	unnamed Circle: pos = [124, 48]
18.5613 	EXP 	unnamed Circle: pos = [136, 48]
18.5613 	EXP 	unnamed Circle: pos = [148, 48]
18.5613 	EXP 	unnamed Circle: pos = [160, 48]
18.5613 	EXP 	unnamed Circle: pos = [172, 48]
18.5613 	EXP 	unnamed Circle: pos = [184, 48]
18.5613 	EXP 	unnamed Circle: pos = [232, 48]
18.5613 	EXP 	unnamed Circle: pos = [268, 48]
18.5613 	EXP 	unnamed Circle: pos = [280, 48]
18.5613 	EXP 	unnamed Circle: pos = [304, 48]
18.5613 	EXP 	unnamed Circle: pos = [316, 48]
18.5613 	EXP 	unnamed Circle: pos = [100, 60]
18.5613 	EXP 	unnamed Circle: pos = [112, 60]
18.5613 	EXP 	unnamed Circle: pos = [124, 60]
18.5613 	EXP 	unnamed Circle: pos = [136, 60]
18.5613 	EXP 	unnamed Circle: pos = [160, 60]
18.5613 	EXP 	unnamed Circle: pos = [172, 60]
18.5613 	EXP 	unnamed Circle: pos = [208, 60]
18.5613 	EXP 	unnamed Circle: pos = [220, 60]
18.5613 	EXP 	unnamed Circle: pos = [232, 60]
18.5613 	EXP 	unnamed Circle: pos = [292, 60]
18.5613 	EXP 	unnamed Circle: pos = [316, 60]
18.5613 	EXP 	unnamed Circle: pos = [136, 72]
18.5613 	EXP 	unnamed Circle: pos = [160, 72]
18.5613 	EXP 	unnamed Circle: pos = [172, 72]
18.5613 	EXP 	unnamed Circle: pos = [184, 72]
18.5613 	EXP 	unnamed Circle: pos = [196, 72]
18.5613 	EXP 	unnamed Circle: pos = [208, 72]
18.5613 	EXP 	unnamed Circle: pos = [220, 72]
18.5613 	EXP 	unnamed Circle: pos = [112, 84]
18.5613 	EXP 	unnamed Circle: pos = [148, 84]
18.5613 	EXP 	unnamed Circle: pos = [184, 84]
18.5613 	EXP 	unnamed Circle: pos = [196, 84]
18.5613 	EXP 	unnamed Circle: pos = [232, 84]
18.5613 	EXP 	unnamed Circle: pos = [268, 84]
18.5613 	EXP 	unnamed Circle: pos = [112, 96]
18.5613 	EXP 	unnamed Circle: pos = [124, 96]
18.5613 	EXP 	unnamed Circle: pos = [148, 96]
18.5613 	EXP 	unnamed Circle: pos = [172, 96]
18.5613 	EXP 	unnamed Circle: pos = [184, 96]
18.5613 	EXP 	unnamed Circle: pos = [220, 96]
18.5613 	EXP 	unnamed Circle: pos = [244, 96]
18.5613 	EXP 	unnamed Circle: pos = [304, 96]
18.5613 	EXP 	unnamed Circle: pos = [316, 96]
18.5613 	EXP 	unnamed Circle: pos = [136, 108]
18.5613 	EXP 	unnamed Circle: pos = [148, 108]
18.5613 	EXP 	unnamed Circle: pos = [160, 108]
18.5613 	EXP 	unnamed Circle: pos = [184, 108]
18.5613 	EXP 	unnamed Circle: pos = [196, 108]
18.5613 	EXP 	unnamed Circle: pos = [208, 108]
18.5613 	EXP 	unnamed Circle: pos = [220, 108]
18.5613 	EXP 	unnamed Circle: pos = [232, 108]
18.5613 	EXP 	unnamed Circle: pos = [244, 108]
18.5613 	EXP 	unnamed Circle: pos = [256, 108]
18.5613 	EXP 	unnamed Circle: pos = [280, 108]
18.5613 	EXP 	unnamed Circle: pos = [292, 108]
18.5613 	EXP 	unnamed Circle: pos = [316, 108]
18.5613 	EXP 	unnamed Circle: pos = [124, 120]
18.5613 	EXP 	unnamed Circle: pos = [136, 120]
18.5613 	EXP 	unnamed Circle: pos = [148, 120]
18.5613 	EXP 	unnamed Circle: pos = [172, 120]
18.5613 	EXP 	unnamed Circle: pos = [208, 120]
18.5613 	EXP 	unnamed Circle: pos = [220, 120]
18.5613 	EXP 	unnamed Circle: pos = [232, 120]
18.5613 	EXP 	unnamed Circle: pos = [292, 120]
18.5613 	EXP 	unnamed Circle: pos = [112, 132]
18.5613 	EXP 	unnamed Circle: pos = [124, 132]
18.5613 	EXP 	unnamed Circle: pos = [136, 132]
18.5613 	EXP 	unnamed Circle: pos = [160, 132]
18.5613 	EXP 	unnamed Circle: pos = [172, 132]
18.5613 	EXP 	unnamed Circle: pos = [196, 132]
18.5613 	EXP 	unnamed Circle: pos = [208, 132]
18.5613 	EXP 	unnamed Circle: pos = [256, 132]
18.5613 	EXP 	unnamed Circle: pos = [316, 132]
18.5613 	EXP 	unnamed Circle: pos = [100, 144]
18.5613 	EXP 	unnamed Circle: pos = [112, 144]
18.5613 	EXP 	unnamed Circle: pos = [160, 144]
18.5613 	EXP 	unnamed Circle: pos = [172, 144]
18.5613 	EXP 	unnamed Circle: pos = [184, 144]
18.5613 	EXP 	unnamed Circle: pos = [208, 144]
18.5613 	EXP 	unnamed Circle: pos = [220, 144]
18.5613 	EXP 	unnamed Circle: pos = [232, 144]
18.5613 	EXP 	unnamed Circle: pos = [244, 144]
18.5613 	EXP 	unnamed Circle: pos = [280, 144]
18.5613 	EXP 	unnamed Circle: pos = [304, 144]
18.5613 	EXP 	unnamed Circle: pos = [316, 144]
18.5613 	EXP 	unnamed Circle: pos = [100, 156]
18.5613 	EXP 	unnamed Circle: pos = [124, 156]
18.5613 	EXP 	unnamed Circle: pos = [160, 156]
18.5613 	EXP 	unnamed Circle: pos = [172, 156]
18.5613 	EXP 	unnamed Circle: pos = [184, 156]
18.5613 	EXP 	unnamed Circle: pos = [208, 156]
18.5613 	EXP 	unnamed Circle: pos = [232, 156]
18.5613 	EXP 	unnamed Circle: pos = [280, 156]
18.5613 	EXP 	unnamed Circle: pos = [316, 156]
18.5613 	EXP 	unnamed Circle: pos = [136, 168]
18.5613 	EXP 	unnamed Circle: pos = [160, 168]
18.5613 	EXP 	unnamed Circle: pos = [184, 168]
18.5613 	EXP 	unnamed Circle: pos = [220, 168]
18.5613 	EXP 	unnamed Circle: pos = [244, 168]
18.5613 	EXP 	unnamed Circle: pos = [268, 168]
18.5613 	EXP 	unnamed Circle: pos = [280, 168]
18.5613 	EXP 	unnamed Circle: pos = [292, 168]
18.5613 	EXP 	unnamed Circle: pos = [316, 168]
18.5613 	EXP 	unnamed Circle: pos = [124, 180]
18.5613 	EXP 	unnamed Circle: pos = [172, 180]
18.5613 	EXP 	unnamed Circle: pos = [220, 180]
18.5613 	EXP 	unnamed Circle: pos = [280, 180]
18.5613 	EXP 	unnamed Circle: pos = [304, 180]
18.5613 	EXP 	unnamed Circle: pos = [148, 192]
18.5613 	EXP 	unnamed Circle: pos = [160, 192]
18.5613 	EXP 	unnamed Circle: pos = [208, 192]
18.5613 	EXP 	unnamed Circle: pos = [244, 192]
18.5613 	EXP 	unnamed Circle: pos = [256, 192]
18.5613 	EXP 	unnamed Circle: pos = [292, 192]
18.5613 	EXP 	unnamed Circle: pos = [316, 192]
18.5613 	EXP 	unnamed Circle: pos = [100, 204]
18.5613 	EXP 	unnamed Circle: pos = [148, 204]
18.5613 	EXP 	unnamed Circle: pos = [184, 204]
18.5613 	EXP 	unnamed Circle: pos = [220, 204]
18.5613 	EXP 	unnamed Circle: pos = [232, 204]
18.5613 	EXP 	unnamed Circle: pos = [244, 204]
18.5613 	EXP 	unnamed Circle: pos = [256, 204]
18.5613 	EXP 	unnamed Circle: pos = [280, 204]
18.5613 	EXP 	unnamed Circle: pos = [292, 204]
18.5613 	EXP 	unnamed Circle: pos = [136, 216]
18.5613 	EXP 	unnamed Circle: pos = [148, 216]
18.5613 	EXP 	unnamed Circle: pos = [160, 216]
18.5613 	EXP 	unnamed Circle: pos = [172, 216]
18.5613 	EXP 	unnamed Circle: pos = [184, 216]
18.5613 	EXP 	unnamed Circle: pos = [244, 216]
18.5613 	EXP 	unnamed Circle: pos = [256, 216]
18.5613 	EXP 	unnamed Circle: pos = [280, 216]
18.5613 	EXP 	unnamed Circle: pos = [292, 216]
18.5613 	EXP 	unnamed Circle: pos = [304, 216]
18.5613 	EXP 	unnamed Circle: pos = [316, 216]
18.5613 	EXP 	unnamed Circle: pos = [-100, 0]
18.5613 	EXP 	unnamed Circle: pos = [-112, 0]
18.5613 	EXP 	unnamed Circle: pos = [-124, 0]
18.5613 	EXP 	unnamed Circle: pos = [-136, 0]
18.5613 	EXP 	unnamed Circle: pos = [-148, 0]
18.5613 	EXP 	unnamed Circle: pos = [-160, 0]
18.5613 	EXP 	unnamed Circle: pos = [-172, 0]
18.5613 	EXP 	unnamed Circle: pos = [-184, 0]
18.5613 	EXP 	unnamed Circle: pos = [-196, 0]
18.5613 	EXP 	unnamed Circle: pos = [-208, 0]
18.5613 	EXP 	unnamed Circle: pos = [-244, 0]
18.5613 	EXP 	unnamed Circle: pos = [-256, 0]
18.5613 	EXP 	unnamed Circle: pos = [-268, 0]
18.5613 	EXP 	unnamed Circle: pos = [-280, 0]
18.5613 	EXP 	unnamed Circle: pos = [-292, 0]
18.5613 	EXP 	unnamed Circle: pos = [-304, 0]
18.5613 	EXP 	unnamed Circle: pos = [-316, 0]
18.5613 	EXP 	unnamed Circle: pos = [-100, 12]
18.5613 	EXP 	unnamed Circle: pos = [-112, 12]
18.5613 	EXP 	unnamed Circle: pos = [-124, 12]
18.5613 	EXP 	unnamed Circle: pos = [-136, 12]
18.5613 	EXP 	unnamed Circle: pos = [-160, 12]
18.5613 	EXP 	unnamed Circle: pos = [-172, 12]
18.5613 	EXP 	unnamed Circle: pos = [-184, 12]
18.5613 	EXP 	unnamed Circle: pos = [-208, 12]
18.5613 	EXP 	unnamed Circle: pos = [-232, 12]
18.5613 	EXP 	unnamed Circle: pos = [-244, 12]
18.5613 	EXP 	unnamed Circle: pos = [-292, 12]
18.5613 	EXP 	unnamed Circle: pos = [-304, 12]
18.5613 	EXP 	unnamed Circle: pos = [-136, 24]
18.5613 	EXP 	unnamed Circle: pos = [-160, 24]
18.5613 	EXP 	unnamed Circle: pos = [-172, 24]
18.5613 	EXP 	unnamed Circle: pos = [-184, 24]
18.5613 	EXP 	unnamed Circle: pos = [-208, 24]
18.5613 	EXP 	unnamed Circle: pos = [-220, 24]
18.5613 	EXP 	unnamed Circle: pos = [-232, 24]
18.5613 	EXP 	unnamed Circle: pos = [-244, 24]
18.5613 	EXP 	unnamed Circle: pos = [-256, 24]
18.5613 	EXP 	unnamed Circle: pos = [-268, 24]
18.5613 	EXP 	unnamed Circle: pos = [-280, 24]
18.5613 	EXP 	unnamed Circle: pos = [-292, 24]
18.5613 	EXP 	unnamed Circle: pos = [-304, 24]
18.5613 	EXP 	unnamed Circle: pos = [-316, 24]
18.5613 	EXP 	unnamed Circle: pos = [-100, 36]
18.5613 	EXP 	unnamed Circle: pos = [-112, 36]
18.5613 	EXP 	unnamed Circle: pos = [-124, 36]
18.5613 	EXP 	unnamed Circle: pos = [-136, 36]
18.5613 	EXP 	unnamed Circle: pos = [-172, 36]
18.5613 	EXP 	unnamed Circle: pos = [-208, 36]
18.5613 	EXP 	unnamed Circle: pos = [-232, 36]
18.5613 	EXP 	unnamed Circle: pos = [-244, 36]
18.5613 	EXP 	unnamed Circle: pos = [-268, 36]
18.5613 	EXP 	unnamed Circle: pos = [-280, 36]
18.5613 	EXP 	unnamed Circle: pos = [-292, 36]
18.5613 	EXP 	unnamed Circle: pos = [-304, 36]
18.5613 	EXP 	unnamed Circle: pos = [-100, 48]
18.5613 	EXP 	unnamed Circle: pos = [-112, 48]
18.5613 	EXP 	unnamed Circle: pos = [-136, 48]
18.5613 	EXP 	unnamed Circle: pos = [-148, 48]
18.5613 	EXP 	unnamed Circle: pos = [-160, 48]
18.5613 	EXP 	unnamed Circle: pos = [-184, 48]
18.5613 	EXP 	unnamed Circle: pos = [-196, 48]
18.5613 	EXP 	unnamed Circle: pos = [-232, 48]
18.5613 	EXP 	unnamed Circle: pos = [-244, 48]
18.5613 	EXP 	unnamed Circle: pos = [-256, 48]
18.5613 	EXP 	unnamed Circle: pos = [-268, 48]
18.5613 	EXP 	unnamed Circle: pos = [-280, 48]
18.5613 	EXP 	unnamed Circle: pos = [-304, 48]
18.5613 	EXP 	unnamed Circle: pos = [-316, 48]
18.5613 	EXP 	unnamed Circle: pos = [-112, 60]
18.5613 	EXP 	unnamed Circle: pos = [-160, 60]
18.5613 	EXP 	unnamed Circle: pos = [-172, 60]
18.5613 	EXP 	unnamed Circle: pos = [-232, 60]
18.5613 	EXP 	unnamed Circle: pos = [-256, 60]
18.5613 	EXP 	unnamed Circle: pos = [-268, 60]
18.5613 	EXP 	unnamed Circle: pos = [-292, 60]
18.5613 	EXP 	unnamed Circle: pos = [-316, 60]
18.5613 	EXP 	unnamed Circle: pos = [-100, 72]
18.5613 	EXP 	unnamed Circle: pos = [-112, 72]
18.5613 	EXP 	unnamed Circle: pos = [-124, 72]
18.5613 	EXP 	unnamed Circle: pos = [-148, 72]
18.5613 	EXP 	unnamed Circle: pos = [-160, 72]
18.5613 	EXP 	unnamed Circle: pos = [-172, 72]
18.5613 	EXP 	unnamed Circle: pos = [-184, 72]
18.5613 	EXP 	unnamed Circle: pos = [-196, 72]
18.5613 	EXP 	unnamed Circle: pos = [-208, 72]
18.5613 	EXP 	unnamed Circle: pos = [-220, 72]
18.5613 	EXP 	unnamed Circle: pos = [-232, 72]
18.5613 	EXP 	unnamed Circle: pos = [-244, 72]
18.5613 	EXP 	unnamed Circle: pos = [-256, 72]
18.5613 	EXP 	unnamed Circle: pos = [-268, 72]
18.5613 	EXP 	unnamed Circle: pos = [-280, 72]
18.5613 	EXP 	unnamed Circle: pos = [-316, 72]
18.5613 	EXP 	unnamed Circle: pos = [-100, 84]
18.5613 	EXP 	unnamed Circle: pos = [-112, 84]
18.5613 	EXP 	unnamed Circle: pos = [-124, 84]
18.5613 	EXP 	unnamed Circle: pos = [-136, 84]
18.5613 	EXP 	unnamed Circle: pos = [-148, 84]
18.5613 	EXP 	unnamed Circle: pos = [-160, 84]
18.5613 	EXP 	unnamed Circle: pos = [-172, 84]
18.5613 	EXP 	unnamed Circle: pos = [-184, 84]
18.5613 	EXP 	unnamed Circle: pos = [-220, 84]
18.5613 	EXP 	unnamed Circle: pos = [-232, 84]
18.5613 	EXP 	unnamed Circle: pos = [-244, 84]
18.5613 	EXP 	unnamed Circle: pos = [-256, 84]
18.5613 	EXP 	unnamed Circle: pos = [-280, 84]
18.5613 	EXP 	unnamed Circle: pos = [-292, 84]
18.5613 	EXP 	unnamed Circle: pos = [-316, 84]
18.5613 	EXP 	unnamed Circle: pos = [-136, 96]
18.5613 	EXP 	unnamed Circle: pos = [-148, 96]
18.5613 	EXP 	unnamed Circle: pos = [-160, 96]
18.5613 	EXP 	unnamed Circle: pos = [-172, 96]
18.5613 	EXP 	unnamed Circle: pos = [-184, 96]
18.5613 	EXP 	unnamed Circle: pos = [-196, 96]
18.5613 	EXP 	unnamed Circle: pos = [-220, 96]
18.5613 	EXP 	unnamed Circle: pos = [-232, 96]
18.5613 	EXP 	unnamed Circle: pos = [-244, 96]
18.5613 	EXP 	unnamed Circle: pos = [-256, 96]
18.5613 	EXP 	unnamed Circle: pos = [-280, 96]
18.5613 	EXP 	unnamed Circle: pos = [-292, 96]
18.5613 	EXP 	unnamed Circle: pos = [-316, 96]
18.5613 	EXP 	unnamed Circle: pos = [-112, 108]
18.5613 	EXP 	unnamed Circle: pos = [-124, 108]
18.5613 	EXP 	unnamed Circle: pos = [-136, 108]
18.5613 	EXP 	unnamed Circle: pos = [-148, 108]
18.5613 	EXP 	unnamed Circle: pos = [-160, 108]
18.5613 	EXP 	unnamed Circle: pos = [-172, 108]
18.5613 	EXP 	unnamed Circle: pos = [-184, 108]
18.5613 	EXP 	unnamed Circle: pos = [-196, 108]
18.5613 	EXP 	unnamed Circle: pos = [-208, 108]
18.5613 	EXP 	unnamed Circle: pos = [-220, 108]
18.5613 	EXP 	unnamed Circle: pos = [-232, 108]
18.5613 	EXP 	unnamed Circle: pos = [-244, 108]
18.5613 	EXP 	unnamed Circle: pos = [-280, 108]
18.5613 	EXP 	unnamed Circle: pos = [-304, 108]
18.5613 	EXP 	unnamed Circle: pos = [-316, 108]
18.5613 	EXP 	unnamed Circle: pos = [-100, 120]
18.5613 	EXP 	unnamed Circle: pos = [-112, 120]
18.5613 	EXP 	unnamed Circle: pos = [-136, 120]
18.5613 	EXP 	unnamed Circle: pos = [-148, 120]
18.5613 	EXP 	unnamed Circle: pos = [-160, 120]
18.5613 	EXP 	unnamed Circle: pos = [-172, 120]
18.5613 	EXP 	unnamed Circle: pos = [-208, 120]
18.5613 	EXP 	unnamed Circle: pos = [-244, 120]
18.5613 	EXP 	unnamed Circle: pos = [-256, 120]
18.5613 	EXP 	unnamed Circle: pos = [-268, 120]
18.5613 	EXP 	unnamed Circle: pos = [-304, 120]
18.5613 	EXP 	unnamed Circle: pos = [-316, 120]
18.5613 	EXP 	unnamed Circle: pos = [-100, 132]
18.5613 	EXP 	unnamed Circle: pos = [-112, 132]
18.5613 	EXP 	unnamed Circle: pos = [-124, 132]
18.5613 	EXP 	unnamed Circle: pos = [-160, 132]
18.5613 	EXP 	unnamed Circle: pos = [-184, 132]
18.5613 	EXP 	unnamed Circle: pos = [-196, 132]
18.5613 	EXP 	unnamed Circle: pos = [-208, 132]
18.5613 	EXP 	unnamed Circle: pos = [-220, 132]
18.5613 	EXP 	unnamed Circle: pos = [-232, 132]
18.5613 	EXP 	unnamed Circle: pos = [-244, 132]
18.5613 	EXP 	unnamed Circle: pos = [-256, 132]
18.5613 	EXP 	unnamed Circle: pos = [-304, 132]
18.5613 	EXP 	unnamed Circle: pos = [-100, 144]
18.5613 	EXP 	unnamed Circle: pos = [-148, 144]
18.5613 	EXP 	unnamed Circle: pos = [-160, 144]
18.5613 	EXP 	unnamed Circle: pos = [-172, 144]
18.5613 	EXP 	unnamed Circle: pos = [-184, 144]
18.5613 	EXP 	unnamed Circle: pos = [-196, 144]
18.5613 	EXP 	unnamed Circle: pos = [-208, 144]
18.5613 	EXP 	unnamed Circle: pos = [-220, 144]
18.5613 	EXP 	unnamed Circle: pos = [-232, 144]
18.5613 	EXP 	unnamed Circle: pos = [-256, 144]
18.5613 	EXP 	unnamed Circle: pos = [-292, 144]
18.5613 	EXP 	unnamed Circle: pos = [-304, 144]
18.5613 	EXP 	unnamed Circle: pos = [-100, 156]
18.5613 	EXP 	unnamed Circle: pos = [-112, 156]
18.5613 	EXP 	unnamed Circle: pos = [-148, 156]
18.5613 	EXP 	unnamed Circle: pos = [-172, 156]
18.5613 	EXP 	unnamed Circle: pos = [-184, 156]
18.5613 	EXP 	unnamed Circle: pos = [-196, 156]
18.5613 	EXP 	unnamed Circle: pos = [-208, 156]
18.5613 	EXP 	unnamed Circle: pos = [-220, 156]
18.5613 	EXP 	unnamed Circle: pos = [-232, 156]
18.5613 	EXP 	unnamed Circle: pos = [-244, 156]
18.5613 	EXP 	unnamed Circle: pos = [-268, 156]
18.5613 	EXP 	unnamed Circle: pos = [-280, 156]
18.5613 	EXP 	unnamed Circle: pos = [-292, 156]
18.5613 	EXP 	unnamed Circle: pos = [-304, 156]
18.5613 	EXP 	unnamed Circle: pos = [-316, 156]
18.5613 	EXP 	unnamed Circle: pos = [-100, 168]
18.5613 	EXP 	unnamed Circle: pos = [-112, 168]
18.5613 	EXP 	unnamed Circle: pos = [-124, 168]
18.5613 	EXP 	unnamed Circle: pos = [-148, 168]
18.5613 	EXP 	unnamed Circle: pos = [-160, 168]
18.5613 	EXP 	unnamed Circle: pos = [-172, 168]
18.5613 	EXP 	unnamed Circle: pos = [-184, 168]
18.5613 	EXP 	unnamed Circle: pos = [-196, 168]
18.5613 	EXP 	unnamed Circle: pos = [-208, 168]
18.5613 	EXP 	unnamed Circle: pos = [-220, 168]
18.5613 	EXP 	unnamed Circle: pos = [-232, 168]
18.5613 	EXP 	unnamed Circle: pos = [-244, 168]
18.5613 	EXP 	unnamed Circle: pos = [-268, 168]
18.5613 	EXP 	unnamed Circle: pos = [-112, 180]
18.5613 	EXP 	unnamed Circle: pos = [-124, 180]
18.5613 	EXP 	unnamed Circle: pos = [-136, 180]
18.5613 	EXP 	unnamed Circle: pos = [-148, 180]
18.5613 	EXP 	unnamed Circle: pos = [-172, 180]
18.5613 	EXP 	unnamed Circle: pos = [-184, 180]
18.5613 	EXP 	unnamed Circle: pos = [-196, 180]
18.5613 	EXP 	unnamed Circle: pos = [-208, 180]
18.5613 	EXP 	unnamed Circle: pos = [-220, 180]
18.5613 	EXP 	unnamed Circle: pos = [-244, 180]
18.5613 	EXP 	unnamed Circle: pos = [-256, 180]
18.5613 	EXP 	unnamed Circle: pos = [-292, 180]
18.5613 	EXP 	unnamed Circle: pos = [-304, 180]
18.5613 	EXP 	unnamed Circle: pos = [-316, 180]
18.5613 	EXP 	unnamed Circle: pos = [-100, 192]
18.5613 	EXP 	unnamed Circle: pos = [-148, 192]
18.5613 	EXP 	unnamed Circle: pos = [-160, 192]
18.5613 	EXP 	unnamed Circle: pos = [-172, 192]
18.5613 	EXP 	unnamed Circle: pos = [-184, 192]
18.5613 	EXP 	unnamed Circle: pos = [-208, 192]
18.5613 	EXP 	unnamed Circle: pos = [-220, 192]
18.5613 	EXP 	unnamed Circle: pos = [-232, 192]
18.5613 	EXP 	unnamed Circle: pos = [-280, 192]
18.5613 	EXP 	unnamed Circle: pos = [-292, 192]
18.5613 	EXP 	unnamed Circle: pos = [-304, 192]
18.5613 	EXP 	unnamed Circle: pos = [-100, 204]
18.5613 	EXP 	unnamed Circle: pos = [-124, 204]
18.5613 	EXP 	unnamed Circle: pos = [-184, 204]
18.5613 	EXP 	unnamed Circle: pos = [-196, 204]
18.5613 	EXP 	unnamed Circle: pos = [-232, 204]
18.5613 	EXP 	unnamed Circle: pos = [-256, 204]
18.5613 	EXP 	unnamed Circle: pos = [-268, 204]
18.5613 	EXP 	unnamed Circle: pos = [-304, 204]
18.5613 	EXP 	unnamed Circle: pos = [-316, 204]
18.5613 	EXP 	unnamed Circle: pos = [-100, 216]
18.5613 	EXP 	unnamed Circle: pos = [-112, 216]
18.5613 	EXP 	unnamed Circle: pos = [-136, 216]
18.5613 	EXP 	unnamed Circle: pos = [-148, 216]
18.5613 	EXP 	unnamed Circle: pos = [-172, 216]
18.5613 	EXP 	unnamed Circle: pos = [-208, 216]
18.5613 	EXP 	unnamed Circle: pos = [-220, 216]
18.5613 	EXP 	unnamed Circle: pos = [-244, 216]
18.5613 	EXP 	unnamed Circle: pos = [-280, 216]
18.5613 	EXP 	unnamed Circle: pos = [-292, 216]
19.4792 	DATA 	Keypress: q
20.3893 	DATA 	Mouse: Left button down, pos=(963,124)
20.3926 	EXP 	unnamed Rect: lineWidth = 6
20.3926 	EXP 	unnamed Rect: pos = (200, -300)
21.9470 	EXP 	window1: mouseVisible = True
