7.5978 	EXP 	Created window1 = Window(allowGUI=True, allowStencil=False, autoLog=True, backendConf=UNKNOWN, bitsMode=UNKNOWN, blendMode='avg', bpc=(8, 8, 8), color=array([-1, -1, -1]), colorSpace='rgb', depthBits=8, fullscr=<method-wrapper '__getattribute__' of attributeSetter object at 0x0000016B95434508>, gamma=None, gammaErrorPolicy='ignore', lms=UNKNOWN, monitor=<psychopy.monitors.calibTools.Monitor object at 0x0000016B95499588>, multiSample=False, name='window1', numSamples=2, pos=[260.0, -210.0], screen=0, size=array([1400, 1500]), stencilBits=0, stereo=False, units='pix', useFBO=True, useRetina=False, viewOri=0.0, viewPos=None, viewScale=None, waitBlanking=True, winType='pyglet')
7.5980 	EXP 	window1: mouseVisible = True
7.6006 	EXP 	Created unnamed Rect = Rect(__class__=<class 'psychopy.visual.rect.Rect'>, autoDraw=False, autoLog=True, closeShape=True, color=method-wrapper(...), colorSpace='rgb', contrast=None, depth=0, fillColor=array([-1,  1, -1]), fillColorSpace='rgb', fillRGB=UNKNOWN, interpolate=True, lineColor=array([-1. ,  0.8, -1. ]), lineColorSpace='rgb', lineRGB=UNKNOWN, lineWidth=1.5, name='unnamed Rect', opacity=1, ori=0.0, pos=array([   0., -250.]), size=array([160.,  60.]), units='pix', vertices=ndarray(...), win=Window(...))
7.6418 	EXP 	Created unnamed TextStim = TextStim(__class__=<class 'psychopy.visual.text.TextStim'>, alignHoriz=method-wrapper(...), alignText='center', alignVert=method-wrapper(...), anchorHoriz='center', anchorVert='center', antialias=True, autoLog=True, bold=True, color=array([-1, -1, -1]), colorSpace='rgb', contrast=1.0, depth=0, flipHoriz=False, flipVert=False, font='', fontFiles=[], height=28, italic=False, languageStyle='LTR', name='unnamed TextStim', opacity=1.0, ori=0.0, pos=array([   0., -250.]), rgb=UNKNOWN, text='NEXT', units='pix', win=Window(...), wrapWidth=500)
7.6561 	EXP 	Created unnamed TextStim = TextStim(__class__=<class 'psychopy.visual.text.TextStim'>, alignHoriz=method-wrapper(...), alignText='center', alignVert=method-wrapper(...), anchorHoriz='center', anchorVert='center', antialias=True, autoLog=True, bold=False, color=array([1, 1, 1]), colorSpace='rgb', contrast=1.0, depth=0, flipHoriz=False, flipVert=False, font='', fontFiles=[], height=45, italic=False, languageStyle='LTR', name='unnamed TextStim', opacity=1.0, ori=0.0, pos=array([0., 0.]), rgb=UNKNOWN, text='Welcome to this experiment!', units='pix', win=Window(...), wrapWidth=500)
7.6649 	EXP 	Created unnamed TextStim = TextStim(__class__=<class 'psychopy.visual.text.TextStim'>, alignHoriz=method-wrapper(...), alignText='center', alignVert=method-wrapper(...), anchorHoriz='center', anchorVert='center', antialias=True, autoLog=True, bold=False, color=array([1, 1, 1]), colorSpace='rgb', contrast=1.0, depth=0, flipHoriz=False, flipVert=False, font='', fontFiles=[], height=45, italic=False, languageStyle='LTR', name='unnamed TextStim', opacity=1.0, ori=0.0, pos=array([0., 0.]), rgb=UNKNOWN, text=str(...), units='pix', win=Window(...), wrapWidth=500)
7.7051 	EXP 	Created unnamed TextStim = TextStim(__class__=<class 'psychopy.visual.text.TextStim'>, alignHoriz=method-wrapper(...), alignText='center', alignVert=method-wrapper(...), anchorHoriz='center', anchorVert='center', antialias=True, autoLog=True, bold=False, color=array([1, 1, 1]), colorSpace='rgb', contrast=1.0, depth=0, flipHoriz=False, flipVert=False, font='', fontFiles=[], height=28, italic=False, languageStyle='LTR', name='unnamed TextStim', opacity=1.0, ori=0.0, pos=array([0., 0.]), rgb=UNKNOWN, text=str(...), units='pix', win=Window(...), wrapWidth=1000)
7.7230 	EXP 	Created unnamed TextStim = TextStim(__class__=<class 'psychopy.visual.text.TextStim'>, alignHoriz=method-wrapper(...), alignText='center', alignVert=method-wrapper(...), anchorHoriz='center', anchorVert='center', antialias=True, autoLog=True, bold=False, color=array([1, 1, 1]), colorSpace='rgb', contrast=1.0, depth=0, flipHoriz=False, flipVert=False, font='', fontFiles=[], height=28, italic=False, languageStyle='LTR', name='unnamed TextStim', opacity=1.0, ori=0.0, pos=array([0., 0.]), rgb=UNKNOWN, text=str(...), units='pix', win=Window(...), wrapWidth=1000)
7.7547 	EXP 	Created unnamed TextStim = TextStim(__class__=<class 'psychopy.visual.text.TextStim'>, alignHoriz=method-wrapper(...), alignText='center', alignVert=method-wrapper(...), anchorHoriz='center', anchorVert='center', antialias=True, autoLog=True, bold=False, color=array([1, 1, 1]), colorSpace='rgb', contrast=1.0, depth=0, flipHoriz=False, flipVert=False, font='', fontFiles=[], height=28, italic=False, languageStyle='LTR', name='unnamed TextStim', opacity=1.0, ori=0.0, pos=array([0., 0.]), rgb=UNKNOWN, text=str(...), units='pix', win=Window(...), wrapWidth=1000)
7.7821 	EXP 	Created unnamed TextStim = TextStim(__class__=<class 'psychopy.visual.text.TextStim'>, alignHoriz=method-wrapper(...), alignText='center', alignVert=method-wrapper(...), anchorHoriz='center', anchorVert='center', antialias=True, autoLog=True, bold=False, color=array([1, 1, 1]), colorSpace='rgb', contrast=1.0, depth=0, flipHoriz=False, flipVert=False, font='', fontFiles=[], height=28, italic=False, languageStyle='LTR', name='unnamed TextStim', opacity=1.0, ori=0.0, pos=array([0., 0.]), rgb=UNKNOWN, text=str(...), units='pix', win=Window(...), wrapWidth=1000)
7.7870 	EXP 	Created unnamed TextStim = TextStim(__class__=<class 'psychopy.visual.text.TextStim'>, alignHoriz=method-wrapper(...), alignText='center', alignVert=method-wrapper(...), anchorHoriz='center', anchorVert='center', antialias=True, autoLog=True, bold=False, color=array([1, 1, 1]), colorSpace='rgb', contrast=1.0, depth=0, flipHoriz=False, flipVert=False, font='', fontFiles=[], height=28, italic=False, languageStyle='LTR', name='unnamed TextStim', opacity=1.0, ori=0.0, pos=array([0., 0.]), rgb=UNKNOWN, text=str(...), units='pix', win=Window(...), wrapWidth=1000)
7.7931 	EXP 	Created unnamed TextStim = TextStim(__class__=<class 'psychopy.visual.text.TextStim'>, alignHoriz=method-wrapper(...), alignText='center', alignVert=method-wrapper(...), anchorHoriz='center', anchorVert='center', antialias=True, autoLog=True, bold=False, color=array([1, 1, 1]), colorSpace='rgb', contrast=1.0, depth=0, flipHoriz=False, flipVert=False, font='', fontFiles=[], height=28, italic=False, languageStyle='LTR', name='unnamed TextStim', opacity=1.0, ori=0.0, pos=array([0., 0.]), rgb=UNKNOWN, text=str(...), units='pix', win=Window(...), wrapWidth=1000)
7.7931 	EXP 	window1: mouseVisible = True
7.7932 	EXP 	window1: mouseVisible = True
9.2589 	DATA 	Mouse: Left button down, pos=(693,504)
10.0800 	DATA 	Mouse:  Left button up, pos=(693,504)
10.7506 	DATA 	Mouse: Left button down, pos=(695,504)
11.5646 	DATA 	Mouse:  Left button up, pos=(695,504)
12.3684 	DATA 	Mouse: Left button down, pos=(695,504)
12.3695 	EXP 	Created unnamed ShapeStim = ShapeStim(__class__=<class 'psychopy.visual.shape.ShapeStim'>, autoDraw=False, autoLog=True, closeShape=False, color=method-wrapper(...), colorSpace='rgb', contrast=None, depth=0, fillColor=array([0, 0, 0]), fillColorSpace='rgb', fillRGB=UNKNOWN, interpolate=True, lineColor=array([1, 1, 1]), lineColorSpace='rgb', lineRGB=UNKNOWN, lineWidth=50, name='unnamed ShapeStim', opacity=0.5, ori=0.0, pos=array([  0., 100.]), size=array([1., 1.]), units='pix', vertices=ndarray(...), win=Window(...), windingRule=None)
12.3779 	EXP 	Created unnamed Circle = Circle(__class__=<class 'psychopy.visual.circle.Circle'>, autoDraw=False, autoLog=True, closeShape=True, color=method-wrapper(...), colorSpace='rgb', contrast=None, depth=0, fillColor=array([1, 1, 1]), fillColorSpace='rgb', fillRGB=UNKNOWN, interpolate=True, lineColor=array([0, 0, 0]), lineColorSpace='rgb', lineRGB=UNKNOWN, lineWidth=1.5, name='unnamed Circle', opacity=0.5, ori=0.0, pos=array([0., 0.]), size=array([1., 1.]), units='pix', vertices=ndarray(...), win=Window(...))
12.3787 	EXP 	Created unnamed Rect = Rect(__class__=<class 'psychopy.visual.rect.Rect'>, autoDraw=False, autoLog=True, closeShape=True, color=method-wrapper(...), colorSpace='rgb', contrast=None, depth=0, fillColor=array([0, 0, 0]), fillColorSpace='rgb', fillRGB=UNKNOWN, interpolate=True, lineColor=array([1, 1, 1]), lineColorSpace='rgb', lineRGB=UNKNOWN, lineWidth=1.5, name='unnamed Rect', opacity=0.5, ori=0.0, pos=array([210., 105.]), size=array([240., 240.]), units='pix', vertices=ndarray(...), win=Window(...))
12.3794 	EXP 	Created unnamed Rect = Rect(__class__=<class 'psychopy.visual.rect.Rect'>, autoDraw=False, autoLog=True, closeShape=True, color=method-wrapper(...), colorSpace='rgb', contrast=None, depth=0, fillColor=array([0, 0, 0]), fillColorSpace='rgb', fillRGB=UNKNOWN, interpolate=True, lineColor=array([1, 1, 1]), lineColorSpace='rgb', lineRGB=UNKNOWN, lineWidth=1.5, name='unnamed Rect', opacity=0.5, ori=0.0, pos=array([-210.,  105.]), size=array([240., 240.]), units='pix', vertices=ndarray(...), win=Window(...))
12.3800 	EXP 	Created unnamed ShapeStim = ShapeStim(__class__=<class 'psychopy.visual.shape.ShapeStim'>, autoDraw=False, autoLog=True, closeShape=False, color=method-wrapper(...), colorSpace='rgb', contrast=None, depth=0, fillColor=array([0, 0, 0]), fillColorSpace='rgb', fillRGB=UNKNOWN, interpolate=True, lineColor=array([0. , 0.8, 0.8]), lineColorSpace='rgb', lineRGB=UNKNOWN, lineWidth=8, name='unnamed ShapeStim', opacity=0.5, ori=0.0, pos=array([0., 0.]), size=array([1., 1.]), units='pix', vertices=array([[  0., -25.],
       [  0.,  25.]]), win=Window(...), windingRule=None)
12.3807 	EXP 	Created unnamed ShapeStim = ShapeStim(__class__=<class 'psychopy.visual.shape.ShapeStim'>, autoDraw=False, autoLog=True, closeShape=False, color=method-wrapper(...), colorSpace='rgb', contrast=None, depth=0, fillColor=array([0, 0, 0]), fillColorSpace='rgb', fillRGB=UNKNOWN, interpolate=True, lineColor=array([0, 0, 0]), lineColorSpace='rgb', lineRGB=UNKNOWN, lineWidth=8, name='unnamed ShapeStim', opacity=0, ori=0.0, pos=array([0., 0.]), size=array([1., 1.]), units='pix', vertices=array([[  0., -25.],
       [  0.,  25.]]), win=Window(...), windingRule=None)
12.3808 	EXP 	window1: mouseVisible = False
13.1970 	DATA 	Mouse:  Left button up, pos=(695,504)
13.5295 	EXP 	unnamed Circle: pos = [100, 0]
13.5295 	EXP 	unnamed Circle: pos = [112, 0]
13.5295 	EXP 	unnamed Circle: pos = [124, 0]
13.5295 	EXP 	unnamed Circle: pos = [148, 0]
13.5295 	EXP 	unnamed Circle: pos = [172, 0]
13.5295 	EXP 	unnamed Circle: pos = [184, 0]
13.5295 	EXP 	unnamed Circle: pos = [196, 0]
13.5295 	EXP 	unnamed Circle: pos = [220, 0]
13.5295 	EXP 	unnamed Circle: pos = [232, 0]
13.5295 	EXP 	unnamed Circle: pos = [244, 0]
13.5295 	EXP 	unnamed Circle: pos = [268, 0]
13.5295 	EXP 	unnamed Circle: pos = [292, 0]
13.5295 	EXP 	unnamed Circle: pos = [100, 12]
13.5295 	EXP 	unnamed Circle: pos = [124, 12]
13.5295 	EXP 	unnamed Circle: pos = [148, 12]
13.5295 	EXP 	unnamed Circle: pos = [160, 12]
13.5295 	EXP 	unnamed Circle: pos = [172, 12]
13.5295 	EXP 	unnamed Circle: pos = [184, 12]
13.5295 	EXP 	unnamed Circle: pos = [196, 12]
13.5295 	EXP 	unnamed Circle: pos = [208, 12]
13.5295 	EXP 	unnamed Circle: pos = [220, 12]
13.5295 	EXP 	unnamed Circle: pos = [256, 12]
13.5295 	EXP 	unnamed Circle: pos = [268, 12]
13.5295 	EXP 	unnamed Circle: pos = [100, 24]
13.5295 	EXP 	unnamed Circle: pos = [124, 24]
13.5295 	EXP 	unnamed Circle: pos = [136, 24]
13.5295 	EXP 	unnamed Circle: pos = [148, 24]
13.5295 	EXP 	unnamed Circle: pos = [184, 24]
13.5295 	EXP 	unnamed Circle: pos = [232, 24]
13.5295 	EXP 	unnamed Circle: pos = [244, 24]
13.5295 	EXP 	unnamed Circle: pos = [256, 24]
13.5295 	EXP 	unnamed Circle: pos = [268, 24]
13.5295 	EXP 	unnamed Circle: pos = [280, 24]
13.5295 	EXP 	unnamed Circle: pos = [292, 24]
13.5295 	EXP 	unnamed Circle: pos = [316, 24]
13.5295 	EXP 	unnamed Circle: pos = [100, 36]
13.5295 	EXP 	unnamed Circle: pos = [112, 36]
13.5295 	EXP 	unnamed Circle: pos = [124, 36]
13.5295 	EXP 	unnamed Circle: pos = [136, 36]
13.5295 	EXP 	unnamed Circle: pos = [148, 36]
13.5295 	EXP 	unnamed Circle: pos = [160, 36]
13.5295 	EXP 	unnamed Circle: pos = [172, 36]
13.5295 	EXP 	unnamed Circle: pos = [184, 36]
13.5295 	EXP 	unnamed Circle: pos = [196, 36]
13.5295 	EXP 	unnamed Circle: pos = [232, 36]
13.5295 	EXP 	unnamed Circle: pos = [244, 36]
13.5295 	EXP 	unnamed Circle: pos = [256, 36]
13.5295 	EXP 	unnamed Circle: pos = [280, 36]
13.5295 	EXP 	unnamed Circle: pos = [304, 36]
13.5295 	EXP 	unnamed Circle: pos = [112, 48]
13.5295 	EXP 	unnamed Circle: pos = [124, 48]
13.5295 	EXP 	unnamed Circle: pos = [136, 48]
13.5295 	EXP 	unnamed Circle: pos = [148, 48]
13.5295 	EXP 	unnamed Circle: pos = [160, 48]
13.5295 	EXP 	unnamed Circle: pos = [172, 48]
13.5295 	EXP 	unnamed Circle: pos = [196, 48]
13.5295 	EXP 	unnamed Circle: pos = [208, 48]
13.5295 	EXP 	unnamed Circle: pos = [232, 48]
13.5295 	EXP 	unnamed Circle: pos = [244, 48]
13.5295 	EXP 	unnamed Circle: pos = [268, 48]
13.5295 	EXP 	unnamed Circle: pos = [280, 48]
13.5295 	EXP 	unnamed Circle: pos = [292, 48]
13.5295 	EXP 	unnamed Circle: pos = [304, 48]
13.5295 	EXP 	unnamed Circle: pos = [316, 48]
13.5295 	EXP 	unnamed Circle: pos = [100, 60]
13.5295 	EXP 	unnamed Circle: pos = [112, 60]
13.5295 	EXP 	unnamed Circle: pos = [124, 60]
13.5295 	EXP 	unnamed Circle: pos = [136, 60]
13.5295 	EXP 	unnamed Circle: pos = [148, 60]
13.5295 	EXP 	unnamed Circle: pos = [220, 60]
13.5295 	EXP 	unnamed Circle: pos = [232, 60]
13.5295 	EXP 	unnamed Circle: pos = [256, 60]
13.5295 	EXP 	unnamed Circle: pos = [268, 60]
13.5295 	EXP 	unnamed Circle: pos = [280, 60]
13.5295 	EXP 	unnamed Circle: pos = [316, 60]
13.5295 	EXP 	unnamed Circle: pos = [100, 72]
13.5295 	EXP 	unnamed Circle: pos = [112, 72]
13.5295 	EXP 	unnamed Circle: pos = [124, 72]
13.5295 	EXP 	unnamed Circle: pos = [136, 72]
13.5295 	EXP 	unnamed Circle: pos = [148, 72]
13.5295 	EXP 	unnamed Circle: pos = [172, 72]
13.5295 	EXP 	unnamed Circle: pos = [184, 72]
13.5295 	EXP 	unnamed Circle: pos = [196, 72]
13.5295 	EXP 	unnamed Circle: pos = [208, 72]
13.5295 	EXP 	unnamed Circle: pos = [220, 72]
13.5295 	EXP 	unnamed Circle: pos = [244, 72]
13.5295 	EXP 	unnamed Circle: pos = [268, 72]
13.5295 	EXP 	unnamed Circle: pos = [280, 72]
13.5295 	EXP 	unnamed Circle: pos = [304, 72]
13.5295 	EXP 	unnamed Circle: pos = [316, 72]
13.5295 	EXP 	unnamed Circle: pos = [100, 84]
13.5295 	EXP 	unnamed Circle: pos = [136, 84]
13.5295 	EXP 	unnamed Circle: pos = [148, 84]
13.5295 	EXP 	unnamed Circle: pos = [160, 84]
13.5295 	EXP 	unnamed Circle: pos = [172, 84]
13.5295 	EXP 	unnamed Circle: pos = [184, 84]
13.5295 	EXP 	unnamed Circle: pos = [196, 84]
13.5295 	EXP 	unnamed Circle: pos = [208, 84]
13.5295 	EXP 	unnamed Circle: pos = [220, 84]
13.5295 	EXP 	unnamed Circle: pos = [244, 84]
13.5295 	EXP 	unnamed Circle: pos = [256, 84]
13.5295 	EXP 	unnamed Circle: pos = [268, 84]
13.5295 	EXP 	unnamed Circle: pos = [304, 84]
13.5295 	EXP 	unnamed Circle: pos = [316, 84]
13.5295 	EXP 	unnamed Circle: pos = [100, 96]
13.5295 	EXP 	unnamed Circle: pos = [148, 96]
13.5295 	EXP 	unnamed Circle: pos = [184, 96]
13.5295 	EXP 	unnamed Circle: pos = [196, 96]
13.5295 	EXP 	unnamed Circle: pos = [220, 96]
13.5295 	EXP 	unnamed Circle: pos = [256, 96]
13.5295 	EXP 	unnamed Circle: pos = [268, 96]
13.5295 	EXP 	unnamed Circle: pos = [280, 96]
13.5295 	EXP 	unnamed Circle: pos = [292, 96]
13.5295 	EXP 	unnamed Circle: pos = [316, 96]
13.5295 	EXP 	unnamed Circle: pos = [100, 108]
13.5295 	EXP 	unnamed Circle: pos = [112, 108]
13.5295 	EXP 	unnamed Circle: pos = [136, 108]
13.5295 	EXP 	unnamed Circle: pos = [160, 108]
13.5295 	EXP 	unnamed Circle: pos = [172, 108]
13.5295 	EXP 	unnamed Circle: pos = [184, 108]
13.5295 	EXP 	unnamed Circle: pos = [232, 108]
13.5295 	EXP 	unnamed Circle: pos = [244, 108]
13.5295 	EXP 	unnamed Circle: pos = [256, 108]
13.5295 	EXP 	unnamed Circle: pos = [112, 120]
13.5295 	EXP 	unnamed Circle: pos = [124, 120]
13.5295 	EXP 	unnamed Circle: pos = [136, 120]
13.5295 	EXP 	unnamed Circle: pos = [172, 120]
13.5295 	EXP 	unnamed Circle: pos = [184, 120]
13.5295 	EXP 	unnamed Circle: pos = [208, 120]
13.5295 	EXP 	unnamed Circle: pos = [220, 120]
13.5295 	EXP 	unnamed Circle: pos = [232, 120]
13.5295 	EXP 	unnamed Circle: pos = [280, 120]
13.5295 	EXP 	unnamed Circle: pos = [292, 120]
13.5295 	EXP 	unnamed Circle: pos = [316, 120]
13.5295 	EXP 	unnamed Circle: pos = [112, 132]
13.5295 	EXP 	unnamed Circle: pos = [124, 132]
13.5295 	EXP 	unnamed Circle: pos = [136, 132]
13.5295 	EXP 	unnamed Circle: pos = [148, 132]
13.5295 	EXP 	unnamed Circle: pos = [160, 132]
13.5295 	EXP 	unnamed Circle: pos = [172, 132]
13.5295 	EXP 	unnamed Circle: pos = [184, 132]
13.5295 	EXP 	unnamed Circle: pos = [196, 132]
13.5295 	EXP 	unnamed Circle: pos = [208, 132]
13.5295 	EXP 	unnamed Circle: pos = [220, 132]
13.5295 	EXP 	unnamed Circle: pos = [232, 132]
13.5295 	EXP 	unnamed Circle: pos = [256, 132]
13.5295 	EXP 	unnamed Circle: pos = [268, 132]
13.5295 	EXP 	unnamed Circle: pos = [280, 132]
13.5295 	EXP 	unnamed Circle: pos = [304, 132]
13.5295 	EXP 	unnamed Circle: pos = [112, 144]
13.5295 	EXP 	unnamed Circle: pos = [136, 144]
13.5295 	EXP 	unnamed Circle: pos = [148, 144]
13.5295 	EXP 	unnamed Circle: pos = [184, 144]
13.5295 	EXP 	unnamed Circle: pos = [208, 144]
13.5295 	EXP 	unnamed Circle: pos = [244, 144]
13.5295 	EXP 	unnamed Circle: pos = [268, 144]
13.5295 	EXP 	unnamed Circle: pos = [280, 144]
13.5295 	EXP 	unnamed Circle: pos = [292, 144]
13.5295 	EXP 	unnamed Circle: pos = [304, 144]
13.5295 	EXP 	unnamed Circle: pos = [112, 156]
13.5295 	EXP 	unnamed Circle: pos = [124, 156]
13.5295 	EXP 	unnamed Circle: pos = [172, 156]
13.5295 	EXP 	unnamed Circle: pos = [184, 156]
13.5295 	EXP 	unnamed Circle: pos = [196, 156]
13.5295 	EXP 	unnamed Circle: pos = [208, 156]
13.5295 	EXP 	unnamed Circle: pos = [232, 156]
13.5295 	EXP 	unnamed Circle: pos = [244, 156]
13.5295 	EXP 	unnamed Circle: pos = [256, 156]
13.5295 	EXP 	unnamed Circle: pos = [280, 156]
13.5295 	EXP 	unnamed Circle: pos = [292, 156]
13.5295 	EXP 	unnamed Circle: pos = [304, 156]
13.5295 	EXP 	unnamed Circle: pos = [316, 156]
13.5295 	EXP 	unnamed Circle: pos = [100, 168]
13.5295 	EXP 	unnamed Circle: pos = [112, 168]
13.5295 	EXP 	unnamed Circle: pos = [124, 168]
13.5295 	EXP 	unnamed Circle: pos = [148, 168]
13.5295 	EXP 	unnamed Circle: pos = [160, 168]
13.5295 	EXP 	unnamed Circle: pos = [172, 168]
13.5295 	EXP 	unnamed Circle: pos = [184, 168]
13.5295 	EXP 	unnamed Circle: pos = [196, 168]
13.5295 	EXP 	unnamed Circle: pos = [208, 168]
13.5295 	EXP 	unnamed Circle: pos = [256, 168]
13.5295 	EXP 	unnamed Circle: pos = [268, 168]
13.5295 	EXP 	unnamed Circle: pos = [292, 168]
13.5295 	EXP 	unnamed Circle: pos = [304, 168]
13.5295 	EXP 	unnamed Circle: pos = [112, 180]
13.5295 	EXP 	unnamed Circle: pos = [124, 180]
13.5295 	EXP 	unnamed Circle: pos = [136, 180]
13.5295 	EXP 	unnamed Circle: pos = [148, 180]
13.5295 	EXP 	unnamed Circle: pos = [172, 180]
13.5295 	EXP 	unnamed Circle: pos = [184, 180]
13.5295 	EXP 	unnamed Circle: pos = [196, 180]
13.5295 	EXP 	unnamed Circle: pos = [220, 180]
13.5295 	EXP 	unnamed Circle: pos = [244, 180]
13.5295 	EXP 	unnamed Circle: pos = [256, 180]
13.5295 	EXP 	unnamed Circle: pos = [268, 180]
13.5295 	EXP 	unnamed Circle: pos = [292, 180]
13.5295 	EXP 	unnamed Circle: pos = [304, 180]
13.5295 	EXP 	unnamed Circle: pos = [316, 180]
13.5295 	EXP 	unnamed Circle: pos = [100, 192]
13.5295 	EXP 	unnamed Circle: pos = [112, 192]
13.5295 	EXP 	unnamed Circle: pos = [124, 192]
13.5295 	EXP 	unnamed Circle: pos = [136, 192]
13.5295 	EXP 	unnamed Circle: pos = [160, 192]
13.5295 	EXP 	unnamed Circle: pos = [184, 192]
13.5295 	EXP 	unnamed Circle: pos = [196, 192]
13.5295 	EXP 	unnamed Circle: pos = [208, 192]
13.5295 	EXP 	unnamed Circle: pos = [220, 192]
13.5295 	EXP 	unnamed Circle: pos = [232, 192]
13.5295 	EXP 	unnamed Circle: pos = [244, 192]
13.5295 	EXP 	unnamed Circle: pos = [256, 192]
13.5295 	EXP 	unnamed Circle: pos = [268, 192]
13.5295 	EXP 	unnamed Circle: pos = [280, 192]
13.5295 	EXP 	unnamed Circle: pos = [292, 192]
13.5295 	EXP 	unnamed Circle: pos = [304, 192]
13.5295 	EXP 	unnamed Circle: pos = [316, 192]
13.5295 	EXP 	unnamed Circle: pos = [100, 204]
13.5295 	EXP 	unnamed Circle: pos = [160, 204]
13.5295 	EXP 	unnamed Circle: pos = [184, 204]
13.5295 	EXP 	unnamed Circle: pos = [208, 204]
13.5295 	EXP 	unnamed Circle: pos = [232, 204]
13.5295 	EXP 	unnamed Circle: pos = [244, 204]
13.5295 	EXP 	unnamed Circle: pos = [256, 204]
13.5295 	EXP 	unnamed Circle: pos = [268, 204]
13.5295 	EXP 	unnamed Circle: pos = [280, 204]
13.5295 	EXP 	unnamed Circle: pos = [292, 204]
13.5295 	EXP 	unnamed Circle: pos = [304, 204]
13.5295 	EXP 	unnamed Circle: pos = [316, 204]
13.5295 	EXP 	unnamed Circle: pos = [124, 216]
13.5295 	EXP 	unnamed Circle: pos = [136, 216]
13.5295 	EXP 	unnamed Circle: pos = [148, 216]
13.5295 	EXP 	unnamed Circle: pos = [160, 216]
13.5295 	EXP 	unnamed Circle: pos = [184, 216]
13.5295 	EXP 	unnamed Circle: pos = [196, 216]
13.5295 	EXP 	unnamed Circle: pos = [232, 216]
13.5295 	EXP 	unnamed Circle: pos = [244, 216]
13.5295 	EXP 	unnamed Circle: pos = [268, 216]
13.5295 	EXP 	unnamed Circle: pos = [280, 216]
13.5295 	EXP 	unnamed Circle: pos = [292, 216]
13.5295 	EXP 	unnamed Circle: pos = [304, 216]
13.5295 	EXP 	unnamed Circle: pos = [316, 216]
13.5295 	EXP 	unnamed Circle: pos = [-148, 0]
13.5295 	EXP 	unnamed Circle: pos = [-160, 0]
13.5295 	EXP 	unnamed Circle: pos = [-172, 0]
13.5295 	EXP 	unnamed Circle: pos = [-184, 0]
13.5295 	EXP 	unnamed Circle: pos = [-232, 0]
13.5295 	EXP 	unnamed Circle: pos = [-256, 0]
13.5295 	EXP 	unnamed Circle: pos = [-316, 0]
13.5295 	EXP 	unnamed Circle: pos = [-148, 12]
13.5295 	EXP 	unnamed Circle: pos = [-196, 12]
13.5295 	EXP 	unnamed Circle: pos = [-256, 12]
13.5295 	EXP 	unnamed Circle: pos = [-292, 12]
13.5295 	EXP 	unnamed Circle: pos = [-304, 12]
13.5295 	EXP 	unnamed Circle: pos = [-316, 12]
13.5295 	EXP 	unnamed Circle: pos = [-100, 24]
13.5295 	EXP 	unnamed Circle: pos = [-112, 24]
13.5295 	EXP 	unnamed Circle: pos = [-136, 24]
13.5295 	EXP 	unnamed Circle: pos = [-148, 24]
13.5295 	EXP 	unnamed Circle: pos = [-160, 24]
13.5295 	EXP 	unnamed Circle: pos = [-172, 24]
13.5295 	EXP 	unnamed Circle: pos = [-184, 24]
13.5295 	EXP 	unnamed Circle: pos = [-256, 24]
13.5295 	EXP 	unnamed Circle: pos = [-268, 24]
13.5295 	EXP 	unnamed Circle: pos = [-292, 24]
13.5295 	EXP 	unnamed Circle: pos = [-304, 24]
13.5295 	EXP 	unnamed Circle: pos = [-316, 24]
13.5295 	EXP 	unnamed Circle: pos = [-100, 36]
13.5295 	EXP 	unnamed Circle: pos = [-136, 36]
13.5295 	EXP 	unnamed Circle: pos = [-148, 36]
13.5295 	EXP 	unnamed Circle: pos = [-160, 36]
13.5295 	EXP 	unnamed Circle: pos = [-172, 36]
13.5295 	EXP 	unnamed Circle: pos = [-184, 36]
13.5295 	EXP 	unnamed Circle: pos = [-208, 36]
13.5295 	EXP 	unnamed Circle: pos = [-220, 36]
13.5295 	EXP 	unnamed Circle: pos = [-232, 36]
13.5295 	EXP 	unnamed Circle: pos = [-304, 36]
13.5295 	EXP 	unnamed Circle: pos = [-316, 36]
13.5295 	EXP 	unnamed Circle: pos = [-100, 48]
13.5295 	EXP 	unnamed Circle: pos = [-112, 48]
13.5295 	EXP 	unnamed Circle: pos = [-148, 48]
13.5295 	EXP 	unnamed Circle: pos = [-160, 48]
13.5295 	EXP 	unnamed Circle: pos = [-172, 48]
13.5295 	EXP 	unnamed Circle: pos = [-244, 48]
13.5295 	EXP 	unnamed Circle: pos = [-304, 48]
13.5295 	EXP 	unnamed Circle: pos = [-316, 48]
13.5295 	EXP 	unnamed Circle: pos = [-124, 60]
13.5295 	EXP 	unnamed Circle: pos = [-172, 60]
13.5295 	EXP 	unnamed Circle: pos = [-184, 60]
13.5295 	EXP 	unnamed Circle: pos = [-208, 60]
13.5295 	EXP 	unnamed Circle: pos = [-220, 60]
13.5295 	EXP 	unnamed Circle: pos = [-244, 60]
13.5295 	EXP 	unnamed Circle: pos = [-268, 60]
13.5295 	EXP 	unnamed Circle: pos = [-280, 60]
13.5295 	EXP 	unnamed Circle: pos = [-112, 72]
13.5295 	EXP 	unnamed Circle: pos = [-148, 72]
13.5295 	EXP 	unnamed Circle: pos = [-184, 72]
13.5295 	EXP 	unnamed Circle: pos = [-208, 72]
13.5295 	EXP 	unnamed Circle: pos = [-244, 72]
13.5295 	EXP 	unnamed Circle: pos = [-256, 72]
13.5295 	EXP 	unnamed Circle: pos = [-268, 72]
13.5295 	EXP 	unnamed Circle: pos = [-304, 72]
13.5295 	EXP 	unnamed Circle: pos = [-100, 84]
13.5295 	EXP 	unnamed Circle: pos = [-112, 84]
13.5295 	EXP 	unnamed Circle: pos = [-124, 84]
13.5295 	EXP 	unnamed Circle: pos = [-136, 84]
13.5295 	EXP 	unnamed Circle: pos = [-184, 84]
13.5295 	EXP 	unnamed Circle: pos = [-196, 84]
13.5295 	EXP 	unnamed Circle: pos = [-208, 84]
13.5295 	EXP 	unnamed Circle: pos = [-220, 84]
13.5295 	EXP 	unnamed Circle: pos = [-232, 84]
13.5295 	EXP 	unnamed Circle: pos = [-244, 84]
13.5295 	EXP 	unnamed Circle: pos = [-292, 84]
13.5295 	EXP 	unnamed Circle: pos = [-304, 84]
13.5295 	EXP 	unnamed Circle: pos = [-316, 84]
13.5295 	EXP 	unnamed Circle: pos = [-136, 96]
13.5295 	EXP 	unnamed Circle: pos = [-160, 96]
13.5295 	EXP 	unnamed Circle: pos = [-172, 96]
13.5295 	EXP 	unnamed Circle: pos = [-244, 96]
13.5295 	EXP 	unnamed Circle: pos = [-256, 96]
13.5295 	EXP 	unnamed Circle: pos = [-268, 96]
13.5295 	EXP 	unnamed Circle: pos = [-280, 96]
13.5295 	EXP 	unnamed Circle: pos = [-316, 96]
13.5295 	EXP 	unnamed Circle: pos = [-100, 108]
13.5295 	EXP 	unnamed Circle: pos = [-112, 108]
13.5295 	EXP 	unnamed Circle: pos = [-184, 108]
13.5295 	EXP 	unnamed Circle: pos = [-196, 108]
13.5295 	EXP 	unnamed Circle: pos = [-232, 108]
13.5295 	EXP 	unnamed Circle: pos = [-316, 108]
13.5295 	EXP 	unnamed Circle: pos = [-100, 120]
13.5295 	EXP 	unnamed Circle: pos = [-148, 120]
13.5295 	EXP 	unnamed Circle: pos = [-160, 120]
13.5295 	EXP 	unnamed Circle: pos = [-208, 120]
13.5295 	EXP 	unnamed Circle: pos = [-220, 120]
13.5295 	EXP 	unnamed Circle: pos = [-244, 120]
13.5295 	EXP 	unnamed Circle: pos = [-256, 120]
13.5295 	EXP 	unnamed Circle: pos = [-268, 120]
13.5295 	EXP 	unnamed Circle: pos = [-304, 120]
13.5295 	EXP 	unnamed Circle: pos = [-316, 120]
13.5295 	EXP 	unnamed Circle: pos = [-148, 132]
13.5295 	EXP 	unnamed Circle: pos = [-172, 132]
13.5295 	EXP 	unnamed Circle: pos = [-184, 132]
13.5295 	EXP 	unnamed Circle: pos = [-220, 132]
13.5295 	EXP 	unnamed Circle: pos = [-244, 132]
13.5295 	EXP 	unnamed Circle: pos = [-256, 132]
13.5295 	EXP 	unnamed Circle: pos = [-280, 132]
13.5295 	EXP 	unnamed Circle: pos = [-304, 132]
13.5295 	EXP 	unnamed Circle: pos = [-100, 144]
13.5295 	EXP 	unnamed Circle: pos = [-112, 144]
13.5295 	EXP 	unnamed Circle: pos = [-124, 144]
13.5295 	EXP 	unnamed Circle: pos = [-136, 144]
13.5295 	EXP 	unnamed Circle: pos = [-148, 144]
13.5295 	EXP 	unnamed Circle: pos = [-184, 144]
13.5295 	EXP 	unnamed Circle: pos = [-196, 144]
13.5295 	EXP 	unnamed Circle: pos = [-220, 144]
13.5295 	EXP 	unnamed Circle: pos = [-232, 144]
13.5295 	EXP 	unnamed Circle: pos = [-256, 144]
13.5295 	EXP 	unnamed Circle: pos = [-268, 144]
13.5295 	EXP 	unnamed Circle: pos = [-292, 144]
13.5295 	EXP 	unnamed Circle: pos = [-316, 144]
13.5295 	EXP 	unnamed Circle: pos = [-124, 156]
13.5295 	EXP 	unnamed Circle: pos = [-136, 156]
13.5295 	EXP 	unnamed Circle: pos = [-160, 156]
13.5295 	EXP 	unnamed Circle: pos = [-196, 156]
13.5295 	EXP 	unnamed Circle: pos = [-208, 156]
13.5295 	EXP 	unnamed Circle: pos = [-220, 156]
13.5295 	EXP 	unnamed Circle: pos = [-244, 156]
13.5295 	EXP 	unnamed Circle: pos = [-280, 156]
13.5295 	EXP 	unnamed Circle: pos = [-304, 156]
13.5295 	EXP 	unnamed Circle: pos = [-316, 156]
13.5295 	EXP 	unnamed Circle: pos = [-100, 168]
13.5295 	EXP 	unnamed Circle: pos = [-124, 168]
13.5295 	EXP 	unnamed Circle: pos = [-136, 168]
13.5295 	EXP 	unnamed Circle: pos = [-160, 168]
13.5295 	EXP 	unnamed Circle: pos = [-172, 168]
13.5295 	EXP 	unnamed Circle: pos = [-196, 168]
13.5295 	EXP 	unnamed Circle: pos = [-208, 168]
13.5295 	EXP 	unnamed Circle: pos = [-244, 168]
13.5295 	EXP 	unnamed Circle: pos = [-292, 168]
13.5295 	EXP 	unnamed Circle: pos = [-304, 168]
13.5295 	EXP 	unnamed Circle: pos = [-316, 168]
13.5295 	EXP 	unnamed Circle: pos = [-100, 180]
13.5295 	EXP 	unnamed Circle: pos = [-112, 180]
13.5295 	EXP 	unnamed Circle: pos = [-136, 180]
13.5295 	EXP 	unnamed Circle: pos = [-160, 180]
13.5295 	EXP 	unnamed Circle: pos = [-184, 180]
13.5295 	EXP 	unnamed Circle: pos = [-196, 180]
13.5295 	EXP 	unnamed Circle: pos = [-208, 180]
13.5295 	EXP 	unnamed Circle: pos = [-220, 180]
13.5295 	EXP 	unnamed Circle: pos = [-232, 180]
13.5295 	EXP 	unnamed Circle: pos = [-244, 180]
13.5295 	EXP 	unnamed Circle: pos = [-268, 180]
13.5295 	EXP 	unnamed Circle: pos = [-280, 180]
13.5295 	EXP 	unnamed Circle: pos = [-100, 192]
13.5295 	EXP 	unnamed Circle: pos = [-124, 192]
13.5295 	EXP 	unnamed Circle: pos = [-148, 192]
13.5295 	EXP 	unnamed Circle: pos = [-160, 192]
13.5295 	EXP 	unnamed Circle: pos = [-208, 192]
13.5295 	EXP 	unnamed Circle: pos = [-232, 192]
13.5295 	EXP 	unnamed Circle: pos = [-256, 192]
13.5295 	EXP 	unnamed Circle: pos = [-268, 192]
13.5295 	EXP 	unnamed Circle: pos = [-292, 192]
13.5295 	EXP 	unnamed Circle: pos = [-124, 204]
13.5295 	EXP 	unnamed Circle: pos = [-160, 204]
13.5295 	EXP 	unnamed Circle: pos = [-172, 204]
13.5295 	EXP 	unnamed Circle: pos = [-208, 204]
13.5295 	EXP 	unnamed Circle: pos = [-220, 204]
13.5295 	EXP 	unnamed Circle: pos = [-232, 204]
13.5295 	EXP 	unnamed Circle: pos = [-244, 204]
13.5295 	EXP 	unnamed Circle: pos = [-268, 204]
13.5295 	EXP 	unnamed Circle: pos = [-280, 204]
13.5295 	EXP 	unnamed Circle: pos = [-304, 204]
13.5295 	EXP 	unnamed Circle: pos = [-316, 204]
13.5295 	EXP 	unnamed Circle: pos = [-100, 216]
13.5295 	EXP 	unnamed Circle: pos = [-112, 216]
13.5295 	EXP 	unnamed Circle: pos = [-124, 216]
13.5295 	EXP 	unnamed Circle: pos = [-148, 216]
13.5295 	EXP 	unnamed Circle: pos = [-220, 216]
13.5295 	EXP 	unnamed Circle: pos = [-232, 216]
13.5295 	EXP 	unnamed Circle: pos = [-256, 216]
13.5295 	EXP 	unnamed Circle: pos = [-304, 216]
13.5295 	EXP 	unnamed Circle: pos = [-316, 216]
14.1645 	DATA 	Mouse: Right button down, pos=(695,504)
14.1796 	EXP 	unnamed Rect: lineWidth = 6
14.4806 	DATA 	Mouse:  Right button up, pos=(695,504)
14.6809 	EXP 	Created unnamed ShapeStim = ShapeStim(__class__=<class 'psychopy.visual.shape.ShapeStim'>, autoDraw=False, autoLog=True, closeShape=False, color=method-wrapper(...), colorSpace='rgb', contrast=None, depth=0, fillColor=array([0, 0, 0]), fillColorSpace='rgb', fillRGB=UNKNOWN, interpolate=True, lineColor=array([1, 1, 1]), lineColorSpace='rgb', lineRGB=UNKNOWN, lineWidth=50, name='unnamed ShapeStim', opacity=0.5, ori=0.0, pos=array([  0., 100.]), size=array([1., 1.]), units='pix', vertices=ndarray(...), win=Window(...), windingRule=None)
14.6873 	EXP 	Created unnamed Circle = Circle(__class__=<class 'psychopy.visual.circle.Circle'>, autoDraw=False, autoLog=True, closeShape=True, color=method-wrapper(...), colorSpace='rgb', contrast=None, depth=0, fillColor=array([1, 1, 1]), fillColorSpace='rgb', fillRGB=UNKNOWN, interpolate=True, lineColor=array([0, 0, 0]), lineColorSpace='rgb', lineRGB=UNKNOWN, lineWidth=1.5, name='unnamed Circle', opacity=0.5, ori=0.0, pos=array([0., 0.]), size=array([1., 1.]), units='pix', vertices=ndarray(...), win=Window(...))
14.6880 	EXP 	Created unnamed Rect = Rect(__class__=<class 'psychopy.visual.rect.Rect'>, autoDraw=False, autoLog=True, closeShape=True, color=method-wrapper(...), colorSpace='rgb', contrast=None, depth=0, fillColor=array([0, 0, 0]), fillColorSpace='rgb', fillRGB=UNKNOWN, interpolate=True, lineColor=array([1, 1, 1]), lineColorSpace='rgb', lineRGB=UNKNOWN, lineWidth=1.5, name='unnamed Rect', opacity=0.5, ori=0.0, pos=array([210., 105.]), size=array([240., 240.]), units='pix', vertices=ndarray(...), win=Window(...))
14.6887 	EXP 	Created unnamed Rect = Rect(__class__=<class 'psychopy.visual.rect.Rect'>, autoDraw=False, autoLog=True, closeShape=True, color=method-wrapper(...), colorSpace='rgb', contrast=None, depth=0, fillColor=array([0, 0, 0]), fillColorSpace='rgb', fillRGB=UNKNOWN, interpolate=True, lineColor=array([1, 1, 1]), lineColorSpace='rgb', lineRGB=UNKNOWN, lineWidth=1.5, name='unnamed Rect', opacity=0.5, ori=0.0, pos=array([-210.,  105.]), size=array([240., 240.]), units='pix', vertices=ndarray(...), win=Window(...))
14.6894 	EXP 	Created unnamed ShapeStim = ShapeStim(__class__=<class 'psychopy.visual.shape.ShapeStim'>, autoDraw=False, autoLog=True, closeShape=False, color=method-wrapper(...), colorSpace='rgb', contrast=None, depth=0, fillColor=array([0, 0, 0]), fillColorSpace='rgb', fillRGB=UNKNOWN, interpolate=True, lineColor=array([0. , 0.8, 0.8]), lineColorSpace='rgb', lineRGB=UNKNOWN, lineWidth=8, name='unnamed ShapeStim', opacity=0.5, ori=0.0, pos=array([0., 0.]), size=array([1., 1.]), units='pix', vertices=array([[  0., -25.],
       [  0.,  25.]]), win=Window(...), windingRule=None)
14.6901 	EXP 	Created unnamed ShapeStim = ShapeStim(__class__=<class 'psychopy.visual.shape.ShapeStim'>, autoDraw=False, autoLog=True, closeShape=False, color=method-wrapper(...), colorSpace='rgb', contrast=None, depth=0, fillColor=array([0, 0, 0]), fillColorSpace='rgb', fillRGB=UNKNOWN, interpolate=True, lineColor=array([0, 0, 0]), lineColorSpace='rgb', lineRGB=UNKNOWN, lineWidth=8, name='unnamed ShapeStim', opacity=0, ori=0.0, pos=array([0., 0.]), size=array([1., 1.]), units='pix', vertices=array([[  0., -25.],
       [  0.,  25.]]), win=Window(...), windingRule=None)
14.6901 	EXP 	window1: mouseVisible = False
15.8293 	EXP 	unnamed Circle: pos = [100, 0]
15.8293 	EXP 	unnamed Circle: pos = [112, 0]
15.8293 	EXP 	unnamed Circle: pos = [124, 0]
15.8293 	EXP 	unnamed Circle: pos = [136, 0]
15.8293 	EXP 	unnamed Circle: pos = [160, 0]
15.8293 	EXP 	unnamed Circle: pos = [172, 0]
15.8293 	EXP 	unnamed Circle: pos = [232, 0]
15.8293 	EXP 	unnamed Circle: pos = [256, 0]
15.8293 	EXP 	unnamed Circle: pos = [268, 0]
15.8293 	EXP 	unnamed Circle: pos = [280, 0]
15.8293 	EXP 	unnamed Circle: pos = [292, 0]
15.8293 	EXP 	unnamed Circle: pos = [304, 0]
15.8293 	EXP 	unnamed Circle: pos = [100, 12]
15.8293 	EXP 	unnamed Circle: pos = [136, 12]
15.8293 	EXP 	unnamed Circle: pos = [148, 12]
15.8293 	EXP 	unnamed Circle: pos = [160, 12]
15.8293 	EXP 	unnamed Circle: pos = [172, 12]
15.8293 	EXP 	unnamed Circle: pos = [184, 12]
15.8293 	EXP 	unnamed Circle: pos = [196, 12]
15.8293 	EXP 	unnamed Circle: pos = [208, 12]
15.8293 	EXP 	unnamed Circle: pos = [244, 12]
15.8293 	EXP 	unnamed Circle: pos = [256, 12]
15.8293 	EXP 	unnamed Circle: pos = [292, 12]
15.8293 	EXP 	unnamed Circle: pos = [184, 24]
15.8293 	EXP 	unnamed Circle: pos = [196, 24]
15.8293 	EXP 	unnamed Circle: pos = [232, 24]
15.8293 	EXP 	unnamed Circle: pos = [256, 24]
15.8293 	EXP 	unnamed Circle: pos = [280, 24]
15.8293 	EXP 	unnamed Circle: pos = [292, 24]
15.8293 	EXP 	unnamed Circle: pos = [136, 36]
15.8293 	EXP 	unnamed Circle: pos = [160, 36]
15.8293 	EXP 	unnamed Circle: pos = [172, 36]
15.8293 	EXP 	unnamed Circle: pos = [208, 36]
15.8293 	EXP 	unnamed Circle: pos = [232, 36]
15.8293 	EXP 	unnamed Circle: pos = [244, 36]
15.8293 	EXP 	unnamed Circle: pos = [292, 36]
15.8293 	EXP 	unnamed Circle: pos = [304, 36]
15.8293 	EXP 	unnamed Circle: pos = [148, 48]
15.8293 	EXP 	unnamed Circle: pos = [160, 48]
15.8293 	EXP 	unnamed Circle: pos = [172, 48]
15.8293 	EXP 	unnamed Circle: pos = [184, 48]
15.8293 	EXP 	unnamed Circle: pos = [196, 48]
15.8293 	EXP 	unnamed Circle: pos = [244, 48]
15.8293 	EXP 	unnamed Circle: pos = [256, 48]
15.8293 	EXP 	unnamed Circle: pos = [268, 48]
15.8293 	EXP 	unnamed Circle: pos = [280, 48]
15.8293 	EXP 	unnamed Circle: pos = [292, 48]
15.8293 	EXP 	unnamed Circle: pos = [304, 48]
15.8293 	EXP 	unnamed Circle: pos = [112, 60]
15.8293 	EXP 	unnamed Circle: pos = [148, 60]
15.8293 	EXP 	unnamed Circle: pos = [172, 60]
15.8293 	EXP 	unnamed Circle: pos = [184, 60]
15.8293 	EXP 	unnamed Circle: pos = [196, 60]
15.8293 	EXP 	unnamed Circle: pos = [208, 60]
15.8293 	EXP 	unnamed Circle: pos = [232, 60]
15.8293 	EXP 	unnamed Circle: pos = [256, 60]
15.8293 	EXP 	unnamed Circle: pos = [280, 60]
15.8293 	EXP 	unnamed Circle: pos = [292, 60]
15.8293 	EXP 	unnamed Circle: pos = [304, 60]
15.8293 	EXP 	unnamed Circle: pos = [316, 60]
15.8293 	EXP 	unnamed Circle: pos = [112, 72]
15.8293 	EXP 	unnamed Circle: pos = [124, 72]
15.8293 	EXP 	unnamed Circle: pos = [172, 72]
15.8293 	EXP 	unnamed Circle: pos = [280, 72]
15.8293 	EXP 	unnamed Circle: pos = [304, 72]
15.8293 	EXP 	unnamed Circle: pos = [100, 84]
15.8293 	EXP 	unnamed Circle: pos = [148, 84]
15.8293 	EXP 	unnamed Circle: pos = [172, 84]
15.8293 	EXP 	unnamed Circle: pos = [184, 84]
15.8293 	EXP 	unnamed Circle: pos = [196, 84]
15.8293 	EXP 	unnamed Circle: pos = [232, 84]
15.8293 	EXP 	unnamed Circle: pos = [280, 84]
15.8293 	EXP 	unnamed Circle: pos = [304, 84]
15.8293 	EXP 	unnamed Circle: pos = [112, 96]
15.8293 	EXP 	unnamed Circle: pos = [124, 96]
15.8293 	EXP 	unnamed Circle: pos = [136, 96]
15.8293 	EXP 	unnamed Circle: pos = [148, 96]
15.8293 	EXP 	unnamed Circle: pos = [172, 96]
15.8293 	EXP 	unnamed Circle: pos = [196, 96]
15.8293 	EXP 	unnamed Circle: pos = [208, 96]
15.8293 	EXP 	unnamed Circle: pos = [220, 96]
15.8293 	EXP 	unnamed Circle: pos = [256, 96]
15.8293 	EXP 	unnamed Circle: pos = [280, 96]
15.8293 	EXP 	unnamed Circle: pos = [292, 96]
15.8293 	EXP 	unnamed Circle: pos = [316, 96]
15.8293 	EXP 	unnamed Circle: pos = [124, 108]
15.8293 	EXP 	unnamed Circle: pos = [136, 108]
15.8293 	EXP 	unnamed Circle: pos = [184, 108]
15.8293 	EXP 	unnamed Circle: pos = [244, 108]
15.8293 	EXP 	unnamed Circle: pos = [256, 108]
15.8293 	EXP 	unnamed Circle: pos = [268, 108]
15.8293 	EXP 	unnamed Circle: pos = [292, 108]
15.8293 	EXP 	unnamed Circle: pos = [100, 120]
15.8293 	EXP 	unnamed Circle: pos = [112, 120]
15.8293 	EXP 	unnamed Circle: pos = [124, 120]
15.8293 	EXP 	unnamed Circle: pos = [184, 120]
15.8293 	EXP 	unnamed Circle: pos = [220, 120]
15.8293 	EXP 	unnamed Circle: pos = [232, 120]
15.8293 	EXP 	unnamed Circle: pos = [244, 120]
15.8293 	EXP 	unnamed Circle: pos = [280, 120]
15.8293 	EXP 	unnamed Circle: pos = [292, 120]
15.8293 	EXP 	unnamed Circle: pos = [304, 120]
15.8293 	EXP 	unnamed Circle: pos = [316, 120]
15.8293 	EXP 	unnamed Circle: pos = [124, 132]
15.8293 	EXP 	unnamed Circle: pos = [136, 132]
15.8293 	EXP 	unnamed Circle: pos = [160, 132]
15.8293 	EXP 	unnamed Circle: pos = [184, 132]
15.8293 	EXP 	unnamed Circle: pos = [208, 132]
15.8293 	EXP 	unnamed Circle: pos = [220, 132]
15.8293 	EXP 	unnamed Circle: pos = [232, 132]
15.8293 	EXP 	unnamed Circle: pos = [256, 132]
15.8293 	EXP 	unnamed Circle: pos = [268, 132]
15.8293 	EXP 	unnamed Circle: pos = [280, 132]
15.8293 	EXP 	unnamed Circle: pos = [316, 132]
15.8293 	EXP 	unnamed Circle: pos = [112, 144]
15.8293 	EXP 	unnamed Circle: pos = [148, 144]
15.8293 	EXP 	unnamed Circle: pos = [172, 144]
15.8293 	EXP 	unnamed Circle: pos = [208, 144]
15.8293 	EXP 	unnamed Circle: pos = [220, 144]
15.8293 	EXP 	unnamed Circle: pos = [244, 144]
15.8293 	EXP 	unnamed Circle: pos = [292, 144]
15.8293 	EXP 	unnamed Circle: pos = [316, 144]
15.8293 	EXP 	unnamed Circle: pos = [100, 156]
15.8293 	EXP 	unnamed Circle: pos = [136, 156]
15.8293 	EXP 	unnamed Circle: pos = [172, 156]
15.8293 	EXP 	unnamed Circle: pos = [184, 156]
15.8293 	EXP 	unnamed Circle: pos = [256, 156]
15.8293 	EXP 	unnamed Circle: pos = [268, 156]
15.8293 	EXP 	unnamed Circle: pos = [316, 156]
15.8293 	EXP 	unnamed Circle: pos = [100, 168]
15.8293 	EXP 	unnamed Circle: pos = [112, 168]
15.8293 	EXP 	unnamed Circle: pos = [124, 168]
15.8293 	EXP 	unnamed Circle: pos = [136, 168]
15.8293 	EXP 	unnamed Circle: pos = [208, 168]
15.8293 	EXP 	unnamed Circle: pos = [268, 168]
15.8293 	EXP 	unnamed Circle: pos = [292, 168]
15.8293 	EXP 	unnamed Circle: pos = [304, 168]
15.8293 	EXP 	unnamed Circle: pos = [112, 180]
15.8293 	EXP 	unnamed Circle: pos = [124, 180]
15.8293 	EXP 	unnamed Circle: pos = [136, 180]
15.8293 	EXP 	unnamed Circle: pos = [184, 180]
15.8293 	EXP 	unnamed Circle: pos = [196, 180]
15.8293 	EXP 	unnamed Circle: pos = [208, 180]
15.8293 	EXP 	unnamed Circle: pos = [220, 180]
15.8293 	EXP 	unnamed Circle: pos = [232, 180]
15.8293 	EXP 	unnamed Circle: pos = [256, 180]
15.8293 	EXP 	unnamed Circle: pos = [268, 180]
15.8293 	EXP 	unnamed Circle: pos = [292, 180]
15.8293 	EXP 	unnamed Circle: pos = [316, 180]
15.8293 	EXP 	unnamed Circle: pos = [100, 192]
15.8293 	EXP 	unnamed Circle: pos = [112, 192]
15.8293 	EXP 	unnamed Circle: pos = [124, 192]
15.8293 	EXP 	unnamed Circle: pos = [136, 192]
15.8293 	EXP 	unnamed Circle: pos = [160, 192]
15.8293 	EXP 	unnamed Circle: pos = [172, 192]
15.8293 	EXP 	unnamed Circle: pos = [196, 192]
15.8293 	EXP 	unnamed Circle: pos = [220, 192]
15.8293 	EXP 	unnamed Circle: pos = [232, 192]
15.8293 	EXP 	unnamed Circle: pos = [256, 192]
15.8293 	EXP 	unnamed Circle: pos = [292, 192]
15.8293 	EXP 	unnamed Circle: pos = [316, 192]
15.8293 	EXP 	unnamed Circle: pos = [148, 204]
15.8293 	EXP 	unnamed Circle: pos = [184, 204]
15.8293 	EXP 	unnamed Circle: pos = [208, 204]
15.8293 	EXP 	unnamed Circle: pos = [220, 204]
15.8293 	EXP 	unnamed Circle: pos = [232, 204]
15.8293 	EXP 	unnamed Circle: pos = [268, 204]
15.8293 	EXP 	unnamed Circle: pos = [100, 216]
15.8293 	EXP 	unnamed Circle: pos = [112, 216]
15.8293 	EXP 	unnamed Circle: pos = [124, 216]
15.8293 	EXP 	unnamed Circle: pos = [148, 216]
15.8293 	EXP 	unnamed Circle: pos = [196, 216]
15.8293 	EXP 	unnamed Circle: pos = [208, 216]
15.8293 	EXP 	unnamed Circle: pos = [220, 216]
15.8293 	EXP 	unnamed Circle: pos = [256, 216]
15.8293 	EXP 	unnamed Circle: pos = [268, 216]
15.8293 	EXP 	unnamed Circle: pos = [304, 216]
15.8293 	EXP 	unnamed Circle: pos = [316, 216]
15.8293 	EXP 	unnamed Circle: pos = [-100, 0]
15.8293 	EXP 	unnamed Circle: pos = [-112, 0]
15.8293 	EXP 	unnamed Circle: pos = [-124, 0]
15.8293 	EXP 	unnamed Circle: pos = [-136, 0]
15.8293 	EXP 	unnamed Circle: pos = [-148, 0]
15.8293 	EXP 	unnamed Circle: pos = [-160, 0]
15.8293 	EXP 	unnamed Circle: pos = [-172, 0]
15.8293 	EXP 	unnamed Circle: pos = [-184, 0]
15.8293 	EXP 	unnamed Circle: pos = [-196, 0]
15.8293 	EXP 	unnamed Circle: pos = [-220, 0]
15.8293 	EXP 	unnamed Circle: pos = [-232, 0]
15.8293 	EXP 	unnamed Circle: pos = [-256, 0]
15.8293 	EXP 	unnamed Circle: pos = [-268, 0]
15.8293 	EXP 	unnamed Circle: pos = [-280, 0]
15.8293 	EXP 	unnamed Circle: pos = [-292, 0]
15.8293 	EXP 	unnamed Circle: pos = [-304, 0]
15.8293 	EXP 	unnamed Circle: pos = [-316, 0]
15.8293 	EXP 	unnamed Circle: pos = [-124, 12]
15.8293 	EXP 	unnamed Circle: pos = [-136, 12]
15.8293 	EXP 	unnamed Circle: pos = [-148, 12]
15.8293 	EXP 	unnamed Circle: pos = [-160, 12]
15.8293 	EXP 	unnamed Circle: pos = [-220, 12]
15.8293 	EXP 	unnamed Circle: pos = [-232, 12]
15.8293 	EXP 	unnamed Circle: pos = [-268, 12]
15.8293 	EXP 	unnamed Circle: pos = [-280, 12]
15.8293 	EXP 	unnamed Circle: pos = [-292, 12]
15.8293 	EXP 	unnamed Circle: pos = [-304, 12]
15.8293 	EXP 	unnamed Circle: pos = [-100, 24]
15.8293 	EXP 	unnamed Circle: pos = [-112, 24]
15.8293 	EXP 	unnamed Circle: pos = [-124, 24]
15.8293 	EXP 	unnamed Circle: pos = [-160, 24]
15.8293 	EXP 	unnamed Circle: pos = [-172, 24]
15.8293 	EXP 	unnamed Circle: pos = [-196, 24]
15.8293 	EXP 	unnamed Circle: pos = [-208, 24]
15.8293 	EXP 	unnamed Circle: pos = [-220, 24]
15.8293 	EXP 	unnamed Circle: pos = [-244, 24]
15.8293 	EXP 	unnamed Circle: pos = [-256, 24]
15.8293 	EXP 	unnamed Circle: pos = [-268, 24]
15.8293 	EXP 	unnamed Circle: pos = [-292, 24]
15.8293 	EXP 	unnamed Circle: pos = [-304, 24]
15.8293 	EXP 	unnamed Circle: pos = [-100, 36]
15.8293 	EXP 	unnamed Circle: pos = [-112, 36]
15.8293 	EXP 	unnamed Circle: pos = [-136, 36]
15.8293 	EXP 	unnamed Circle: pos = [-160, 36]
15.8293 	EXP 	unnamed Circle: pos = [-172, 36]
15.8293 	EXP 	unnamed Circle: pos = [-184, 36]
15.8293 	EXP 	unnamed Circle: pos = [-196, 36]
15.8293 	EXP 	unnamed Circle: pos = [-220, 36]
15.8293 	EXP 	unnamed Circle: pos = [-232, 36]
15.8293 	EXP 	unnamed Circle: pos = [-244, 36]
15.8293 	EXP 	unnamed Circle: pos = [-268, 36]
15.8293 	EXP 	unnamed Circle: pos = [-280, 36]
15.8293 	EXP 	unnamed Circle: pos = [-292, 36]
15.8293 	EXP 	unnamed Circle: pos = [-316, 36]
15.8293 	EXP 	unnamed Circle: pos = [-100, 48]
15.8293 	EXP 	unnamed Circle: pos = [-112, 48]
15.8293 	EXP 	unnamed Circle: pos = [-124, 48]
15.8293 	EXP 	unnamed Circle: pos = [-136, 48]
15.8293 	EXP 	unnamed Circle: pos = [-148, 48]
15.8293 	EXP 	unnamed Circle: pos = [-160, 48]
15.8293 	EXP 	unnamed Circle: pos = [-172, 48]
15.8293 	EXP 	unnamed Circle: pos = [-184, 48]
15.8293 	EXP 	unnamed Circle: pos = [-196, 48]
15.8293 	EXP 	unnamed Circle: pos = [-208, 48]
15.8293 	EXP 	unnamed Circle: pos = [-220, 48]
15.8293 	EXP 	unnamed Circle: pos = [-232, 48]
15.8293 	EXP 	unnamed Circle: pos = [-244, 48]
15.8293 	EXP 	unnamed Circle: pos = [-256, 48]
15.8293 	EXP 	unnamed Circle: pos = [-280, 48]
15.8293 	EXP 	unnamed Circle: pos = [-304, 48]
15.8293 	EXP 	unnamed Circle: pos = [-316, 48]
15.8293 	EXP 	unnamed Circle: pos = [-100, 60]
15.8293 	EXP 	unnamed Circle: pos = [-112, 60]
15.8293 	EXP 	unnamed Circle: pos = [-124, 60]
15.8293 	EXP 	unnamed Circle: pos = [-136, 60]
15.8293 	EXP 	unnamed Circle: pos = [-160, 60]
15.8293 	EXP 	unnamed Circle: pos = [-172, 60]
15.8293 	EXP 	unnamed Circle: pos = [-184, 60]
15.8293 	EXP 	unnamed Circle: pos = [-208, 60]
15.8293 	EXP 	unnamed Circle: pos = [-220, 60]
15.8293 	EXP 	unnamed Circle: pos = [-232, 60]
15.8293 	EXP 	unnamed Circle: pos = [-268, 60]
15.8293 	EXP 	unnamed Circle: pos = [-280, 60]
15.8293 	EXP 	unnamed Circle: pos = [-304, 60]
15.8293 	EXP 	unnamed Circle: pos = [-316, 60]
15.8293 	EXP 	unnamed Circle: pos = [-124, 72]
15.8293 	EXP 	unnamed Circle: pos = [-136, 72]
15.8293 	EXP 	unnamed Circle: pos = [-160, 72]
15.8293 	EXP 	unnamed Circle: pos = [-196, 72]
15.8293 	EXP 	unnamed Circle: pos = [-220, 72]
15.8293 	EXP 	unnamed Circle: pos = [-232, 72]
15.8293 	EXP 	unnamed Circle: pos = [-244, 72]
15.8293 	EXP 	unnamed Circle: pos = [-268, 72]
15.8293 	EXP 	unnamed Circle: pos = [-304, 72]
15.8293 	EXP 	unnamed Circle: pos = [-100, 84]
15.8293 	EXP 	unnamed Circle: pos = [-112, 84]
15.8293 	EXP 	unnamed Circle: pos = [-124, 84]
15.8293 	EXP 	unnamed Circle: pos = [-136, 84]
15.8293 	EXP 	unnamed Circle: pos = [-148, 84]
15.8293 	EXP 	unnamed Circle: pos = [-160, 84]
15.8293 	EXP 	unnamed Circle: pos = [-172, 84]
15.8293 	EXP 	unnamed Circle: pos = [-184, 84]
15.8293 	EXP 	unnamed Circle: pos = [-220, 84]
15.8293 	EXP 	unnamed Circle: pos = [-232, 84]
15.8293 	EXP 	unnamed Circle: pos = [-244, 84]
15.8293 	EXP 	unnamed Circle: pos = [-256, 84]
15.8293 	EXP 	unnamed Circle: pos = [-268, 84]
15.8293 	EXP 	unnamed Circle: pos = [-280, 84]
15.8293 	EXP 	unnamed Circle: pos = [-304, 84]
15.8293 	EXP 	unnamed Circle: pos = [-316, 84]
15.8293 	EXP 	unnamed Circle: pos = [-124, 96]
15.8293 	EXP 	unnamed Circle: pos = [-196, 96]
15.8293 	EXP 	unnamed Circle: pos = [-208, 96]
15.8293 	EXP 	unnamed Circle: pos = [-220, 96]
15.8293 	EXP 	unnamed Circle: pos = [-232, 96]
15.8293 	EXP 	unnamed Circle: pos = [-244, 96]
15.8293 	EXP 	unnamed Circle: pos = [-256, 96]
15.8293 	EXP 	unnamed Circle: pos = [-268, 96]
15.8293 	EXP 	unnamed Circle: pos = [-292, 96]
15.8293 	EXP 	unnamed Circle: pos = [-316, 96]
15.8293 	EXP 	unnamed Circle: pos = [-112, 108]
15.8293 	EXP 	unnamed Circle: pos = [-124, 108]
15.8293 	EXP 	unnamed Circle: pos = [-148, 108]
15.8293 	EXP 	unnamed Circle: pos = [-160, 108]
15.8293 	EXP 	unnamed Circle: pos = [-172, 108]
15.8293 	EXP 	unnamed Circle: pos = [-184, 108]
15.8293 	EXP 	unnamed Circle: pos = [-196, 108]
15.8293 	EXP 	unnamed Circle: pos = [-220, 108]
15.8293 	EXP 	unnamed Circle: pos = [-244, 108]
15.8293 	EXP 	unnamed Circle: pos = [-256, 108]
15.8293 	EXP 	unnamed Circle: pos = [-268, 108]
15.8293 	EXP 	unnamed Circle: pos = [-292, 108]
15.8293 	EXP 	unnamed Circle: pos = [-316, 108]
15.8293 	EXP 	unnamed Circle: pos = [-100, 120]
15.8293 	EXP 	unnamed Circle: pos = [-112, 120]
15.8293 	EXP 	unnamed Circle: pos = [-136, 120]
15.8293 	EXP 	unnamed Circle: pos = [-148, 120]
15.8293 	EXP 	unnamed Circle: pos = [-160, 120]
15.8293 	EXP 	unnamed Circle: pos = [-172, 120]
15.8293 	EXP 	unnamed Circle: pos = [-184, 120]
15.8293 	EXP 	unnamed Circle: pos = [-256, 120]
15.8293 	EXP 	unnamed Circle: pos = [-280, 120]
15.8293 	EXP 	unnamed Circle: pos = [-292, 120]
15.8293 	EXP 	unnamed Circle: pos = [-304, 120]
15.8293 	EXP 	unnamed Circle: pos = [-316, 120]
15.8293 	EXP 	unnamed Circle: pos = [-100, 132]
15.8293 	EXP 	unnamed Circle: pos = [-112, 132]
15.8293 	EXP 	unnamed Circle: pos = [-136, 132]
15.8293 	EXP 	unnamed Circle: pos = [-148, 132]
15.8293 	EXP 	unnamed Circle: pos = [-160, 132]
15.8293 	EXP 	unnamed Circle: pos = [-172, 132]
15.8293 	EXP 	unnamed Circle: pos = [-196, 132]
15.8293 	EXP 	unnamed Circle: pos = [-208, 132]
15.8293 	EXP 	unnamed Circle: pos = [-232, 132]
15.8293 	EXP 	unnamed Circle: pos = [-244, 132]
15.8293 	EXP 	unnamed Circle: pos = [-280, 132]
15.8293 	EXP 	unnamed Circle: pos = [-316, 132]
15.8293 	EXP 	unnamed Circle: pos = [-148, 144]
15.8293 	EXP 	unnamed Circle: pos = [-160, 144]
15.8293 	EXP 	unnamed Circle: pos = [-172, 144]
15.8293 	EXP 	unnamed Circle: pos = [-184, 144]
15.8293 	EXP 	unnamed Circle: pos = [-196, 144]
15.8293 	EXP 	unnamed Circle: pos = [-220, 144]
15.8293 	EXP 	unnamed Circle: pos = [-244, 144]
15.8293 	EXP 	unnamed Circle: pos = [-256, 144]
15.8293 	EXP 	unnamed Circle: pos = [-280, 144]
15.8293 	EXP 	unnamed Circle: pos = [-292, 144]
15.8293 	EXP 	unnamed Circle: pos = [-316, 144]
15.8293 	EXP 	unnamed Circle: pos = [-100, 156]
15.8293 	EXP 	unnamed Circle: pos = [-136, 156]
15.8293 	EXP 	unnamed Circle: pos = [-148, 156]
15.8293 	EXP 	unnamed Circle: pos = [-160, 156]
15.8293 	EXP 	unnamed Circle: pos = [-172, 156]
15.8293 	EXP 	unnamed Circle: pos = [-184, 156]
15.8293 	EXP 	unnamed Circle: pos = [-196, 156]
15.8293 	EXP 	unnamed Circle: pos = [-208, 156]
15.8293 	EXP 	unnamed Circle: pos = [-220, 156]
15.8293 	EXP 	unnamed Circle: pos = [-232, 156]
15.8293 	EXP 	unnamed Circle: pos = [-244, 156]
15.8293 	EXP 	unnamed Circle: pos = [-256, 156]
15.8293 	EXP 	unnamed Circle: pos = [-268, 156]
15.8293 	EXP 	unnamed Circle: pos = [-280, 156]
15.8293 	EXP 	unnamed Circle: pos = [-316, 156]
15.8293 	EXP 	unnamed Circle: pos = [-100, 168]
15.8293 	EXP 	unnamed Circle: pos = [-112, 168]
15.8293 	EXP 	unnamed Circle: pos = [-136, 168]
15.8293 	EXP 	unnamed Circle: pos = [-148, 168]
15.8293 	EXP 	unnamed Circle: pos = [-160, 168]
15.8293 	EXP 	unnamed Circle: pos = [-172, 168]
15.8293 	EXP 	unnamed Circle: pos = [-184, 168]
15.8293 	EXP 	unnamed Circle: pos = [-196, 168]
15.8293 	EXP 	unnamed Circle: pos = [-208, 168]
15.8293 	EXP 	unnamed Circle: pos = [-220, 168]
15.8293 	EXP 	unnamed Circle: pos = [-232, 168]
15.8293 	EXP 	unnamed Circle: pos = [-244, 168]
15.8293 	EXP 	unnamed Circle: pos = [-256, 168]
15.8293 	EXP 	unnamed Circle: pos = [-268, 168]
15.8293 	EXP 	unnamed Circle: pos = [-280, 168]
15.8293 	EXP 	unnamed Circle: pos = [-292, 168]
15.8293 	EXP 	unnamed Circle: pos = [-304, 168]
15.8293 	EXP 	unnamed Circle: pos = [-316, 168]
15.8293 	EXP 	unnamed Circle: pos = [-100, 180]
15.8293 	EXP 	unnamed Circle: pos = [-124, 180]
15.8293 	EXP 	unnamed Circle: pos = [-136, 180]
15.8293 	EXP 	unnamed Circle: pos = [-148, 180]
15.8293 	EXP 	unnamed Circle: pos = [-196, 180]
15.8293 	EXP 	unnamed Circle: pos = [-232, 180]
15.8293 	EXP 	unnamed Circle: pos = [-244, 180]
15.8293 	EXP 	unnamed Circle: pos = [-256, 180]
15.8293 	EXP 	unnamed Circle: pos = [-268, 180]
15.8293 	EXP 	unnamed Circle: pos = [-304, 180]
15.8293 	EXP 	unnamed Circle: pos = [-316, 180]
15.8293 	EXP 	unnamed Circle: pos = [-100, 192]
15.8293 	EXP 	unnamed Circle: pos = [-112, 192]
15.8293 	EXP 	unnamed Circle: pos = [-160, 192]
15.8293 	EXP 	unnamed Circle: pos = [-172, 192]
15.8293 	EXP 	unnamed Circle: pos = [-184, 192]
15.8293 	EXP 	unnamed Circle: pos = [-232, 192]
15.8293 	EXP 	unnamed Circle: pos = [-256, 192]
15.8293 	EXP 	unnamed Circle: pos = [-268, 192]
15.8293 	EXP 	unnamed Circle: pos = [-280, 192]
15.8293 	EXP 	unnamed Circle: pos = [-292, 192]
15.8293 	EXP 	unnamed Circle: pos = [-100, 204]
15.8293 	EXP 	unnamed Circle: pos = [-112, 204]
15.8293 	EXP 	unnamed Circle: pos = [-124, 204]
15.8293 	EXP 	unnamed Circle: pos = [-136, 204]
15.8293 	EXP 	unnamed Circle: pos = [-148, 204]
15.8293 	EXP 	unnamed Circle: pos = [-172, 204]
15.8293 	EXP 	unnamed Circle: pos = [-196, 204]
15.8293 	EXP 	unnamed Circle: pos = [-208, 204]
15.8293 	EXP 	unnamed Circle: pos = [-244, 204]
15.8293 	EXP 	unnamed Circle: pos = [-268, 204]
15.8293 	EXP 	unnamed Circle: pos = [-292, 204]
15.8293 	EXP 	unnamed Circle: pos = [-304, 204]
15.8293 	EXP 	unnamed Circle: pos = [-316, 204]
15.8293 	EXP 	unnamed Circle: pos = [-100, 216]
15.8293 	EXP 	unnamed Circle: pos = [-124, 216]
15.8293 	EXP 	unnamed Circle: pos = [-136, 216]
15.8293 	EXP 	unnamed Circle: pos = [-148, 216]
15.8293 	EXP 	unnamed Circle: pos = [-160, 216]
15.8293 	EXP 	unnamed Circle: pos = [-196, 216]
15.8293 	EXP 	unnamed Circle: pos = [-208, 216]
15.8293 	EXP 	unnamed Circle: pos = [-220, 216]
15.8293 	EXP 	unnamed Circle: pos = [-232, 216]
15.8293 	EXP 	unnamed Circle: pos = [-256, 216]
15.8293 	EXP 	unnamed Circle: pos = [-280, 216]
15.8293 	EXP 	unnamed Circle: pos = [-292, 216]
15.8293 	EXP 	unnamed Circle: pos = [-304, 216]
16.3096 	DATA 	Keypress: q
17.9331 	DATA 	Keypress: q
18.3525 	DATA 	Mouse: Left button down, pos=(695,504)
18.3621 	EXP 	unnamed Rect: lineWidth = 6
18.3975 	EXP 	window1: mouseVisible = True
