8.1310 	WARNING 	User requested fullscreen with size [800 600], but screen is actually [1920, 1080]. Using actual size
11.4244 	EXP 	Created window1 = Window(allowGUI=True, allowStencil=False, autoLog=True, backendConf=UNKNOWN, bitsMode=UNKNOWN, blendMode='avg', bpc=(8, 8, 8), color=array([-1, -1, -1]), colorSpace='rgb', depthBits=8, fullscr=<method-wrapper '__getattribute__' of attributeSetter object at 0x000002304C0CB5C8>, gamma=None, gammaErrorPolicy='ignore', lms=UNKNOWN, monitor=<psychopy.monitors.calibTools.Monitor object at 0x000002304C12D148>, multiSample=False, name='window1', numSamples=2, pos=[0.0, 0.0], screen=0, size=array([1920, 1080]), stencilBits=0, stereo=False, units='pix', useFBO=True, useRetina=False, viewOri=0.0, viewPos=None, viewScale=None, waitBlanking=True, winType='pyglet')
11.4246 	EXP 	window1: mouseVisible = True
11.4296 	EXP 	Created unnamed Rect = Rect(__class__=<class 'psychopy.visual.rect.Rect'>, autoDraw=False, autoLog=True, closeShape=True, color=method-wrapper(...), colorSpace='rgb', contrast=None, depth=0, fillColor=array([-1,  1, -1]), fillColorSpace='rgb', fillRGB=UNKNOWN, interpolate=True, lineColor=array([-1. ,  0.8, -1. ]), lineColorSpace='rgb', lineRGB=UNKNOWN, lineWidth=1.5, name='unnamed Rect', opacity=1, ori=0.0, pos=array([   0., -400.]), size=array([160.,  60.]), units='pix', vertices=ndarray(...), win=Window(...))
11.5195 	EXP 	Created unnamed TextStim = TextStim(__class__=<class 'psychopy.visual.text.TextStim'>, alignHoriz=method-wrapper(...), alignText='center', alignVert=method-wrapper(...), anchorHoriz='center', anchorVert='center', antialias=True, autoLog=True, bold=True, color=array([-1, -1, -1]), colorSpace='rgb', contrast=1.0, depth=0, flipHoriz=False, flipVert=False, font='', fontFiles=[], height=35, italic=False, languageStyle='LTR', name='unnamed TextStim', opacity=1.0, ori=0.0, pos=array([   0., -400.]), rgb=UNKNOWN, text='NEXT', units='pix', win=Window(...), wrapWidth=500)
11.5439 	EXP 	Created unnamed TextStim = TextStim(__class__=<class 'psychopy.visual.text.TextStim'>, alignHoriz=method-wrapper(...), alignText='center', alignVert=method-wrapper(...), anchorHoriz='center', anchorVert='center', antialias=True, autoLog=True, bold=False, color=array([1, 1, 1]), colorSpace='rgb', contrast=1.0, depth=0, flipHoriz=False, flipVert=False, font='', fontFiles=[], height=30, italic=False, languageStyle='LTR', name='unnamed TextStim', opacity=1.0, ori=0.0, pos=array([  0., -80.]), rgb=UNKNOWN, text='Which box contained more dots?', units='pix', win=Window(...), wrapWidth=500)
11.5531 	EXP 	Created unnamed TextStim = TextStim(__class__=<class 'psychopy.visual.text.TextStim'>, alignHoriz=method-wrapper(...), alignText='center', alignVert=method-wrapper(...), anchorHoriz='center', anchorVert='center', antialias=True, autoLog=True, bold=False, color=array([1, 1, 1]), colorSpace='rgb', contrast=1.0, depth=0, flipHoriz=False, flipVert=False, font='', fontFiles=[], height=30, italic=False, languageStyle='LTR', name='unnamed TextStim', opacity=1.0, ori=0.0, pos=array([  0., -80.]), rgb=UNKNOWN, text='Indicate your confidence with the slider below', units='pix', win=Window(...), wrapWidth=500)
11.5733 	EXP 	Created unnamed TextStim = TextStim(__class__=<class 'psychopy.visual.text.TextStim'>, alignHoriz=method-wrapper(...), alignText='center', alignVert=method-wrapper(...), anchorHoriz='center', anchorVert='center', antialias=True, autoLog=True, bold=False, color=array([1, 1, 1]), colorSpace='rgb', contrast=1.0, depth=0, flipHoriz=False, flipVert=False, font='', fontFiles=[], height=50, italic=False, languageStyle='LTR', name='unnamed TextStim', opacity=1.0, ori=0.0, pos=array([0., 0.]), rgb=UNKNOWN, text='Welcome to this experiment!', units='pix', win=Window(...), wrapWidth=500)
11.5850 	EXP 	Created unnamed TextStim = TextStim(__class__=<class 'psychopy.visual.text.TextStim'>, alignHoriz=method-wrapper(...), alignText='center', alignVert=method-wrapper(...), anchorHoriz='center', anchorVert='center', antialias=True, autoLog=True, bold=False, color=array([1, 1, 1]), colorSpace='rgb', contrast=1.0, depth=0, flipHoriz=False, flipVert=False, font='', fontFiles=[], height=50, italic=False, languageStyle='LTR', name='unnamed TextStim', opacity=1.0, ori=0.0, pos=array([0., 0.]), rgb=UNKNOWN, text=str(...), units='pix', win=Window(...), wrapWidth=500)
11.6419 	EXP 	Created unnamed TextStim = TextStim(__class__=<class 'psychopy.visual.text.TextStim'>, alignHoriz=method-wrapper(...), alignText='center', alignVert=method-wrapper(...), anchorHoriz='center', anchorVert='center', antialias=True, autoLog=True, bold=False, color=array([1, 1, 1]), colorSpace='rgb', contrast=1.0, depth=0, flipHoriz=False, flipVert=False, font='', fontFiles=[], height=35, italic=False, languageStyle='LTR', name='unnamed TextStim', opacity=1.0, ori=0.0, pos=array([0., 0.]), rgb=UNKNOWN, text=str(...), units='pix', win=Window(...), wrapWidth=1000)
11.6655 	EXP 	Created unnamed TextStim = TextStim(__class__=<class 'psychopy.visual.text.TextStim'>, alignHoriz=method-wrapper(...), alignText='center', alignVert=method-wrapper(...), anchorHoriz='center', anchorVert='center', antialias=True, autoLog=True, bold=False, color=array([1, 1, 1]), colorSpace='rgb', contrast=1.0, depth=0, flipHoriz=False, flipVert=False, font='', fontFiles=[], height=35, italic=False, languageStyle='LTR', name='unnamed TextStim', opacity=1.0, ori=0.0, pos=array([0., 0.]), rgb=UNKNOWN, text=str(...), units='pix', win=Window(...), wrapWidth=1000)
11.7146 	EXP 	Created unnamed TextStim = TextStim(__class__=<class 'psychopy.visual.text.TextStim'>, alignHoriz=method-wrapper(...), alignText='center', alignVert=method-wrapper(...), anchorHoriz='center', anchorVert='center', antialias=True, autoLog=True, bold=False, color=array([1, 1, 1]), colorSpace='rgb', contrast=1.0, depth=0, flipHoriz=False, flipVert=False, font='', fontFiles=[], height=35, italic=False, languageStyle='LTR', name='unnamed TextStim', opacity=1.0, ori=0.0, pos=array([0., 0.]), rgb=UNKNOWN, text=str(...), units='pix', win=Window(...), wrapWidth=1000)
11.7475 	EXP 	Created unnamed TextStim = TextStim(__class__=<class 'psychopy.visual.text.TextStim'>, alignHoriz=method-wrapper(...), alignText='center', alignVert=method-wrapper(...), anchorHoriz='center', anchorVert='center', antialias=True, autoLog=True, bold=False, color=array([1, 1, 1]), colorSpace='rgb', contrast=1.0, depth=0, flipHoriz=False, flipVert=False, font='', fontFiles=[], height=35, italic=False, languageStyle='LTR', name='unnamed TextStim', opacity=1.0, ori=0.0, pos=array([0., 0.]), rgb=UNKNOWN, text=str(...), units='pix', win=Window(...), wrapWidth=1000)
11.7852 	EXP 	Created unnamed TextStim = TextStim(__class__=<class 'psychopy.visual.text.TextStim'>, alignHoriz=method-wrapper(...), alignText='center', alignVert=method-wrapper(...), anchorHoriz='center', anchorVert='center', antialias=True, autoLog=True, bold=False, color=array([1, 1, 1]), colorSpace='rgb', contrast=1.0, depth=0, flipHoriz=False, flipVert=False, font='', fontFiles=[], height=35, italic=False, languageStyle='LTR', name='unnamed TextStim', opacity=1.0, ori=0.0, pos=array([0., 0.]), rgb=UNKNOWN, text=str(...), units='pix', win=Window(...), wrapWidth=1000)
11.8166 	EXP 	Created unnamed TextStim = TextStim(__class__=<class 'psychopy.visual.text.TextStim'>, alignHoriz=method-wrapper(...), alignText='center', alignVert=method-wrapper(...), anchorHoriz='center', anchorVert='center', antialias=True, autoLog=True, bold=False, color=array([1, 1, 1]), colorSpace='rgb', contrast=1.0, depth=0, flipHoriz=False, flipVert=False, font='', fontFiles=[], height=35, italic=False, languageStyle='LTR', name='unnamed TextStim', opacity=1.0, ori=0.0, pos=array([0., 0.]), rgb=UNKNOWN, text=str(...), units='pix', win=Window(...), wrapWidth=1000)
11.8167 	EXP 	window1: mouseVisible = True
11.8168 	EXP 	window1: mouseVisible = True
13.8124 	DATA 	Mouse: Left button down, pos=(928,138)
13.8294 	EXP 	window1: mouseVisible = True
13.8967 	EXP 	Created unnamed RatingScale = RatingScale(__class__=type(...), acceptKeys=['return'], acceptPreText=UNKNOWN, acceptSize=UNKNOWN, acceptText=UNKNOWN, autoLog=True, choices=False, colorSpace=UNKNOWN, depth=0, disappear=False, flipVert=False, high=4, kwargs=UNKNOWN, labels=list(...), leftKeys=['left'], lineColor='White', low=1, marker=Circle(...), markerColor='Red', markerExpansion=UNKNOWN, markerStart=1.0, maxTime=0.0, minTime=0.4, mouseOnly=False, name='unnamed RatingScale', noMouse=False, pos=[0.0, -0.0005555555555555556], precision=1, respKeys=['a', 's', 'd', 'f'], rightKeys=['right'], scale=False, self=UNKNOWN, showAccept=False, showValue=True, singleClick=True, size=0.6, skipKeys=['tab'], stretch=1.5, textColor='LightGray', textFont='Helvetica Bold', textSize=0.06, tickHeight=1.0, tickMarks=3.0, win=Window(...))
13.8969 	WARNING 	TextStim.alignHoriz is deprecated. Use alignText and anchorHoriz attributes instead
13.9186 	EXP 	Created unnamed TextStim = TextStim(__class__=<class 'psychopy.visual.text.TextStim'>, alignHoriz='center', alignText='center', alignVert=method-wrapper(...), anchorHoriz='center', anchorVert='center', antialias=True, autoLog=True, bold=False, color=array([1., 1., 1.]), colorSpace='rgb', contrast=1.0, depth=0, flipHoriz=False, flipVert=False, font='Lucida Sans', fontFiles=[], height=0.5, italic=False, languageStyle='LTR', name='unnamed TextStim', opacity=1.0, ori=0.0, pos=array([0., 1.]), rgb=UNKNOWN, text='I plan tasks carefully.', units='pix', win=Window(...), wrapWidth=10)
13.9211 	EXP 	RatingScale unnamed RatingScale: setDescription=" "
13.9322 	DATA 	Mouse:  Left button up, pos=(928,138)
13.9352 	EXP 	unnamed RatingScale: flipVert = False
13.9352 	EXP 	unnamed RatingScale: autoLog = True
19.0488 	DATA 	Mouse: Left button down, pos=(1386,550)
19.0490 	DATA 	RatingScale unnamed RatingScale: (mouse single-click) rating=4
19.0490 	DATA 	RatingScale unnamed RatingScale: rating RT=5.127
19.0490 	DATA 	RatingScale unnamed RatingScale: history=[(1.0, 0.0), (4, 5.127)]
19.0734 	EXP 	window1: mouseVisible = True
19.1256 	EXP 	Created unnamed RatingScale = RatingScale(__class__=type(...), acceptKeys=['return'], acceptPreText=UNKNOWN, acceptSize=UNKNOWN, acceptText=UNKNOWN, autoLog=True, choices=False, colorSpace=UNKNOWN, depth=0, disappear=False, flipVert=False, high=4, kwargs=UNKNOWN, labels=list(...), leftKeys=['left'], lineColor='White', low=1, marker=Circle(...), markerColor='Red', markerExpansion=UNKNOWN, markerStart=1.0, maxTime=0.0, minTime=0.4, mouseOnly=False, name='unnamed RatingScale', noMouse=False, pos=[0.0, -0.0005555555555555556], precision=1, respKeys=['a', 's', 'd', 'f'], rightKeys=['right'], scale=False, self=UNKNOWN, showAccept=False, showValue=True, singleClick=True, size=0.6, skipKeys=['tab'], stretch=1.5, textColor='LightGray', textFont='Helvetica Bold', textSize=0.06, tickHeight=1.0, tickMarks=3.0, win=Window(...))
19.1257 	WARNING 	TextStim.alignHoriz is deprecated. Use alignText and anchorHoriz attributes instead
19.1355 	EXP 	Created unnamed TextStim = TextStim(__class__=<class 'psychopy.visual.text.TextStim'>, alignHoriz='center', alignText='center', alignVert=method-wrapper(...), anchorHoriz='center', anchorVert='center', antialias=True, autoLog=True, bold=False, color=array([1., 1., 1.]), colorSpace='rgb', contrast=1.0, depth=0, flipHoriz=False, flipVert=False, font='Lucida Sans', fontFiles=[], height=0.5, italic=False, languageStyle='LTR', name='unnamed TextStim', opacity=1.0, ori=0.0, pos=array([0., 1.]), rgb=UNKNOWN, text='I do things without thinking.', units='pix', win=Window(...), wrapWidth=10)
19.1368 	EXP 	RatingScale unnamed RatingScale: setDescription=" "
19.1426 	DATA 	Mouse:  Left button up, pos=(1386,550)
19.1454 	EXP 	unnamed RatingScale: flipVert = False
19.1454 	EXP 	unnamed RatingScale: autoLog = True
20.4811 	DATA 	Mouse: Left button down, pos=(1092,552)
20.4813 	DATA 	RatingScale unnamed RatingScale: (mouse single-click) rating=3
20.4813 	DATA 	RatingScale unnamed RatingScale: rating RT=1.344
20.4813 	DATA 	RatingScale unnamed RatingScale: history=[(1.0, 0.0), (3, 1.344)]
20.5065 	EXP 	window1: mouseVisible = True
20.5529 	EXP 	Created unnamed RatingScale = RatingScale(__class__=type(...), acceptKeys=['return'], acceptPreText=UNKNOWN, acceptSize=UNKNOWN, acceptText=UNKNOWN, autoLog=True, choices=False, colorSpace=UNKNOWN, depth=0, disappear=False, flipVert=False, high=4, kwargs=UNKNOWN, labels=list(...), leftKeys=['left'], lineColor='White', low=1, marker=Circle(...), markerColor='Red', markerExpansion=UNKNOWN, markerStart=1.0, maxTime=0.0, minTime=0.4, mouseOnly=False, name='unnamed RatingScale', noMouse=False, pos=[0.0, -0.0005555555555555556], precision=1, respKeys=['a', 's', 'd', 'f'], rightKeys=['right'], scale=False, self=UNKNOWN, showAccept=False, showValue=True, singleClick=True, size=0.6, skipKeys=['tab'], stretch=1.5, textColor='LightGray', textFont='Helvetica Bold', textSize=0.06, tickHeight=1.0, tickMarks=3.0, win=Window(...))
20.5530 	WARNING 	TextStim.alignHoriz is deprecated. Use alignText and anchorHoriz attributes instead
20.5607 	EXP 	Created unnamed TextStim = TextStim(__class__=<class 'psychopy.visual.text.TextStim'>, alignHoriz='center', alignText='center', alignVert=method-wrapper(...), anchorHoriz='center', anchorVert='center', antialias=True, autoLog=True, bold=False, color=array([1., 1., 1.]), colorSpace='rgb', contrast=1.0, depth=0, flipHoriz=False, flipVert=False, font='Lucida Sans', fontFiles=[], height=0.5, italic=False, languageStyle='LTR', name='unnamed TextStim', opacity=1.0, ori=0.0, pos=array([0., 1.]), rgb=UNKNOWN, text='I make-up my mind quickly.', units='pix', win=Window(...), wrapWidth=10)
20.5621 	EXP 	RatingScale unnamed RatingScale: setDescription=" "
20.5680 	DATA 	Mouse:  Left button up, pos=(1092,552)
20.5707 	EXP 	unnamed RatingScale: flipVert = False
20.5707 	EXP 	unnamed RatingScale: autoLog = True
21.6775 	DATA 	Mouse: Left button down, pos=(801,544)
21.6776 	DATA 	RatingScale unnamed RatingScale: (mouse single-click) rating=2
21.6776 	DATA 	RatingScale unnamed RatingScale: rating RT=1.115
21.6776 	DATA 	RatingScale unnamed RatingScale: history=[(1.0, 0.0), (2, 1.115)]
21.7064 	EXP 	window1: mouseVisible = True
21.7416 	EXP 	Created unnamed RatingScale = RatingScale(__class__=type(...), acceptKeys=['return'], acceptPreText=UNKNOWN, acceptSize=UNKNOWN, acceptText=UNKNOWN, autoLog=True, choices=False, colorSpace=UNKNOWN, depth=0, disappear=False, flipVert=False, high=4, kwargs=UNKNOWN, labels=list(...), leftKeys=['left'], lineColor='White', low=1, marker=Circle(...), markerColor='Red', markerExpansion=UNKNOWN, markerStart=1.0, maxTime=0.0, minTime=0.4, mouseOnly=False, name='unnamed RatingScale', noMouse=False, pos=[0.0, -0.0005555555555555556], precision=1, respKeys=['a', 's', 'd', 'f'], rightKeys=['right'], scale=False, self=UNKNOWN, showAccept=False, showValue=True, singleClick=True, size=0.6, skipKeys=['tab'], stretch=1.5, textColor='LightGray', textFont='Helvetica Bold', textSize=0.06, tickHeight=1.0, tickMarks=3.0, win=Window(...))
21.7417 	WARNING 	TextStim.alignHoriz is deprecated. Use alignText and anchorHoriz attributes instead
21.7476 	EXP 	Created unnamed TextStim = TextStim(__class__=<class 'psychopy.visual.text.TextStim'>, alignHoriz='center', alignText='center', alignVert=method-wrapper(...), anchorHoriz='center', anchorVert='center', antialias=True, autoLog=True, bold=False, color=array([1., 1., 1.]), colorSpace='rgb', contrast=1.0, depth=0, flipHoriz=False, flipVert=False, font='Lucida Sans', fontFiles=[], height=0.5, italic=False, languageStyle='LTR', name='unnamed TextStim', opacity=1.0, ori=0.0, pos=array([0., 1.]), rgb=UNKNOWN, text='I am happy-go-lucky.', units='pix', win=Window(...), wrapWidth=10)
21.7488 	EXP 	RatingScale unnamed RatingScale: setDescription=" "
21.7546 	DATA 	Mouse:  Left button up, pos=(801,544)
21.7572 	EXP 	unnamed RatingScale: flipVert = False
21.7572 	EXP 	unnamed RatingScale: autoLog = True
27.1952 	DATA 	Mouse: Left button down, pos=(537,549)
27.1954 	DATA 	RatingScale unnamed RatingScale: (mouse single-click) rating=1
27.1954 	DATA 	RatingScale unnamed RatingScale: rating RT=5.446
27.1954 	DATA 	RatingScale unnamed RatingScale: history=[(1.0, 0.0), (1, 5.446)]
27.2227 	EXP 	window1: mouseVisible = True
27.2700 	EXP 	Created unnamed RatingScale = RatingScale(__class__=type(...), acceptKeys=['return'], acceptPreText=UNKNOWN, acceptSize=UNKNOWN, acceptText=UNKNOWN, autoLog=True, choices=False, colorSpace=UNKNOWN, depth=0, disappear=False, flipVert=False, high=4, kwargs=UNKNOWN, labels=list(...), leftKeys=['left'], lineColor='White', low=1, marker=Circle(...), markerColor='Red', markerExpansion=UNKNOWN, markerStart=1.0, maxTime=0.0, minTime=0.4, mouseOnly=False, name='unnamed RatingScale', noMouse=False, pos=[0.0, -0.0005555555555555556], precision=1, respKeys=['a', 's', 'd', 'f'], rightKeys=['right'], scale=False, self=UNKNOWN, showAccept=False, showValue=True, singleClick=True, size=0.6, skipKeys=['tab'], stretch=1.5, textColor='LightGray', textFont='Helvetica Bold', textSize=0.06, tickHeight=1.0, tickMarks=3.0, win=Window(...))
27.2701 	WARNING 	TextStim.alignHoriz is deprecated. Use alignText and anchorHoriz attributes instead
27.2758 	EXP 	Created unnamed TextStim = TextStim(__class__=<class 'psychopy.visual.text.TextStim'>, alignHoriz='center', alignText='center', alignVert=method-wrapper(...), anchorHoriz='center', anchorVert='center', antialias=True, autoLog=True, bold=False, color=array([1., 1., 1.]), colorSpace='rgb', contrast=1.0, depth=0, flipHoriz=False, flipVert=False, font='Lucida Sans', fontFiles=[], height=0.5, italic=False, languageStyle='LTR', name='unnamed TextStim', opacity=1.0, ori=0.0, pos=array([0., 1.]), rgb=UNKNOWN, text="I don't 'pay attention'.", units='pix', win=Window(...), wrapWidth=10)
27.2768 	EXP 	RatingScale unnamed RatingScale: setDescription=" "
27.2846 	EXP 	unnamed RatingScale: flipVert = False
27.2846 	EXP 	unnamed RatingScale: autoLog = True
27.2883 	DATA 	Mouse:  Left button up, pos=(537,549)
28.4805 	DATA 	Mouse: Right button down, pos=(804,530)
28.5465 	DATA 	Mouse:  Right button up, pos=(804,530)
29.2305 	DATA 	Mouse: Right button down, pos=(1122,564)
29.2966 	DATA 	Mouse:  Right button up, pos=(1122,564)
30.1977 	DATA 	Mouse: Left button down, pos=(1387,548)
30.1980 	DATA 	RatingScale unnamed RatingScale: (mouse single-click) rating=4
30.1980 	DATA 	RatingScale unnamed RatingScale: rating RT=2.921
30.1980 	DATA 	RatingScale unnamed RatingScale: history=[(1.0, 0.0), (4, 2.92)]
30.2223 	EXP 	window1: mouseVisible = True
30.2534 	EXP 	Created unnamed RatingScale = RatingScale(__class__=type(...), acceptKeys=['return'], acceptPreText=UNKNOWN, acceptSize=UNKNOWN, acceptText=UNKNOWN, autoLog=True, choices=False, colorSpace=UNKNOWN, depth=0, disappear=False, flipVert=False, high=4, kwargs=UNKNOWN, labels=list(...), leftKeys=['left'], lineColor='White', low=1, marker=Circle(...), markerColor='Red', markerExpansion=UNKNOWN, markerStart=1.0, maxTime=0.0, minTime=0.4, mouseOnly=False, name='unnamed RatingScale', noMouse=False, pos=[0.0, -0.0005555555555555556], precision=1, respKeys=['a', 's', 'd', 'f'], rightKeys=['right'], scale=False, self=UNKNOWN, showAccept=False, showValue=True, singleClick=True, size=0.6, skipKeys=['tab'], stretch=1.5, textColor='LightGray', textFont='Helvetica Bold', textSize=0.06, tickHeight=1.0, tickMarks=3.0, win=Window(...))
30.2535 	WARNING 	TextStim.alignHoriz is deprecated. Use alignText and anchorHoriz attributes instead
30.2613 	EXP 	Created unnamed TextStim = TextStim(__class__=<class 'psychopy.visual.text.TextStim'>, alignHoriz='center', alignText='center', alignVert=method-wrapper(...), anchorHoriz='center', anchorVert='center', antialias=True, autoLog=True, bold=False, color=array([1., 1., 1.]), colorSpace='rgb', contrast=1.0, depth=0, flipHoriz=False, flipVert=False, font='Lucida Sans', fontFiles=[], height=0.5, italic=False, languageStyle='LTR', name='unnamed TextStim', opacity=1.0, ori=0.0, pos=array([0., 1.]), rgb=UNKNOWN, text="I have 'racing' thoughts.", units='pix', win=Window(...), wrapWidth=10)
30.2623 	EXP 	RatingScale unnamed RatingScale: setDescription=" "
30.2678 	DATA 	Mouse:  Left button up, pos=(1387,548)
30.2707 	EXP 	unnamed RatingScale: flipVert = False
30.2707 	EXP 	unnamed RatingScale: autoLog = True
30.9124 	DATA 	Mouse: Left button down, pos=(1387,563)
30.9125 	DATA 	RatingScale unnamed RatingScale: (mouse single-click) rating=4
30.9126 	DATA 	RatingScale unnamed RatingScale: rating RT=0.649
30.9126 	DATA 	RatingScale unnamed RatingScale: history=[(1.0, 0.0), (4, 0.649)]
31.7562 	DATA 	Mouse:  Left button up, pos=(1387,563)
31.8555 	DATA 	Keypress: escape
34.3150 	DATA 	Keypress: q
35.7433 	DATA 	Mouse: Left button down, pos=(906,157)
37.2319 	EXP 	window1: mouseVisible = True
