8.0065 	WARNING 	Import Error: No module named 'psychtoolbox'. Using event module for keyboard component.
12.8136 	WARNING 	User requested fullscreen with size [800 600], but screen is actually [1920, 1080]. Using actual size
15.1277 	EXP 	Created window1 = Window(allowGUI=True, allowStencil=False, args=UNKNOWN, autoLog=True, bitsMode=UNKNOWN, blendMode='avg', color='black', colorSpace='named', fullscr=<method-wrapper '__getattribute__' of attributeSetter object at 0x0000021C2185D3C8>, gamma=None, gammaErrorPolicy='ignore', kwargs=UNKNOWN, lms=UNKNOWN, monitor=<psychopy.monitors.calibTools.Monitor object at 0x0000021C218C8848>, multiSample=False, name='window1', numSamples=2, pos=[0.0, 0.0], screen=0, size=array([1920, 1080]), stereo=False, units='pix', useFBO=True, useRetina=False, viewOri=0.0, viewPos=None, viewScale=None, waitBlanking=True, winType='pyglet')
15.1385 	EXP 	Created unnamed Rect = Rect(__class__=<class 'psychopy.visual.rect.Rect'>, autoDraw=False, autoLog=True, closeShape=True, color=method-wrapper(...), colorSpace=None, contrast=1.0, depth=0, fillColor=array([-1.,  1., -1.]), fillColorSpace='rgb', fillRGB=array([-1.,  1., -1.]), interpolate=True, lineColor=array([-1. ,  0.8, -1. ]), lineColorSpace='rgb', lineRGB=array([-1. ,  0.8, -1. ]), lineWidth=1.5, name='unnamed Rect', opacity=1.0, ori=array(0.), pos=array([   0., -400.]), size=array([1., 1.]), units='pix', vertices=ndarray(...), win=Window(...))
15.2391 	EXP 	Created unnamed TextStim = TextStim(__class__=<class 'psychopy.visual.text.TextStim'>, alignHoriz='center', alignVert='center', antialias=True, autoLog=True, bold=True, color=array([-1., -1., -1.]), colorSpace='rgb', contrast=1.0, depth=0, flipHoriz=False, flipVert=False, font='', fontFiles=[], height=35, italic=False, languageStyle='LTR', name='unnamed TextStim', opacity=1.0, ori=0.0, pos=array([   0., -400.]), rgb=array([-1., -1., -1.]), text='NEXT', units='pix', win=Window(...), wrapWidth=500)
15.2554 	EXP 	Created unnamed TextStim = TextStim(__class__=<class 'psychopy.visual.text.TextStim'>, alignHoriz='center', alignVert='center', antialias=True, autoLog=True, bold=False, color='white', colorSpace='named', contrast=1.0, depth=0, flipHoriz=False, flipVert=False, font='', fontFiles=[], height=30, italic=False, languageStyle='LTR', name='unnamed TextStim', opacity=1.0, ori=0.0, pos=array([  0., -80.]), rgb=array([255., 255., 255.]), text='Which box contained more dots?', units='pix', win=Window(...), wrapWidth=500)
15.2627 	EXP 	Created unnamed TextStim = TextStim(__class__=<class 'psychopy.visual.text.TextStim'>, alignHoriz='center', alignVert='center', antialias=True, autoLog=True, bold=False, color='white', colorSpace='named', contrast=1.0, depth=0, flipHoriz=False, flipVert=False, font='', fontFiles=[], height=30, italic=False, languageStyle='LTR', name='unnamed TextStim', opacity=1.0, ori=0.0, pos=array([  0., -80.]), rgb=array([255., 255., 255.]), text='Indicate your confidence with the slider below', units='pix', win=Window(...), wrapWidth=500)
15.2838 	EXP 	Created unnamed TextStim = TextStim(__class__=<class 'psychopy.visual.text.TextStim'>, alignHoriz='center', alignVert='center', antialias=True, autoLog=True, bold=False, color='white', colorSpace='named', contrast=1.0, depth=0, flipHoriz=False, flipVert=False, font='', fontFiles=[], height=70, italic=False, languageStyle='LTR', name='unnamed TextStim', opacity=1.0, ori=0.0, pos=array([0., 0.]), rgb=array([255., 255., 255.]), text='Welcome to this experiment!', units='pix', win=Window(...), wrapWidth=500)
15.3067 	EXP 	Created unnamed TextStim = TextStim(__class__=<class 'psychopy.visual.text.TextStim'>, alignHoriz='center', alignVert='center', antialias=True, autoLog=True, bold=False, color='white', colorSpace='named', contrast=1.0, depth=0, flipHoriz=False, flipVert=False, font='', fontFiles=[], height=50, italic=False, languageStyle='LTR', name='unnamed TextStim', opacity=1.0, ori=0.0, pos=array([0., 0.]), rgb=array([255., 255., 255.]), text=str(...), units='pix', win=Window(...), wrapWidth=500)
15.3590 	EXP 	Created unnamed TextStim = TextStim(__class__=<class 'psychopy.visual.text.TextStim'>, alignHoriz='center', alignVert='center', antialias=True, autoLog=True, bold=False, color='white', colorSpace='named', contrast=1.0, depth=0, flipHoriz=False, flipVert=False, font='', fontFiles=[], height=35, italic=False, languageStyle='LTR', name='unnamed TextStim', opacity=1.0, ori=0.0, pos=array([0., 0.]), rgb=array([255., 255., 255.]), text=str(...), units='pix', win=Window(...), wrapWidth=1000)
15.3744 	EXP 	Created unnamed TextStim = TextStim(__class__=<class 'psychopy.visual.text.TextStim'>, alignHoriz='center', alignVert='center', antialias=True, autoLog=True, bold=False, color='white', colorSpace='named', contrast=1.0, depth=0, flipHoriz=False, flipVert=False, font='', fontFiles=[], height=60, italic=False, languageStyle='LTR', name='unnamed TextStim', opacity=1.0, ori=0.0, pos=array([0., 0.]), rgb=array([255., 255., 255.]), text='Great, you are now ready to continue!', units='pix', win=Window(...), wrapWidth=1000)
15.3875 	EXP 	Created unnamed TextStim = TextStim(__class__=<class 'psychopy.visual.text.TextStim'>, alignHoriz='center', alignVert='center', antialias=True, autoLog=True, bold=False, color='white', colorSpace='named', contrast=1.0, depth=0, flipHoriz=False, flipVert=False, font='', fontFiles=[], height=60, italic=False, languageStyle='LTR', name='unnamed TextStim', opacity=1.0, ori=0.0, pos=array([0., 0.]), rgb=array([255., 255., 255.]), text=str(...), units='pix', win=Window(...), wrapWidth=1000)
15.4109 	EXP 	Created unnamed TextStim = TextStim(__class__=<class 'psychopy.visual.text.TextStim'>, alignHoriz='center', alignVert='center', antialias=True, autoLog=True, bold=False, color='white', colorSpace='named', contrast=1.0, depth=0, flipHoriz=False, flipVert=False, font='', fontFiles=[], height=35, italic=False, languageStyle='LTR', name='unnamed TextStim', opacity=1.0, ori=0.0, pos=array([0., 0.]), rgb=array([255., 255., 255.]), text=str(...), units='pix', win=Window(...), wrapWidth=1000)
15.4444 	EXP 	Created unnamed TextStim = TextStim(__class__=<class 'psychopy.visual.text.TextStim'>, alignHoriz='center', alignVert='center', antialias=True, autoLog=True, bold=False, color='white', colorSpace='named', contrast=1.0, depth=0, flipHoriz=False, flipVert=False, font='', fontFiles=[], height=35, italic=False, languageStyle='LTR', name='unnamed TextStim', opacity=1.0, ori=0.0, pos=array([0., 0.]), rgb=array([255., 255., 255.]), text=str(...), units='pix', win=Window(...), wrapWidth=1000)
15.4716 	EXP 	Created unnamed TextStim = TextStim(__class__=<class 'psychopy.visual.text.TextStim'>, alignHoriz='center', alignVert='center', antialias=True, autoLog=True, bold=False, color='white', colorSpace='named', contrast=1.0, depth=0, flipHoriz=False, flipVert=False, font='', fontFiles=[], height=35, italic=False, languageStyle='LTR', name='unnamed TextStim', opacity=1.0, ori=0.0, pos=array([0., 0.]), rgb=array([255., 255., 255.]), text=str(...), units='pix', win=Window(...), wrapWidth=1000)
15.5006 	EXP 	Created unnamed TextStim = TextStim(__class__=<class 'psychopy.visual.text.TextStim'>, alignHoriz='center', alignVert='center', antialias=True, autoLog=True, bold=False, color='white', colorSpace='named', contrast=1.0, depth=0, flipHoriz=False, flipVert=False, font='', fontFiles=[], height=35, italic=False, languageStyle='LTR', name='unnamed TextStim', opacity=1.0, ori=0.0, pos=array([0., 0.]), rgb=array([255., 255., 255.]), text=str(...), units='pix', win=Window(...), wrapWidth=1000)
15.5263 	EXP 	Created unnamed TextStim = TextStim(__class__=<class 'psychopy.visual.text.TextStim'>, alignHoriz='center', alignVert='center', antialias=True, autoLog=True, bold=False, color='white', colorSpace='named', contrast=1.0, depth=0, flipHoriz=False, flipVert=False, font='', fontFiles=[], height=35, italic=False, languageStyle='LTR', name='unnamed TextStim', opacity=1.0, ori=0.0, pos=array([0., 0.]), rgb=array([255., 255., 255.]), text=str(...), units='pix', win=Window(...), wrapWidth=1000)
15.5382 	EXP 	Created unnamed TextStim = TextStim(__class__=<class 'psychopy.visual.text.TextStim'>, alignHoriz='center', alignVert='center', antialias=True, autoLog=True, bold=False, color='white', colorSpace='named', contrast=1.0, depth=0, flipHoriz=False, flipVert=False, font='', fontFiles=[], height=70, italic=False, languageStyle='LTR', name='unnamed TextStim', opacity=1.0, ori=0.0, pos=array([0., 0.]), rgb=array([255., 255., 255.]), text='Thank you for completing the study!', units='pix', win=Window(...), wrapWidth=500)
15.5577 	EXP 	Created unnamed TextStim = TextStim(__class__=<class 'psychopy.visual.text.TextStim'>, alignHoriz='center', alignVert='center', antialias=True, autoLog=True, bold=False, color='white', colorSpace='named', contrast=1.0, depth=0, flipHoriz=False, flipVert=False, font='', fontFiles=[], height=55, italic=False, languageStyle='LTR', name='unnamed TextStim', opacity=1.0, ori=0.0, pos=array([0., 0.]), rgb=array([255., 255., 255.]), text='What did you think about your partner\n .', units='pix', win=Window(...), wrapWidth=500)
15.5606 	EXP 	Created unnamed TextStim = TextStim(__class__=<class 'psychopy.visual.text.TextStim'>, alignHoriz='center', alignVert='center', antialias=True, autoLog=True, bold=False, color='white', colorSpace='named', contrast=1.0, depth=0, flipHoriz=False, flipVert=False, font='', fontFiles=[], height=55, italic=False, languageStyle='LTR', name='unnamed TextStim', opacity=1.0, ori=0.0, pos=array([0., 0.]), rgb=array([255., 255., 255.]), text='What did you think about your partner\n . .', units='pix', win=Window(...), wrapWidth=500)
15.5636 	EXP 	Created unnamed TextStim = TextStim(__class__=<class 'psychopy.visual.text.TextStim'>, alignHoriz='center', alignVert='center', antialias=True, autoLog=True, bold=False, color='white', colorSpace='named', contrast=1.0, depth=0, flipHoriz=False, flipVert=False, font='', fontFiles=[], height=55, italic=False, languageStyle='LTR', name='unnamed TextStim', opacity=1.0, ori=0.0, pos=array([0., 0.]), rgb=array([255., 255., 255.]), text='What did you think about your partner\n . . .', units='pix', win=Window(...), wrapWidth=500)
15.5676 	EXP 	Created unnamed TextStim = TextStim(__class__=<class 'psychopy.visual.text.TextStim'>, alignHoriz='center', alignVert='center', antialias=True, autoLog=True, bold=False, color='white', colorSpace='named', contrast=1.0, depth=0, flipHoriz=False, flipVert=False, font='', fontFiles=[], height=55, italic=False, languageStyle='LTR', name='unnamed TextStim', opacity=1.0, ori=0.0, pos=array([0., 0.]), rgb=array([255., 255., 255.]), text=str(...), units='pix', win=Window(...), wrapWidth=500)
15.5677 	EXP 	window1: mouseVisible = True
23.7551 	DATA 	Mouse: Left button down, pos=(986,136)
24.5630 	DATA 	Mouse:  Left button up, pos=(986,136)
25.5893 	DATA 	Mouse: Left button down, pos=(986,136)
26.4029 	DATA 	Mouse:  Left button up, pos=(986,136)
28.2972 	DATA 	Mouse: Left button down, pos=(986,136)
28.2980 	EXP 	Created unnamed ShapeStim = ShapeStim(__class__=<class 'psychopy.visual.shape.ShapeStim'>, autoDraw=False, autoLog=True, closeShape=False, contrast=1.0, depth=0, fillColor=None, fillColorSpace='rgb', interpolate=True, lineColor='white', lineColorSpace='named', lineWidth=50, name='unnamed ShapeStim', opacity=1.0, ori=array(0.), pos=array([  0., 100.]), size=array([1., 1.]), units='pix', vertices=ndarray(...), win=Window(...), windingRule=None)
28.3105 	EXP 	Created unnamed Circle = Circle(__class__=<class 'psychopy.visual.circle.Circle'>, autoDraw=False, autoLog=True, closeShape=True, color=method-wrapper(...), colorSpace=None, contrast=1.0, depth=0, fillColor='white', fillColorSpace='named', fillRGB=array([255., 255., 255.]), interpolate=True, lineColor=array([1., 1., 1.]), lineColorSpace='rgb', lineRGB=array([1., 1., 1.]), lineWidth=1.5, name='unnamed Circle', opacity=1.0, ori=array(0.), pos=array([0., 0.]), size=array([1., 1.]), units='pix', vertices=ndarray(...), win=Window(...))
28.3111 	EXP 	Created unnamed Rect = Rect(__class__=<class 'psychopy.visual.rect.Rect'>, autoDraw=False, autoLog=True, closeShape=True, color=method-wrapper(...), colorSpace=None, contrast=1.0, depth=0, fillColor=None, fillColorSpace='rgb', fillRGB=None, interpolate=True, lineColor='white', lineColorSpace='named', lineRGB=array([255., 255., 255.]), lineWidth=1.5, name='unnamed Rect', opacity=1.0, ori=array(0.), pos=array([210., 105.]), size=array([1., 1.]), units='pix', vertices=ndarray(...), win=Window(...))
28.3116 	EXP 	Created unnamed Rect = Rect(__class__=<class 'psychopy.visual.rect.Rect'>, autoDraw=False, autoLog=True, closeShape=True, color=method-wrapper(...), colorSpace=None, contrast=1.0, depth=0, fillColor=None, fillColorSpace='rgb', fillRGB=None, interpolate=True, lineColor='white', lineColorSpace='named', lineRGB=array([255., 255., 255.]), lineWidth=1.5, name='unnamed Rect', opacity=1.0, ori=array(0.), pos=array([-210.,  105.]), size=array([1., 1.]), units='pix', vertices=ndarray(...), win=Window(...))
28.3121 	EXP 	Created unnamed ShapeStim = ShapeStim(__class__=<class 'psychopy.visual.shape.ShapeStim'>, autoDraw=False, autoLog=True, closeShape=False, contrast=1.0, depth=0, fillColor=None, fillColorSpace='rgb', interpolate=True, lineColor=array([0. , 0.8, 0.8]), lineColorSpace='rgb', lineWidth=8, name='unnamed ShapeStim', opacity=1.0, ori=array(0.), pos=array([0., 0.]), size=array([1., 1.]), units='pix', vertices=array([[  0., -25.],
       [  0.,  25.]]), win=Window(...), windingRule=None)
28.3125 	EXP 	Created unnamed ShapeStim = ShapeStim(__class__=<class 'psychopy.visual.shape.ShapeStim'>, autoDraw=False, autoLog=True, closeShape=False, contrast=1.0, depth=0, fillColor=None, fillColorSpace='rgb', interpolate=True, lineColor=None, lineColorSpace='rgb', lineWidth=8, name='unnamed ShapeStim', opacity=1.0, ori=array(0.), pos=array([0., 0.]), size=array([1., 1.]), units='pix', vertices=array([[  0., -25.],
       [  0.,  25.]]), win=Window(...), windingRule=None)
28.3130 	EXP 	Created unnamed Rect = Rect(__class__=<class 'psychopy.visual.rect.Rect'>, autoDraw=False, autoLog=True, closeShape=True, color=method-wrapper(...), colorSpace=None, contrast=1.0, depth=0, fillColor=None, fillColorSpace='rgb', fillRGB=None, interpolate=True, lineColor='white', lineColorSpace='named', lineRGB=array([255., 255., 255.]), lineWidth=4, name='unnamed Rect', opacity=1.0, ori=array(0.), pos=array([0., 0.]), size=array([1., 1.]), units='pix', vertices=ndarray(...), win=Window(...))
28.3135 	EXP 	Created unnamed Rect = Rect(__class__=<class 'psychopy.visual.rect.Rect'>, autoDraw=False, autoLog=True, closeShape=True, color=method-wrapper(...), colorSpace=None, contrast=1.0, depth=0, fillColor='white', fillColorSpace='named', fillRGB=array([255., 255., 255.]), interpolate=True, lineColor='white', lineColorSpace='named', lineRGB=array([255., 255., 255.]), lineWidth=1.5, name='unnamed Rect', opacity=0.6, ori=array(0.), pos=array([0., 0.]), size=array([1., 1.]), units='pix', vertices=ndarray(...), win=Window(...))
28.3136 	EXP 	window1: mouseVisible = False
29.1189 	DATA 	Mouse:  Left button up, pos=(986,136)
29.3770 	EXP 	unnamed Circle: pos = [100, 0]
29.3770 	EXP 	unnamed Circle: pos = [112, 0]
29.3770 	EXP 	unnamed Circle: pos = [124, 0]
29.3770 	EXP 	unnamed Circle: pos = [184, 0]
29.3770 	EXP 	unnamed Circle: pos = [208, 0]
29.3770 	EXP 	unnamed Circle: pos = [244, 0]
29.3770 	EXP 	unnamed Circle: pos = [256, 0]
29.3770 	EXP 	unnamed Circle: pos = [268, 0]
29.3770 	EXP 	unnamed Circle: pos = [280, 0]
29.3770 	EXP 	unnamed Circle: pos = [292, 0]
29.3770 	EXP 	unnamed Circle: pos = [124, 12]
29.3770 	EXP 	unnamed Circle: pos = [136, 12]
29.3770 	EXP 	unnamed Circle: pos = [184, 12]
29.3770 	EXP 	unnamed Circle: pos = [208, 12]
29.3770 	EXP 	unnamed Circle: pos = [232, 12]
29.3770 	EXP 	unnamed Circle: pos = [244, 12]
29.3770 	EXP 	unnamed Circle: pos = [256, 12]
29.3770 	EXP 	unnamed Circle: pos = [268, 12]
29.3770 	EXP 	unnamed Circle: pos = [292, 12]
29.3770 	EXP 	unnamed Circle: pos = [304, 12]
29.3770 	EXP 	unnamed Circle: pos = [316, 12]
29.3770 	EXP 	unnamed Circle: pos = [100, 24]
29.3770 	EXP 	unnamed Circle: pos = [112, 24]
29.3770 	EXP 	unnamed Circle: pos = [148, 24]
29.3770 	EXP 	unnamed Circle: pos = [160, 24]
29.3770 	EXP 	unnamed Circle: pos = [184, 24]
29.3770 	EXP 	unnamed Circle: pos = [196, 24]
29.3770 	EXP 	unnamed Circle: pos = [232, 24]
29.3770 	EXP 	unnamed Circle: pos = [124, 36]
29.3770 	EXP 	unnamed Circle: pos = [136, 36]
29.3770 	EXP 	unnamed Circle: pos = [148, 36]
29.3770 	EXP 	unnamed Circle: pos = [160, 36]
29.3770 	EXP 	unnamed Circle: pos = [184, 36]
29.3770 	EXP 	unnamed Circle: pos = [208, 36]
29.3770 	EXP 	unnamed Circle: pos = [220, 36]
29.3770 	EXP 	unnamed Circle: pos = [268, 36]
29.3770 	EXP 	unnamed Circle: pos = [280, 36]
29.3770 	EXP 	unnamed Circle: pos = [292, 36]
29.3770 	EXP 	unnamed Circle: pos = [304, 36]
29.3770 	EXP 	unnamed Circle: pos = [316, 36]
29.3770 	EXP 	unnamed Circle: pos = [124, 48]
29.3770 	EXP 	unnamed Circle: pos = [136, 48]
29.3770 	EXP 	unnamed Circle: pos = [148, 48]
29.3770 	EXP 	unnamed Circle: pos = [160, 48]
29.3770 	EXP 	unnamed Circle: pos = [244, 48]
29.3770 	EXP 	unnamed Circle: pos = [256, 48]
29.3770 	EXP 	unnamed Circle: pos = [280, 48]
29.3770 	EXP 	unnamed Circle: pos = [292, 48]
29.3770 	EXP 	unnamed Circle: pos = [100, 60]
29.3770 	EXP 	unnamed Circle: pos = [136, 60]
29.3770 	EXP 	unnamed Circle: pos = [172, 60]
29.3770 	EXP 	unnamed Circle: pos = [208, 60]
29.3770 	EXP 	unnamed Circle: pos = [232, 60]
29.3770 	EXP 	unnamed Circle: pos = [280, 60]
29.3770 	EXP 	unnamed Circle: pos = [292, 60]
29.3770 	EXP 	unnamed Circle: pos = [304, 60]
29.3770 	EXP 	unnamed Circle: pos = [316, 60]
29.3770 	EXP 	unnamed Circle: pos = [100, 72]
29.3770 	EXP 	unnamed Circle: pos = [112, 72]
29.3770 	EXP 	unnamed Circle: pos = [136, 72]
29.3770 	EXP 	unnamed Circle: pos = [244, 72]
29.3770 	EXP 	unnamed Circle: pos = [256, 72]
29.3770 	EXP 	unnamed Circle: pos = [268, 72]
29.3770 	EXP 	unnamed Circle: pos = [280, 72]
29.3770 	EXP 	unnamed Circle: pos = [304, 72]
29.3770 	EXP 	unnamed Circle: pos = [316, 72]
29.3770 	EXP 	unnamed Circle: pos = [100, 84]
29.3770 	EXP 	unnamed Circle: pos = [124, 84]
29.3770 	EXP 	unnamed Circle: pos = [148, 84]
29.3770 	EXP 	unnamed Circle: pos = [196, 84]
29.3770 	EXP 	unnamed Circle: pos = [232, 84]
29.3770 	EXP 	unnamed Circle: pos = [244, 84]
29.3770 	EXP 	unnamed Circle: pos = [256, 84]
29.3770 	EXP 	unnamed Circle: pos = [280, 84]
29.3770 	EXP 	unnamed Circle: pos = [292, 84]
29.3770 	EXP 	unnamed Circle: pos = [100, 96]
29.3770 	EXP 	unnamed Circle: pos = [112, 96]
29.3770 	EXP 	unnamed Circle: pos = [136, 96]
29.3770 	EXP 	unnamed Circle: pos = [172, 96]
29.3770 	EXP 	unnamed Circle: pos = [184, 96]
29.3770 	EXP 	unnamed Circle: pos = [208, 96]
29.3770 	EXP 	unnamed Circle: pos = [232, 96]
29.3770 	EXP 	unnamed Circle: pos = [244, 96]
29.3770 	EXP 	unnamed Circle: pos = [256, 96]
29.3770 	EXP 	unnamed Circle: pos = [268, 96]
29.3770 	EXP 	unnamed Circle: pos = [280, 96]
29.3770 	EXP 	unnamed Circle: pos = [304, 96]
29.3770 	EXP 	unnamed Circle: pos = [316, 96]
29.3770 	EXP 	unnamed Circle: pos = [100, 108]
29.3770 	EXP 	unnamed Circle: pos = [124, 108]
29.3770 	EXP 	unnamed Circle: pos = [136, 108]
29.3770 	EXP 	unnamed Circle: pos = [160, 108]
29.3770 	EXP 	unnamed Circle: pos = [184, 108]
29.3770 	EXP 	unnamed Circle: pos = [208, 108]
29.3770 	EXP 	unnamed Circle: pos = [268, 108]
29.3770 	EXP 	unnamed Circle: pos = [280, 108]
29.3770 	EXP 	unnamed Circle: pos = [304, 108]
29.3770 	EXP 	unnamed Circle: pos = [112, 120]
29.3770 	EXP 	unnamed Circle: pos = [136, 120]
29.3770 	EXP 	unnamed Circle: pos = [172, 120]
29.3770 	EXP 	unnamed Circle: pos = [196, 120]
29.3770 	EXP 	unnamed Circle: pos = [208, 120]
29.3770 	EXP 	unnamed Circle: pos = [244, 120]
29.3770 	EXP 	unnamed Circle: pos = [268, 120]
29.3770 	EXP 	unnamed Circle: pos = [280, 120]
29.3770 	EXP 	unnamed Circle: pos = [292, 120]
29.3770 	EXP 	unnamed Circle: pos = [112, 132]
29.3770 	EXP 	unnamed Circle: pos = [124, 132]
29.3770 	EXP 	unnamed Circle: pos = [136, 132]
29.3770 	EXP 	unnamed Circle: pos = [148, 132]
29.3770 	EXP 	unnamed Circle: pos = [160, 132]
29.3770 	EXP 	unnamed Circle: pos = [184, 132]
29.3770 	EXP 	unnamed Circle: pos = [196, 132]
29.3770 	EXP 	unnamed Circle: pos = [220, 132]
29.3770 	EXP 	unnamed Circle: pos = [244, 132]
29.3770 	EXP 	unnamed Circle: pos = [280, 132]
29.3770 	EXP 	unnamed Circle: pos = [292, 132]
29.3770 	EXP 	unnamed Circle: pos = [304, 132]
29.3770 	EXP 	unnamed Circle: pos = [100, 144]
29.3770 	EXP 	unnamed Circle: pos = [112, 144]
29.3770 	EXP 	unnamed Circle: pos = [160, 144]
29.3770 	EXP 	unnamed Circle: pos = [184, 144]
29.3770 	EXP 	unnamed Circle: pos = [196, 144]
29.3770 	EXP 	unnamed Circle: pos = [256, 144]
29.3770 	EXP 	unnamed Circle: pos = [304, 144]
29.3770 	EXP 	unnamed Circle: pos = [148, 156]
29.3770 	EXP 	unnamed Circle: pos = [160, 156]
29.3770 	EXP 	unnamed Circle: pos = [184, 156]
29.3770 	EXP 	unnamed Circle: pos = [244, 156]
29.3770 	EXP 	unnamed Circle: pos = [256, 156]
29.3770 	EXP 	unnamed Circle: pos = [268, 156]
29.3770 	EXP 	unnamed Circle: pos = [280, 156]
29.3770 	EXP 	unnamed Circle: pos = [292, 156]
29.3770 	EXP 	unnamed Circle: pos = [316, 156]
29.3770 	EXP 	unnamed Circle: pos = [100, 168]
29.3770 	EXP 	unnamed Circle: pos = [112, 168]
29.3770 	EXP 	unnamed Circle: pos = [124, 168]
29.3770 	EXP 	unnamed Circle: pos = [136, 168]
29.3770 	EXP 	unnamed Circle: pos = [184, 168]
29.3770 	EXP 	unnamed Circle: pos = [196, 168]
29.3770 	EXP 	unnamed Circle: pos = [208, 168]
29.3770 	EXP 	unnamed Circle: pos = [232, 168]
29.3770 	EXP 	unnamed Circle: pos = [280, 168]
29.3770 	EXP 	unnamed Circle: pos = [292, 168]
29.3770 	EXP 	unnamed Circle: pos = [316, 168]
29.3770 	EXP 	unnamed Circle: pos = [100, 180]
29.3770 	EXP 	unnamed Circle: pos = [112, 180]
29.3770 	EXP 	unnamed Circle: pos = [160, 180]
29.3770 	EXP 	unnamed Circle: pos = [184, 180]
29.3770 	EXP 	unnamed Circle: pos = [232, 180]
29.3770 	EXP 	unnamed Circle: pos = [256, 180]
29.3770 	EXP 	unnamed Circle: pos = [268, 180]
29.3770 	EXP 	unnamed Circle: pos = [280, 180]
29.3770 	EXP 	unnamed Circle: pos = [292, 180]
29.3770 	EXP 	unnamed Circle: pos = [316, 180]
29.3770 	EXP 	unnamed Circle: pos = [124, 192]
29.3770 	EXP 	unnamed Circle: pos = [136, 192]
29.3770 	EXP 	unnamed Circle: pos = [148, 192]
29.3770 	EXP 	unnamed Circle: pos = [160, 192]
29.3770 	EXP 	unnamed Circle: pos = [172, 192]
29.3770 	EXP 	unnamed Circle: pos = [208, 192]
29.3770 	EXP 	unnamed Circle: pos = [256, 192]
29.3770 	EXP 	unnamed Circle: pos = [280, 192]
29.3770 	EXP 	unnamed Circle: pos = [292, 192]
29.3770 	EXP 	unnamed Circle: pos = [304, 192]
29.3770 	EXP 	unnamed Circle: pos = [316, 192]
29.3770 	EXP 	unnamed Circle: pos = [124, 204]
29.3770 	EXP 	unnamed Circle: pos = [184, 204]
29.3770 	EXP 	unnamed Circle: pos = [196, 204]
29.3770 	EXP 	unnamed Circle: pos = [256, 204]
29.3770 	EXP 	unnamed Circle: pos = [292, 204]
29.3770 	EXP 	unnamed Circle: pos = [100, 216]
29.3770 	EXP 	unnamed Circle: pos = [136, 216]
29.3770 	EXP 	unnamed Circle: pos = [148, 216]
29.3770 	EXP 	unnamed Circle: pos = [160, 216]
29.3770 	EXP 	unnamed Circle: pos = [172, 216]
29.3770 	EXP 	unnamed Circle: pos = [196, 216]
29.3770 	EXP 	unnamed Circle: pos = [208, 216]
29.3770 	EXP 	unnamed Circle: pos = [220, 216]
29.3770 	EXP 	unnamed Circle: pos = [232, 216]
29.3770 	EXP 	unnamed Circle: pos = [268, 216]
29.3770 	EXP 	unnamed Circle: pos = [280, 216]
29.3770 	EXP 	unnamed Circle: pos = [292, 216]
29.3770 	EXP 	unnamed Circle: pos = [304, 216]
29.3770 	EXP 	unnamed Circle: pos = [316, 216]
29.3770 	EXP 	unnamed Circle: pos = [-100, 0]
29.3770 	EXP 	unnamed Circle: pos = [-112, 0]
29.3770 	EXP 	unnamed Circle: pos = [-148, 0]
29.3770 	EXP 	unnamed Circle: pos = [-184, 0]
29.3770 	EXP 	unnamed Circle: pos = [-208, 0]
29.3770 	EXP 	unnamed Circle: pos = [-232, 0]
29.3770 	EXP 	unnamed Circle: pos = [-244, 0]
29.3770 	EXP 	unnamed Circle: pos = [-268, 0]
29.3770 	EXP 	unnamed Circle: pos = [-280, 0]
29.3770 	EXP 	unnamed Circle: pos = [-304, 0]
29.3770 	EXP 	unnamed Circle: pos = [-316, 0]
29.3770 	EXP 	unnamed Circle: pos = [-100, 12]
29.3770 	EXP 	unnamed Circle: pos = [-136, 12]
29.3770 	EXP 	unnamed Circle: pos = [-148, 12]
29.3770 	EXP 	unnamed Circle: pos = [-160, 12]
29.3770 	EXP 	unnamed Circle: pos = [-172, 12]
29.3770 	EXP 	unnamed Circle: pos = [-184, 12]
29.3770 	EXP 	unnamed Circle: pos = [-196, 12]
29.3770 	EXP 	unnamed Circle: pos = [-208, 12]
29.3770 	EXP 	unnamed Circle: pos = [-232, 12]
29.3770 	EXP 	unnamed Circle: pos = [-244, 12]
29.3770 	EXP 	unnamed Circle: pos = [-280, 12]
29.3770 	EXP 	unnamed Circle: pos = [-292, 12]
29.3770 	EXP 	unnamed Circle: pos = [-304, 12]
29.3770 	EXP 	unnamed Circle: pos = [-316, 12]
29.3770 	EXP 	unnamed Circle: pos = [-100, 24]
29.3770 	EXP 	unnamed Circle: pos = [-112, 24]
29.3770 	EXP 	unnamed Circle: pos = [-124, 24]
29.3770 	EXP 	unnamed Circle: pos = [-136, 24]
29.3770 	EXP 	unnamed Circle: pos = [-160, 24]
29.3770 	EXP 	unnamed Circle: pos = [-184, 24]
29.3770 	EXP 	unnamed Circle: pos = [-196, 24]
29.3770 	EXP 	unnamed Circle: pos = [-208, 24]
29.3770 	EXP 	unnamed Circle: pos = [-220, 24]
29.3770 	EXP 	unnamed Circle: pos = [-232, 24]
29.3770 	EXP 	unnamed Circle: pos = [-244, 24]
29.3770 	EXP 	unnamed Circle: pos = [-256, 24]
29.3770 	EXP 	unnamed Circle: pos = [-316, 24]
29.3770 	EXP 	unnamed Circle: pos = [-100, 36]
29.3770 	EXP 	unnamed Circle: pos = [-112, 36]
29.3770 	EXP 	unnamed Circle: pos = [-124, 36]
29.3770 	EXP 	unnamed Circle: pos = [-136, 36]
29.3770 	EXP 	unnamed Circle: pos = [-160, 36]
29.3770 	EXP 	unnamed Circle: pos = [-172, 36]
29.3770 	EXP 	unnamed Circle: pos = [-184, 36]
29.3770 	EXP 	unnamed Circle: pos = [-196, 36]
29.3770 	EXP 	unnamed Circle: pos = [-208, 36]
29.3770 	EXP 	unnamed Circle: pos = [-244, 36]
29.3770 	EXP 	unnamed Circle: pos = [-256, 36]
29.3770 	EXP 	unnamed Circle: pos = [-268, 36]
29.3770 	EXP 	unnamed Circle: pos = [-292, 36]
29.3770 	EXP 	unnamed Circle: pos = [-316, 36]
29.3770 	EXP 	unnamed Circle: pos = [-112, 48]
29.3770 	EXP 	unnamed Circle: pos = [-136, 48]
29.3770 	EXP 	unnamed Circle: pos = [-148, 48]
29.3770 	EXP 	unnamed Circle: pos = [-160, 48]
29.3770 	EXP 	unnamed Circle: pos = [-184, 48]
29.3770 	EXP 	unnamed Circle: pos = [-196, 48]
29.3770 	EXP 	unnamed Circle: pos = [-208, 48]
29.3770 	EXP 	unnamed Circle: pos = [-220, 48]
29.3770 	EXP 	unnamed Circle: pos = [-256, 48]
29.3770 	EXP 	unnamed Circle: pos = [-316, 48]
29.3770 	EXP 	unnamed Circle: pos = [-100, 60]
29.3770 	EXP 	unnamed Circle: pos = [-112, 60]
29.3770 	EXP 	unnamed Circle: pos = [-124, 60]
29.3770 	EXP 	unnamed Circle: pos = [-136, 60]
29.3770 	EXP 	unnamed Circle: pos = [-148, 60]
29.3770 	EXP 	unnamed Circle: pos = [-160, 60]
29.3770 	EXP 	unnamed Circle: pos = [-184, 60]
29.3770 	EXP 	unnamed Circle: pos = [-196, 60]
29.3770 	EXP 	unnamed Circle: pos = [-208, 60]
29.3770 	EXP 	unnamed Circle: pos = [-220, 60]
29.3770 	EXP 	unnamed Circle: pos = [-244, 60]
29.3770 	EXP 	unnamed Circle: pos = [-268, 60]
29.3770 	EXP 	unnamed Circle: pos = [-280, 60]
29.3770 	EXP 	unnamed Circle: pos = [-304, 60]
29.3770 	EXP 	unnamed Circle: pos = [-316, 60]
29.3770 	EXP 	unnamed Circle: pos = [-100, 72]
29.3770 	EXP 	unnamed Circle: pos = [-112, 72]
29.3770 	EXP 	unnamed Circle: pos = [-124, 72]
29.3770 	EXP 	unnamed Circle: pos = [-136, 72]
29.3770 	EXP 	unnamed Circle: pos = [-148, 72]
29.3770 	EXP 	unnamed Circle: pos = [-160, 72]
29.3770 	EXP 	unnamed Circle: pos = [-172, 72]
29.3770 	EXP 	unnamed Circle: pos = [-184, 72]
29.3770 	EXP 	unnamed Circle: pos = [-244, 72]
29.3770 	EXP 	unnamed Circle: pos = [-268, 72]
29.3770 	EXP 	unnamed Circle: pos = [-280, 72]
29.3770 	EXP 	unnamed Circle: pos = [-292, 72]
29.3770 	EXP 	unnamed Circle: pos = [-316, 72]
29.3770 	EXP 	unnamed Circle: pos = [-100, 84]
29.3770 	EXP 	unnamed Circle: pos = [-112, 84]
29.3770 	EXP 	unnamed Circle: pos = [-136, 84]
29.3770 	EXP 	unnamed Circle: pos = [-148, 84]
29.3770 	EXP 	unnamed Circle: pos = [-160, 84]
29.3770 	EXP 	unnamed Circle: pos = [-184, 84]
29.3770 	EXP 	unnamed Circle: pos = [-196, 84]
29.3770 	EXP 	unnamed Circle: pos = [-208, 84]
29.3770 	EXP 	unnamed Circle: pos = [-220, 84]
29.3770 	EXP 	unnamed Circle: pos = [-232, 84]
29.3770 	EXP 	unnamed Circle: pos = [-244, 84]
29.3770 	EXP 	unnamed Circle: pos = [-256, 84]
29.3770 	EXP 	unnamed Circle: pos = [-292, 84]
29.3770 	EXP 	unnamed Circle: pos = [-304, 84]
29.3770 	EXP 	unnamed Circle: pos = [-316, 84]
29.3770 	EXP 	unnamed Circle: pos = [-100, 96]
29.3770 	EXP 	unnamed Circle: pos = [-112, 96]
29.3770 	EXP 	unnamed Circle: pos = [-124, 96]
29.3770 	EXP 	unnamed Circle: pos = [-136, 96]
29.3770 	EXP 	unnamed Circle: pos = [-148, 96]
29.3770 	EXP 	unnamed Circle: pos = [-172, 96]
29.3770 	EXP 	unnamed Circle: pos = [-184, 96]
29.3770 	EXP 	unnamed Circle: pos = [-208, 96]
29.3770 	EXP 	unnamed Circle: pos = [-220, 96]
29.3770 	EXP 	unnamed Circle: pos = [-244, 96]
29.3770 	EXP 	unnamed Circle: pos = [-256, 96]
29.3770 	EXP 	unnamed Circle: pos = [-268, 96]
29.3770 	EXP 	unnamed Circle: pos = [-280, 96]
29.3770 	EXP 	unnamed Circle: pos = [-316, 96]
29.3770 	EXP 	unnamed Circle: pos = [-112, 108]
29.3770 	EXP 	unnamed Circle: pos = [-148, 108]
29.3770 	EXP 	unnamed Circle: pos = [-172, 108]
29.3770 	EXP 	unnamed Circle: pos = [-184, 108]
29.3770 	EXP 	unnamed Circle: pos = [-196, 108]
29.3770 	EXP 	unnamed Circle: pos = [-232, 108]
29.3770 	EXP 	unnamed Circle: pos = [-244, 108]
29.3770 	EXP 	unnamed Circle: pos = [-268, 108]
29.3770 	EXP 	unnamed Circle: pos = [-280, 108]
29.3770 	EXP 	unnamed Circle: pos = [-304, 108]
29.3770 	EXP 	unnamed Circle: pos = [-316, 108]
29.3770 	EXP 	unnamed Circle: pos = [-100, 120]
29.3770 	EXP 	unnamed Circle: pos = [-148, 120]
29.3770 	EXP 	unnamed Circle: pos = [-172, 120]
29.3770 	EXP 	unnamed Circle: pos = [-184, 120]
29.3770 	EXP 	unnamed Circle: pos = [-196, 120]
29.3770 	EXP 	unnamed Circle: pos = [-208, 120]
29.3770 	EXP 	unnamed Circle: pos = [-220, 120]
29.3770 	EXP 	unnamed Circle: pos = [-244, 120]
29.3770 	EXP 	unnamed Circle: pos = [-280, 120]
29.3770 	EXP 	unnamed Circle: pos = [-304, 120]
29.3770 	EXP 	unnamed Circle: pos = [-316, 120]
29.3770 	EXP 	unnamed Circle: pos = [-100, 132]
29.3770 	EXP 	unnamed Circle: pos = [-124, 132]
29.3770 	EXP 	unnamed Circle: pos = [-136, 132]
29.3770 	EXP 	unnamed Circle: pos = [-160, 132]
29.3770 	EXP 	unnamed Circle: pos = [-172, 132]
29.3770 	EXP 	unnamed Circle: pos = [-184, 132]
29.3770 	EXP 	unnamed Circle: pos = [-208, 132]
29.3770 	EXP 	unnamed Circle: pos = [-220, 132]
29.3770 	EXP 	unnamed Circle: pos = [-232, 132]
29.3770 	EXP 	unnamed Circle: pos = [-244, 132]
29.3770 	EXP 	unnamed Circle: pos = [-256, 132]
29.3770 	EXP 	unnamed Circle: pos = [-280, 132]
29.3770 	EXP 	unnamed Circle: pos = [-292, 132]
29.3770 	EXP 	unnamed Circle: pos = [-304, 132]
29.3770 	EXP 	unnamed Circle: pos = [-316, 132]
29.3770 	EXP 	unnamed Circle: pos = [-100, 144]
29.3770 	EXP 	unnamed Circle: pos = [-112, 144]
29.3770 	EXP 	unnamed Circle: pos = [-124, 144]
29.3770 	EXP 	unnamed Circle: pos = [-148, 144]
29.3770 	EXP 	unnamed Circle: pos = [-172, 144]
29.3770 	EXP 	unnamed Circle: pos = [-184, 144]
29.3770 	EXP 	unnamed Circle: pos = [-196, 144]
29.3770 	EXP 	unnamed Circle: pos = [-232, 144]
29.3770 	EXP 	unnamed Circle: pos = [-244, 144]
29.3770 	EXP 	unnamed Circle: pos = [-256, 144]
29.3770 	EXP 	unnamed Circle: pos = [-292, 144]
29.3770 	EXP 	unnamed Circle: pos = [-304, 144]
29.3770 	EXP 	unnamed Circle: pos = [-316, 144]
29.3770 	EXP 	unnamed Circle: pos = [-112, 156]
29.3770 	EXP 	unnamed Circle: pos = [-148, 156]
29.3770 	EXP 	unnamed Circle: pos = [-160, 156]
29.3770 	EXP 	unnamed Circle: pos = [-184, 156]
29.3770 	EXP 	unnamed Circle: pos = [-208, 156]
29.3770 	EXP 	unnamed Circle: pos = [-232, 156]
29.3770 	EXP 	unnamed Circle: pos = [-256, 156]
29.3770 	EXP 	unnamed Circle: pos = [-268, 156]
29.3770 	EXP 	unnamed Circle: pos = [-280, 156]
29.3770 	EXP 	unnamed Circle: pos = [-292, 156]
29.3770 	EXP 	unnamed Circle: pos = [-304, 156]
29.3770 	EXP 	unnamed Circle: pos = [-100, 168]
29.3770 	EXP 	unnamed Circle: pos = [-112, 168]
29.3770 	EXP 	unnamed Circle: pos = [-124, 168]
29.3770 	EXP 	unnamed Circle: pos = [-136, 168]
29.3770 	EXP 	unnamed Circle: pos = [-148, 168]
29.3770 	EXP 	unnamed Circle: pos = [-220, 168]
29.3770 	EXP 	unnamed Circle: pos = [-232, 168]
29.3770 	EXP 	unnamed Circle: pos = [-244, 168]
29.3770 	EXP 	unnamed Circle: pos = [-316, 168]
29.3770 	EXP 	unnamed Circle: pos = [-100, 180]
29.3770 	EXP 	unnamed Circle: pos = [-112, 180]
29.3770 	EXP 	unnamed Circle: pos = [-148, 180]
29.3770 	EXP 	unnamed Circle: pos = [-160, 180]
29.3770 	EXP 	unnamed Circle: pos = [-184, 180]
29.3770 	EXP 	unnamed Circle: pos = [-256, 180]
29.3770 	EXP 	unnamed Circle: pos = [-268, 180]
29.3770 	EXP 	unnamed Circle: pos = [-280, 180]
29.3770 	EXP 	unnamed Circle: pos = [-292, 180]
29.3770 	EXP 	unnamed Circle: pos = [-100, 192]
29.3770 	EXP 	unnamed Circle: pos = [-124, 192]
29.3770 	EXP 	unnamed Circle: pos = [-148, 192]
29.3770 	EXP 	unnamed Circle: pos = [-172, 192]
29.3770 	EXP 	unnamed Circle: pos = [-196, 192]
29.3770 	EXP 	unnamed Circle: pos = [-208, 192]
29.3770 	EXP 	unnamed Circle: pos = [-220, 192]
29.3770 	EXP 	unnamed Circle: pos = [-232, 192]
29.3770 	EXP 	unnamed Circle: pos = [-244, 192]
29.3770 	EXP 	unnamed Circle: pos = [-256, 192]
29.3770 	EXP 	unnamed Circle: pos = [-268, 192]
29.3770 	EXP 	unnamed Circle: pos = [-280, 192]
29.3770 	EXP 	unnamed Circle: pos = [-292, 192]
29.3770 	EXP 	unnamed Circle: pos = [-304, 192]
29.3770 	EXP 	unnamed Circle: pos = [-316, 192]
29.3770 	EXP 	unnamed Circle: pos = [-100, 204]
29.3770 	EXP 	unnamed Circle: pos = [-124, 204]
29.3770 	EXP 	unnamed Circle: pos = [-148, 204]
29.3770 	EXP 	unnamed Circle: pos = [-160, 204]
29.3770 	EXP 	unnamed Circle: pos = [-184, 204]
29.3770 	EXP 	unnamed Circle: pos = [-208, 204]
29.3770 	EXP 	unnamed Circle: pos = [-232, 204]
29.3770 	EXP 	unnamed Circle: pos = [-256, 204]
29.3770 	EXP 	unnamed Circle: pos = [-304, 204]
29.3770 	EXP 	unnamed Circle: pos = [-124, 216]
29.3770 	EXP 	unnamed Circle: pos = [-136, 216]
29.3770 	EXP 	unnamed Circle: pos = [-148, 216]
29.3770 	EXP 	unnamed Circle: pos = [-160, 216]
29.3770 	EXP 	unnamed Circle: pos = [-172, 216]
29.3770 	EXP 	unnamed Circle: pos = [-184, 216]
29.3770 	EXP 	unnamed Circle: pos = [-196, 216]
29.3770 	EXP 	unnamed Circle: pos = [-208, 216]
29.3770 	EXP 	unnamed Circle: pos = [-220, 216]
29.3770 	EXP 	unnamed Circle: pos = [-232, 216]
29.3770 	EXP 	unnamed Circle: pos = [-244, 216]
29.3770 	EXP 	unnamed Circle: pos = [-256, 216]
29.3770 	EXP 	unnamed Circle: pos = [-280, 216]
29.3770 	EXP 	unnamed Circle: pos = [-292, 216]
29.3770 	EXP 	unnamed Circle: pos = [-304, 216]
29.3770 	EXP 	unnamed Circle: pos = [-316, 216]
35.7538 	DATA 	Keypress: q
37.0710 	DATA 	Mouse: Left button down, pos=(904,272)
37.0711 	ERROR 	If you setColor with a numeric color value then you need to specify a color space, e.g. setColor([1,1,-1],'rgb'), unless you used a numeric value previously in which case PsychoPy will reuse that color space.)
37.0740 	EXP 	unnamed Rect: lineColor = (0, 0.8, 0.8)
37.0740 	EXP 	unnamed Rect: lineWidth = 6
37.0740 	EXP 	unnamed Rect: pos = (200, -300)
38.4330 	EXP 	window1: mouseVisible = True
