9.7416 	WARNING 	User requested fullscreen with size [800 600], but screen is actually [1920, 1080]. Using actual size
12.6099 	EXP 	Created window1 = Window(allowGUI=True, allowStencil=False, autoLog=True, backendConf=UNKNOWN, bitsMode=UNKNOWN, blendMode='avg', bpc=(8, 8, 8), color=array([-1, -1, -1]), colorSpace='rgb', depthBits=8, fullscr=<method-wrapper '__getattribute__' of attributeSetter object at 0x000001B7B808A548>, gamma=None, gammaErrorPolicy='ignore', lms=UNKNOWN, monitor=<psychopy.monitors.calibTools.Monitor object at 0x000001B7B80EB148>, multiSample=False, name='window1', numSamples=2, pos=[0.0, 0.0], screen=0, size=array([1920, 1080]), stencilBits=0, stereo=False, units='pix', useFBO=True, useRetina=False, viewOri=0.0, viewPos=None, viewScale=None, waitBlanking=True, winType='pyglet')
12.6100 	EXP 	window1: mouseVisible = True
12.6117 	EXP 	Created unnamed Rect = Rect(__class__=<class 'psychopy.visual.rect.Rect'>, autoDraw=False, autoLog=True, closeShape=True, color=method-wrapper(...), colorSpace='rgb', contrast=None, depth=0, fillColor=array([-1,  1, -1]), fillColorSpace='rgb', fillRGB=UNKNOWN, interpolate=True, lineColor=array([-1. ,  0.8, -1. ]), lineColorSpace='rgb', lineRGB=UNKNOWN, lineWidth=1.5, name='unnamed Rect', opacity=1, ori=0.0, pos=array([   0., -400.]), size=array([160.,  60.]), units='pix', vertices=ndarray(...), win=Window(...))
12.6542 	EXP 	Created unnamed TextStim = TextStim(__class__=<class 'psychopy.visual.text.TextStim'>, alignHoriz=method-wrapper(...), alignText='center', alignVert=method-wrapper(...), anchorHoriz='center', anchorVert='center', antialias=True, autoLog=True, bold=True, color=array([-1, -1, -1]), colorSpace='rgb', contrast=1.0, depth=0, flipHoriz=False, flipVert=False, font='', fontFiles=[], height=35, italic=False, languageStyle='LTR', name='unnamed TextStim', opacity=1.0, ori=0.0, pos=array([   0., -400.]), rgb=UNKNOWN, text='NEXT', units='pix', win=Window(...), wrapWidth=500)
12.6726 	EXP 	Created unnamed TextStim = TextStim(__class__=<class 'psychopy.visual.text.TextStim'>, alignHoriz=method-wrapper(...), alignText='center', alignVert=method-wrapper(...), anchorHoriz='center', anchorVert='center', antialias=True, autoLog=True, bold=False, color=array([1, 1, 1]), colorSpace='rgb', contrast=1.0, depth=0, flipHoriz=False, flipVert=False, font='', fontFiles=[], height=25, italic=False, languageStyle='LTR', name='unnamed TextStim', opacity=1.0, ori=0.0, pos=array([  0., -80.]), rgb=UNKNOWN, text='Which box contained more dots?', units='pix', win=Window(...), wrapWidth=500)
12.6805 	EXP 	Created unnamed TextStim = TextStim(__class__=<class 'psychopy.visual.text.TextStim'>, alignHoriz=method-wrapper(...), alignText='center', alignVert=method-wrapper(...), anchorHoriz='center', anchorVert='center', antialias=True, autoLog=True, bold=False, color=array([1, 1, 1]), colorSpace='rgb', contrast=1.0, depth=0, flipHoriz=False, flipVert=False, font='', fontFiles=[], height=25, italic=False, languageStyle='LTR', name='unnamed TextStim', opacity=1.0, ori=0.0, pos=array([  0., -80.]), rgb=UNKNOWN, text=str(...), units='pix', win=Window(...), wrapWidth=500)
12.6941 	EXP 	Created unnamed TextStim = TextStim(__class__=<class 'psychopy.visual.text.TextStim'>, alignHoriz=method-wrapper(...), alignText='center', alignVert=method-wrapper(...), anchorHoriz='center', anchorVert='center', antialias=True, autoLog=True, bold=False, color=array([1, 1, 1]), colorSpace='rgb', contrast=1.0, depth=0, flipHoriz=False, flipVert=False, font='', fontFiles=[], height=50, italic=False, languageStyle='LTR', name='unnamed TextStim', opacity=1.0, ori=0.0, pos=array([0., 0.]), rgb=UNKNOWN, text='Welcome to this experiment!', units='pix', win=Window(...), wrapWidth=500)
12.7032 	EXP 	Created unnamed TextStim = TextStim(__class__=<class 'psychopy.visual.text.TextStim'>, alignHoriz=method-wrapper(...), alignText='center', alignVert=method-wrapper(...), anchorHoriz='center', anchorVert='center', antialias=True, autoLog=True, bold=False, color=array([1, 1, 1]), colorSpace='rgb', contrast=1.0, depth=0, flipHoriz=False, flipVert=False, font='', fontFiles=[], height=50, italic=False, languageStyle='LTR', name='unnamed TextStim', opacity=1.0, ori=0.0, pos=array([0., 0.]), rgb=UNKNOWN, text=str(...), units='pix', win=Window(...), wrapWidth=500)
12.7461 	EXP 	Created unnamed TextStim = TextStim(__class__=<class 'psychopy.visual.text.TextStim'>, alignHoriz=method-wrapper(...), alignText='center', alignVert=method-wrapper(...), anchorHoriz='center', anchorVert='center', antialias=True, autoLog=True, bold=False, color=array([1, 1, 1]), colorSpace='rgb', contrast=1.0, depth=0, flipHoriz=False, flipVert=False, font='', fontFiles=[], height=35, italic=False, languageStyle='LTR', name='unnamed TextStim', opacity=1.0, ori=0.0, pos=array([0., 0.]), rgb=UNKNOWN, text=str(...), units='pix', win=Window(...), wrapWidth=1000)
12.7653 	EXP 	Created unnamed TextStim = TextStim(__class__=<class 'psychopy.visual.text.TextStim'>, alignHoriz=method-wrapper(...), alignText='center', alignVert=method-wrapper(...), anchorHoriz='center', anchorVert='center', antialias=True, autoLog=True, bold=False, color=array([1, 1, 1]), colorSpace='rgb', contrast=1.0, depth=0, flipHoriz=False, flipVert=False, font='', fontFiles=[], height=35, italic=False, languageStyle='LTR', name='unnamed TextStim', opacity=1.0, ori=0.0, pos=array([0., 0.]), rgb=UNKNOWN, text=str(...), units='pix', win=Window(...), wrapWidth=1000)
12.7955 	EXP 	Created unnamed TextStim = TextStim(__class__=<class 'psychopy.visual.text.TextStim'>, alignHoriz=method-wrapper(...), alignText='center', alignVert=method-wrapper(...), anchorHoriz='center', anchorVert='center', antialias=True, autoLog=True, bold=False, color=array([1, 1, 1]), colorSpace='rgb', contrast=1.0, depth=0, flipHoriz=False, flipVert=False, font='', fontFiles=[], height=35, italic=False, languageStyle='LTR', name='unnamed TextStim', opacity=1.0, ori=0.0, pos=array([0., 0.]), rgb=UNKNOWN, text=str(...), units='pix', win=Window(...), wrapWidth=1000)
12.8221 	EXP 	Created unnamed TextStim = TextStim(__class__=<class 'psychopy.visual.text.TextStim'>, alignHoriz=method-wrapper(...), alignText='center', alignVert=method-wrapper(...), anchorHoriz='center', anchorVert='center', antialias=True, autoLog=True, bold=False, color=array([1, 1, 1]), colorSpace='rgb', contrast=1.0, depth=0, flipHoriz=False, flipVert=False, font='', fontFiles=[], height=35, italic=False, languageStyle='LTR', name='unnamed TextStim', opacity=1.0, ori=0.0, pos=array([0., 0.]), rgb=UNKNOWN, text=str(...), units='pix', win=Window(...), wrapWidth=1000)
12.8222 	EXP 	window1: mouseVisible = True
12.8222 	EXP 	window1: mouseVisible = True
14.0651 	DATA 	Mouse: Left button down, pos=(950,132)
14.8714 	DATA 	Mouse:  Left button up, pos=(950,132)
15.6988 	DATA 	Mouse: Left button down, pos=(950,132)
16.5047 	DATA 	Mouse:  Left button up, pos=(950,132)
17.5939 	DATA 	Mouse: Left button down, pos=(950,132)
17.5950 	EXP 	Created unnamed ShapeStim = ShapeStim(__class__=<class 'psychopy.visual.shape.ShapeStim'>, autoDraw=False, autoLog=True, closeShape=False, color=method-wrapper(...), colorSpace='rgb', contrast=None, depth=0, fillColor=array([0, 0, 0]), fillColorSpace='rgb', fillRGB=UNKNOWN, interpolate=True, lineColor=array([1, 1, 1]), lineColorSpace='rgb', lineRGB=UNKNOWN, lineWidth=50, name='unnamed ShapeStim', opacity=0.5, ori=0.0, pos=array([  0., 100.]), size=array([1., 1.]), units='pix', vertices=ndarray(...), win=Window(...), windingRule=None)
17.6032 	EXP 	Created unnamed Circle = Circle(__class__=<class 'psychopy.visual.circle.Circle'>, autoDraw=False, autoLog=True, closeShape=True, color=method-wrapper(...), colorSpace='rgb', contrast=None, depth=0, fillColor=array([1, 1, 1]), fillColorSpace='rgb', fillRGB=UNKNOWN, interpolate=True, lineColor=array([0, 0, 0]), lineColorSpace='rgb', lineRGB=UNKNOWN, lineWidth=1.5, name='unnamed Circle', opacity=0.5, ori=0.0, pos=array([0., 0.]), size=array([1., 1.]), units='pix', vertices=ndarray(...), win=Window(...))
17.6039 	EXP 	Created unnamed Rect = Rect(__class__=<class 'psychopy.visual.rect.Rect'>, autoDraw=False, autoLog=True, closeShape=True, color=method-wrapper(...), colorSpace='rgb', contrast=None, depth=0, fillColor=array([0, 0, 0]), fillColorSpace='rgb', fillRGB=UNKNOWN, interpolate=True, lineColor=array([1, 1, 1]), lineColorSpace='rgb', lineRGB=UNKNOWN, lineWidth=1.5, name='unnamed Rect', opacity=0.5, ori=0.0, pos=array([210., 105.]), size=array([240., 240.]), units='pix', vertices=ndarray(...), win=Window(...))
17.6046 	EXP 	Created unnamed Rect = Rect(__class__=<class 'psychopy.visual.rect.Rect'>, autoDraw=False, autoLog=True, closeShape=True, color=method-wrapper(...), colorSpace='rgb', contrast=None, depth=0, fillColor=array([0, 0, 0]), fillColorSpace='rgb', fillRGB=UNKNOWN, interpolate=True, lineColor=array([1, 1, 1]), lineColorSpace='rgb', lineRGB=UNKNOWN, lineWidth=1.5, name='unnamed Rect', opacity=0.5, ori=0.0, pos=array([-210.,  105.]), size=array([240., 240.]), units='pix', vertices=ndarray(...), win=Window(...))
17.6053 	EXP 	Created unnamed ShapeStim = ShapeStim(__class__=<class 'psychopy.visual.shape.ShapeStim'>, autoDraw=False, autoLog=True, closeShape=False, color=method-wrapper(...), colorSpace='rgb', contrast=None, depth=0, fillColor=array([0, 0, 0]), fillColorSpace='rgb', fillRGB=UNKNOWN, interpolate=True, lineColor=array([0. , 0.8, 0.8]), lineColorSpace='rgb', lineRGB=UNKNOWN, lineWidth=8, name='unnamed ShapeStim', opacity=0.5, ori=0.0, pos=array([0., 0.]), size=array([1., 1.]), units='pix', vertices=array([[  0., -25.],
       [  0.,  25.]]), win=Window(...), windingRule=None)
17.6060 	EXP 	Created unnamed ShapeStim = ShapeStim(__class__=<class 'psychopy.visual.shape.ShapeStim'>, autoDraw=False, autoLog=True, closeShape=False, color=method-wrapper(...), colorSpace='rgb', contrast=None, depth=0, fillColor=array([0, 0, 0]), fillColorSpace='rgb', fillRGB=UNKNOWN, interpolate=True, lineColor=array([0, 0, 0]), lineColorSpace='rgb', lineRGB=UNKNOWN, lineWidth=8, name='unnamed ShapeStim', opacity=0, ori=0.0, pos=array([0., 0.]), size=array([1., 1.]), units='pix', vertices=array([[  0., -25.],
       [  0.,  25.]]), win=Window(...), windingRule=None)
17.6066 	EXP 	Created unnamed Rect = Rect(__class__=<class 'psychopy.visual.rect.Rect'>, autoDraw=False, autoLog=True, closeShape=True, color=method-wrapper(...), colorSpace='rgb', contrast=None, depth=0, fillColor=array([0, 0, 0]), fillColorSpace='rgb', fillRGB=UNKNOWN, interpolate=True, lineColor=array([1, 1, 1]), lineColorSpace='rgb', lineRGB=UNKNOWN, lineWidth=4, name='unnamed Rect', opacity=0.5, ori=0.0, pos=array([0., 0.]), size=array([20., 60.]), units='pix', vertices=ndarray(...), win=Window(...))
17.6076 	EXP 	Created unnamed Rect = Rect(__class__=<class 'psychopy.visual.rect.Rect'>, autoDraw=False, autoLog=True, closeShape=True, color=method-wrapper(...), colorSpace='rgb', contrast=None, depth=0, fillColor=array([1, 1, 1]), fillColorSpace='rgb', fillRGB=UNKNOWN, interpolate=True, lineColor=array([1, 1, 1]), lineColorSpace='rgb', lineRGB=UNKNOWN, lineWidth=1.5, name='unnamed Rect', opacity=0.6, ori=0.0, pos=array([0., 0.]), size=array([400.,  60.]), units='pix', vertices=ndarray(...), win=Window(...))
17.6077 	EXP 	window1: mouseVisible = False
18.4118 	DATA 	Mouse:  Left button up, pos=(950,132)
18.7357 	EXP 	unnamed Circle: pos = [124, 0]
18.7357 	EXP 	unnamed Circle: pos = [148, 0]
18.7357 	EXP 	unnamed Circle: pos = [160, 0]
18.7357 	EXP 	unnamed Circle: pos = [196, 0]
18.7357 	EXP 	unnamed Circle: pos = [208, 0]
18.7357 	EXP 	unnamed Circle: pos = [220, 0]
18.7357 	EXP 	unnamed Circle: pos = [256, 0]
18.7357 	EXP 	unnamed Circle: pos = [280, 0]
18.7357 	EXP 	unnamed Circle: pos = [304, 0]
18.7357 	EXP 	unnamed Circle: pos = [100, 12]
18.7357 	EXP 	unnamed Circle: pos = [112, 12]
18.7357 	EXP 	unnamed Circle: pos = [136, 12]
18.7357 	EXP 	unnamed Circle: pos = [160, 12]
18.7357 	EXP 	unnamed Circle: pos = [196, 12]
18.7357 	EXP 	unnamed Circle: pos = [208, 12]
18.7357 	EXP 	unnamed Circle: pos = [220, 12]
18.7357 	EXP 	unnamed Circle: pos = [232, 12]
18.7357 	EXP 	unnamed Circle: pos = [304, 12]
18.7357 	EXP 	unnamed Circle: pos = [316, 12]
18.7357 	EXP 	unnamed Circle: pos = [100, 24]
18.7357 	EXP 	unnamed Circle: pos = [112, 24]
18.7357 	EXP 	unnamed Circle: pos = [136, 24]
18.7357 	EXP 	unnamed Circle: pos = [148, 24]
18.7357 	EXP 	unnamed Circle: pos = [184, 24]
18.7357 	EXP 	unnamed Circle: pos = [196, 24]
18.7357 	EXP 	unnamed Circle: pos = [280, 24]
18.7357 	EXP 	unnamed Circle: pos = [292, 24]
18.7357 	EXP 	unnamed Circle: pos = [304, 24]
18.7357 	EXP 	unnamed Circle: pos = [316, 24]
18.7357 	EXP 	unnamed Circle: pos = [112, 36]
18.7357 	EXP 	unnamed Circle: pos = [124, 36]
18.7357 	EXP 	unnamed Circle: pos = [148, 36]
18.7357 	EXP 	unnamed Circle: pos = [244, 36]
18.7357 	EXP 	unnamed Circle: pos = [256, 36]
18.7357 	EXP 	unnamed Circle: pos = [268, 36]
18.7357 	EXP 	unnamed Circle: pos = [304, 36]
18.7357 	EXP 	unnamed Circle: pos = [100, 48]
18.7357 	EXP 	unnamed Circle: pos = [112, 48]
18.7357 	EXP 	unnamed Circle: pos = [148, 48]
18.7357 	EXP 	unnamed Circle: pos = [160, 48]
18.7357 	EXP 	unnamed Circle: pos = [196, 48]
18.7357 	EXP 	unnamed Circle: pos = [208, 48]
18.7357 	EXP 	unnamed Circle: pos = [244, 48]
18.7357 	EXP 	unnamed Circle: pos = [256, 48]
18.7357 	EXP 	unnamed Circle: pos = [280, 48]
18.7357 	EXP 	unnamed Circle: pos = [292, 48]
18.7357 	EXP 	unnamed Circle: pos = [124, 60]
18.7357 	EXP 	unnamed Circle: pos = [136, 60]
18.7357 	EXP 	unnamed Circle: pos = [160, 60]
18.7357 	EXP 	unnamed Circle: pos = [208, 60]
18.7357 	EXP 	unnamed Circle: pos = [220, 60]
18.7357 	EXP 	unnamed Circle: pos = [232, 60]
18.7357 	EXP 	unnamed Circle: pos = [244, 60]
18.7357 	EXP 	unnamed Circle: pos = [256, 60]
18.7357 	EXP 	unnamed Circle: pos = [292, 60]
18.7357 	EXP 	unnamed Circle: pos = [304, 60]
18.7357 	EXP 	unnamed Circle: pos = [316, 60]
18.7357 	EXP 	unnamed Circle: pos = [136, 72]
18.7357 	EXP 	unnamed Circle: pos = [160, 72]
18.7357 	EXP 	unnamed Circle: pos = [208, 72]
18.7357 	EXP 	unnamed Circle: pos = [232, 72]
18.7357 	EXP 	unnamed Circle: pos = [256, 72]
18.7357 	EXP 	unnamed Circle: pos = [304, 72]
18.7357 	EXP 	unnamed Circle: pos = [100, 84]
18.7357 	EXP 	unnamed Circle: pos = [124, 84]
18.7357 	EXP 	unnamed Circle: pos = [136, 84]
18.7357 	EXP 	unnamed Circle: pos = [148, 84]
18.7357 	EXP 	unnamed Circle: pos = [172, 84]
18.7357 	EXP 	unnamed Circle: pos = [196, 84]
18.7357 	EXP 	unnamed Circle: pos = [244, 84]
18.7357 	EXP 	unnamed Circle: pos = [268, 84]
18.7357 	EXP 	unnamed Circle: pos = [316, 84]
18.7357 	EXP 	unnamed Circle: pos = [136, 96]
18.7357 	EXP 	unnamed Circle: pos = [148, 96]
18.7357 	EXP 	unnamed Circle: pos = [172, 96]
18.7357 	EXP 	unnamed Circle: pos = [184, 96]
18.7357 	EXP 	unnamed Circle: pos = [208, 96]
18.7357 	EXP 	unnamed Circle: pos = [232, 96]
18.7357 	EXP 	unnamed Circle: pos = [256, 96]
18.7357 	EXP 	unnamed Circle: pos = [292, 96]
18.7357 	EXP 	unnamed Circle: pos = [304, 96]
18.7357 	EXP 	unnamed Circle: pos = [112, 108]
18.7357 	EXP 	unnamed Circle: pos = [184, 108]
18.7357 	EXP 	unnamed Circle: pos = [268, 108]
18.7357 	EXP 	unnamed Circle: pos = [280, 108]
18.7357 	EXP 	unnamed Circle: pos = [292, 108]
18.7357 	EXP 	unnamed Circle: pos = [304, 108]
18.7357 	EXP 	unnamed Circle: pos = [136, 120]
18.7357 	EXP 	unnamed Circle: pos = [160, 120]
18.7357 	EXP 	unnamed Circle: pos = [184, 120]
18.7357 	EXP 	unnamed Circle: pos = [196, 120]
18.7357 	EXP 	unnamed Circle: pos = [208, 120]
18.7357 	EXP 	unnamed Circle: pos = [244, 120]
18.7357 	EXP 	unnamed Circle: pos = [256, 120]
18.7357 	EXP 	unnamed Circle: pos = [268, 120]
18.7357 	EXP 	unnamed Circle: pos = [280, 120]
18.7357 	EXP 	unnamed Circle: pos = [292, 120]
18.7357 	EXP 	unnamed Circle: pos = [304, 120]
18.7357 	EXP 	unnamed Circle: pos = [124, 132]
18.7357 	EXP 	unnamed Circle: pos = [136, 132]
18.7357 	EXP 	unnamed Circle: pos = [148, 132]
18.7357 	EXP 	unnamed Circle: pos = [160, 132]
18.7357 	EXP 	unnamed Circle: pos = [172, 132]
18.7357 	EXP 	unnamed Circle: pos = [196, 132]
18.7357 	EXP 	unnamed Circle: pos = [256, 132]
18.7357 	EXP 	unnamed Circle: pos = [280, 132]
18.7357 	EXP 	unnamed Circle: pos = [292, 132]
18.7357 	EXP 	unnamed Circle: pos = [304, 132]
18.7357 	EXP 	unnamed Circle: pos = [112, 144]
18.7357 	EXP 	unnamed Circle: pos = [124, 144]
18.7357 	EXP 	unnamed Circle: pos = [172, 144]
18.7357 	EXP 	unnamed Circle: pos = [184, 144]
18.7357 	EXP 	unnamed Circle: pos = [196, 144]
18.7357 	EXP 	unnamed Circle: pos = [208, 144]
18.7357 	EXP 	unnamed Circle: pos = [232, 144]
18.7357 	EXP 	unnamed Circle: pos = [256, 144]
18.7357 	EXP 	unnamed Circle: pos = [280, 144]
18.7357 	EXP 	unnamed Circle: pos = [292, 144]
18.7357 	EXP 	unnamed Circle: pos = [316, 144]
18.7357 	EXP 	unnamed Circle: pos = [100, 156]
18.7357 	EXP 	unnamed Circle: pos = [112, 156]
18.7357 	EXP 	unnamed Circle: pos = [124, 156]
18.7357 	EXP 	unnamed Circle: pos = [148, 156]
18.7357 	EXP 	unnamed Circle: pos = [160, 156]
18.7357 	EXP 	unnamed Circle: pos = [172, 156]
18.7357 	EXP 	unnamed Circle: pos = [208, 156]
18.7357 	EXP 	unnamed Circle: pos = [220, 156]
18.7357 	EXP 	unnamed Circle: pos = [232, 156]
18.7357 	EXP 	unnamed Circle: pos = [244, 156]
18.7357 	EXP 	unnamed Circle: pos = [268, 156]
18.7357 	EXP 	unnamed Circle: pos = [280, 156]
18.7357 	EXP 	unnamed Circle: pos = [304, 156]
18.7357 	EXP 	unnamed Circle: pos = [124, 168]
18.7357 	EXP 	unnamed Circle: pos = [148, 168]
18.7357 	EXP 	unnamed Circle: pos = [196, 168]
18.7357 	EXP 	unnamed Circle: pos = [208, 168]
18.7357 	EXP 	unnamed Circle: pos = [220, 168]
18.7357 	EXP 	unnamed Circle: pos = [232, 168]
18.7357 	EXP 	unnamed Circle: pos = [280, 168]
18.7357 	EXP 	unnamed Circle: pos = [316, 168]
18.7357 	EXP 	unnamed Circle: pos = [100, 180]
18.7357 	EXP 	unnamed Circle: pos = [124, 180]
18.7357 	EXP 	unnamed Circle: pos = [136, 180]
18.7357 	EXP 	unnamed Circle: pos = [160, 180]
18.7357 	EXP 	unnamed Circle: pos = [196, 180]
18.7357 	EXP 	unnamed Circle: pos = [220, 180]
18.7357 	EXP 	unnamed Circle: pos = [232, 180]
18.7357 	EXP 	unnamed Circle: pos = [244, 180]
18.7357 	EXP 	unnamed Circle: pos = [256, 180]
18.7357 	EXP 	unnamed Circle: pos = [280, 180]
18.7357 	EXP 	unnamed Circle: pos = [292, 180]
18.7357 	EXP 	unnamed Circle: pos = [304, 180]
18.7357 	EXP 	unnamed Circle: pos = [160, 192]
18.7357 	EXP 	unnamed Circle: pos = [172, 192]
18.7357 	EXP 	unnamed Circle: pos = [196, 192]
18.7357 	EXP 	unnamed Circle: pos = [208, 192]
18.7357 	EXP 	unnamed Circle: pos = [220, 192]
18.7357 	EXP 	unnamed Circle: pos = [232, 192]
18.7357 	EXP 	unnamed Circle: pos = [256, 192]
18.7357 	EXP 	unnamed Circle: pos = [292, 192]
18.7357 	EXP 	unnamed Circle: pos = [100, 204]
18.7357 	EXP 	unnamed Circle: pos = [112, 204]
18.7357 	EXP 	unnamed Circle: pos = [124, 204]
18.7357 	EXP 	unnamed Circle: pos = [148, 204]
18.7357 	EXP 	unnamed Circle: pos = [160, 204]
18.7357 	EXP 	unnamed Circle: pos = [196, 204]
18.7357 	EXP 	unnamed Circle: pos = [232, 204]
18.7357 	EXP 	unnamed Circle: pos = [244, 204]
18.7357 	EXP 	unnamed Circle: pos = [256, 204]
18.7357 	EXP 	unnamed Circle: pos = [280, 204]
18.7357 	EXP 	unnamed Circle: pos = [292, 204]
18.7357 	EXP 	unnamed Circle: pos = [112, 216]
18.7357 	EXP 	unnamed Circle: pos = [124, 216]
18.7357 	EXP 	unnamed Circle: pos = [136, 216]
18.7357 	EXP 	unnamed Circle: pos = [160, 216]
18.7357 	EXP 	unnamed Circle: pos = [172, 216]
18.7357 	EXP 	unnamed Circle: pos = [184, 216]
18.7357 	EXP 	unnamed Circle: pos = [196, 216]
18.7357 	EXP 	unnamed Circle: pos = [232, 216]
18.7357 	EXP 	unnamed Circle: pos = [268, 216]
18.7357 	EXP 	unnamed Circle: pos = [292, 216]
18.7357 	EXP 	unnamed Circle: pos = [304, 216]
18.7357 	EXP 	unnamed Circle: pos = [-136, 0]
18.7357 	EXP 	unnamed Circle: pos = [-184, 0]
18.7357 	EXP 	unnamed Circle: pos = [-208, 0]
18.7357 	EXP 	unnamed Circle: pos = [-232, 0]
18.7357 	EXP 	unnamed Circle: pos = [-256, 0]
18.7357 	EXP 	unnamed Circle: pos = [-280, 0]
18.7357 	EXP 	unnamed Circle: pos = [-292, 0]
18.7357 	EXP 	unnamed Circle: pos = [-316, 0]
18.7357 	EXP 	unnamed Circle: pos = [-112, 12]
18.7357 	EXP 	unnamed Circle: pos = [-148, 12]
18.7357 	EXP 	unnamed Circle: pos = [-160, 12]
18.7357 	EXP 	unnamed Circle: pos = [-208, 12]
18.7357 	EXP 	unnamed Circle: pos = [-220, 12]
18.7357 	EXP 	unnamed Circle: pos = [-232, 12]
18.7357 	EXP 	unnamed Circle: pos = [-244, 12]
18.7357 	EXP 	unnamed Circle: pos = [-256, 12]
18.7357 	EXP 	unnamed Circle: pos = [-268, 12]
18.7357 	EXP 	unnamed Circle: pos = [-280, 12]
18.7357 	EXP 	unnamed Circle: pos = [-292, 12]
18.7357 	EXP 	unnamed Circle: pos = [-316, 12]
18.7357 	EXP 	unnamed Circle: pos = [-136, 24]
18.7357 	EXP 	unnamed Circle: pos = [-196, 24]
18.7357 	EXP 	unnamed Circle: pos = [-220, 24]
18.7357 	EXP 	unnamed Circle: pos = [-232, 24]
18.7357 	EXP 	unnamed Circle: pos = [-244, 24]
18.7357 	EXP 	unnamed Circle: pos = [-268, 24]
18.7357 	EXP 	unnamed Circle: pos = [-280, 24]
18.7357 	EXP 	unnamed Circle: pos = [-292, 24]
18.7357 	EXP 	unnamed Circle: pos = [-304, 24]
18.7357 	EXP 	unnamed Circle: pos = [-316, 24]
18.7357 	EXP 	unnamed Circle: pos = [-124, 36]
18.7357 	EXP 	unnamed Circle: pos = [-148, 36]
18.7357 	EXP 	unnamed Circle: pos = [-208, 36]
18.7357 	EXP 	unnamed Circle: pos = [-244, 36]
18.7357 	EXP 	unnamed Circle: pos = [-268, 36]
18.7357 	EXP 	unnamed Circle: pos = [-280, 36]
18.7357 	EXP 	unnamed Circle: pos = [-292, 36]
18.7357 	EXP 	unnamed Circle: pos = [-304, 36]
18.7357 	EXP 	unnamed Circle: pos = [-316, 36]
18.7357 	EXP 	unnamed Circle: pos = [-100, 48]
18.7357 	EXP 	unnamed Circle: pos = [-112, 48]
18.7357 	EXP 	unnamed Circle: pos = [-136, 48]
18.7357 	EXP 	unnamed Circle: pos = [-172, 48]
18.7357 	EXP 	unnamed Circle: pos = [-184, 48]
18.7357 	EXP 	unnamed Circle: pos = [-196, 48]
18.7357 	EXP 	unnamed Circle: pos = [-232, 48]
18.7357 	EXP 	unnamed Circle: pos = [-244, 48]
18.7357 	EXP 	unnamed Circle: pos = [-256, 48]
18.7357 	EXP 	unnamed Circle: pos = [-268, 48]
18.7357 	EXP 	unnamed Circle: pos = [-280, 48]
18.7357 	EXP 	unnamed Circle: pos = [-292, 48]
18.7357 	EXP 	unnamed Circle: pos = [-316, 48]
18.7357 	EXP 	unnamed Circle: pos = [-112, 60]
18.7357 	EXP 	unnamed Circle: pos = [-124, 60]
18.7357 	EXP 	unnamed Circle: pos = [-172, 60]
18.7357 	EXP 	unnamed Circle: pos = [-184, 60]
18.7357 	EXP 	unnamed Circle: pos = [-208, 60]
18.7357 	EXP 	unnamed Circle: pos = [-220, 60]
18.7357 	EXP 	unnamed Circle: pos = [-232, 60]
18.7357 	EXP 	unnamed Circle: pos = [-244, 60]
18.7357 	EXP 	unnamed Circle: pos = [-280, 60]
18.7357 	EXP 	unnamed Circle: pos = [-292, 60]
18.7357 	EXP 	unnamed Circle: pos = [-304, 60]
18.7357 	EXP 	unnamed Circle: pos = [-316, 60]
18.7357 	EXP 	unnamed Circle: pos = [-100, 72]
18.7357 	EXP 	unnamed Circle: pos = [-124, 72]
18.7357 	EXP 	unnamed Circle: pos = [-148, 72]
18.7357 	EXP 	unnamed Circle: pos = [-160, 72]
18.7357 	EXP 	unnamed Circle: pos = [-184, 72]
18.7357 	EXP 	unnamed Circle: pos = [-196, 72]
18.7357 	EXP 	unnamed Circle: pos = [-208, 72]
18.7357 	EXP 	unnamed Circle: pos = [-244, 72]
18.7357 	EXP 	unnamed Circle: pos = [-268, 72]
18.7357 	EXP 	unnamed Circle: pos = [-280, 72]
18.7357 	EXP 	unnamed Circle: pos = [-292, 72]
18.7357 	EXP 	unnamed Circle: pos = [-304, 72]
18.7357 	EXP 	unnamed Circle: pos = [-112, 84]
18.7357 	EXP 	unnamed Circle: pos = [-136, 84]
18.7357 	EXP 	unnamed Circle: pos = [-148, 84]
18.7357 	EXP 	unnamed Circle: pos = [-160, 84]
18.7357 	EXP 	unnamed Circle: pos = [-172, 84]
18.7357 	EXP 	unnamed Circle: pos = [-184, 84]
18.7357 	EXP 	unnamed Circle: pos = [-220, 84]
18.7357 	EXP 	unnamed Circle: pos = [-232, 84]
18.7357 	EXP 	unnamed Circle: pos = [-256, 84]
18.7357 	EXP 	unnamed Circle: pos = [-292, 84]
18.7357 	EXP 	unnamed Circle: pos = [-304, 84]
18.7357 	EXP 	unnamed Circle: pos = [-316, 84]
18.7357 	EXP 	unnamed Circle: pos = [-100, 96]
18.7357 	EXP 	unnamed Circle: pos = [-112, 96]
18.7357 	EXP 	unnamed Circle: pos = [-136, 96]
18.7357 	EXP 	unnamed Circle: pos = [-148, 96]
18.7357 	EXP 	unnamed Circle: pos = [-172, 96]
18.7357 	EXP 	unnamed Circle: pos = [-196, 96]
18.7357 	EXP 	unnamed Circle: pos = [-208, 96]
18.7357 	EXP 	unnamed Circle: pos = [-220, 96]
18.7357 	EXP 	unnamed Circle: pos = [-268, 96]
18.7357 	EXP 	unnamed Circle: pos = [-280, 96]
18.7357 	EXP 	unnamed Circle: pos = [-292, 96]
18.7357 	EXP 	unnamed Circle: pos = [-316, 96]
18.7357 	EXP 	unnamed Circle: pos = [-100, 108]
18.7357 	EXP 	unnamed Circle: pos = [-148, 108]
18.7357 	EXP 	unnamed Circle: pos = [-184, 108]
18.7357 	EXP 	unnamed Circle: pos = [-208, 108]
18.7357 	EXP 	unnamed Circle: pos = [-220, 108]
18.7357 	EXP 	unnamed Circle: pos = [-244, 108]
18.7357 	EXP 	unnamed Circle: pos = [-280, 108]
18.7357 	EXP 	unnamed Circle: pos = [-292, 108]
18.7357 	EXP 	unnamed Circle: pos = [-304, 108]
18.7357 	EXP 	unnamed Circle: pos = [-316, 108]
18.7357 	EXP 	unnamed Circle: pos = [-100, 120]
18.7357 	EXP 	unnamed Circle: pos = [-136, 120]
18.7357 	EXP 	unnamed Circle: pos = [-160, 120]
18.7357 	EXP 	unnamed Circle: pos = [-172, 120]
18.7357 	EXP 	unnamed Circle: pos = [-184, 120]
18.7357 	EXP 	unnamed Circle: pos = [-196, 120]
18.7357 	EXP 	unnamed Circle: pos = [-208, 120]
18.7357 	EXP 	unnamed Circle: pos = [-232, 120]
18.7357 	EXP 	unnamed Circle: pos = [-244, 120]
18.7357 	EXP 	unnamed Circle: pos = [-256, 120]
18.7357 	EXP 	unnamed Circle: pos = [-268, 120]
18.7357 	EXP 	unnamed Circle: pos = [-280, 120]
18.7357 	EXP 	unnamed Circle: pos = [-292, 120]
18.7357 	EXP 	unnamed Circle: pos = [-304, 120]
18.7357 	EXP 	unnamed Circle: pos = [-112, 132]
18.7357 	EXP 	unnamed Circle: pos = [-124, 132]
18.7357 	EXP 	unnamed Circle: pos = [-148, 132]
18.7357 	EXP 	unnamed Circle: pos = [-160, 132]
18.7357 	EXP 	unnamed Circle: pos = [-172, 132]
18.7357 	EXP 	unnamed Circle: pos = [-184, 132]
18.7357 	EXP 	unnamed Circle: pos = [-208, 132]
18.7357 	EXP 	unnamed Circle: pos = [-244, 132]
18.7357 	EXP 	unnamed Circle: pos = [-256, 132]
18.7357 	EXP 	unnamed Circle: pos = [-292, 132]
18.7357 	EXP 	unnamed Circle: pos = [-304, 132]
18.7357 	EXP 	unnamed Circle: pos = [-316, 132]
18.7357 	EXP 	unnamed Circle: pos = [-124, 144]
18.7357 	EXP 	unnamed Circle: pos = [-136, 144]
18.7357 	EXP 	unnamed Circle: pos = [-148, 144]
18.7357 	EXP 	unnamed Circle: pos = [-160, 144]
18.7357 	EXP 	unnamed Circle: pos = [-172, 144]
18.7357 	EXP 	unnamed Circle: pos = [-196, 144]
18.7357 	EXP 	unnamed Circle: pos = [-208, 144]
18.7357 	EXP 	unnamed Circle: pos = [-220, 144]
18.7357 	EXP 	unnamed Circle: pos = [-232, 144]
18.7357 	EXP 	unnamed Circle: pos = [-244, 144]
18.7357 	EXP 	unnamed Circle: pos = [-256, 144]
18.7357 	EXP 	unnamed Circle: pos = [-268, 144]
18.7357 	EXP 	unnamed Circle: pos = [-280, 144]
18.7357 	EXP 	unnamed Circle: pos = [-292, 144]
18.7357 	EXP 	unnamed Circle: pos = [-304, 144]
18.7357 	EXP 	unnamed Circle: pos = [-316, 144]
18.7357 	EXP 	unnamed Circle: pos = [-100, 156]
18.7357 	EXP 	unnamed Circle: pos = [-112, 156]
18.7357 	EXP 	unnamed Circle: pos = [-124, 156]
18.7357 	EXP 	unnamed Circle: pos = [-160, 156]
18.7357 	EXP 	unnamed Circle: pos = [-172, 156]
18.7357 	EXP 	unnamed Circle: pos = [-184, 156]
18.7357 	EXP 	unnamed Circle: pos = [-196, 156]
18.7357 	EXP 	unnamed Circle: pos = [-208, 156]
18.7357 	EXP 	unnamed Circle: pos = [-220, 156]
18.7357 	EXP 	unnamed Circle: pos = [-232, 156]
18.7357 	EXP 	unnamed Circle: pos = [-244, 156]
18.7357 	EXP 	unnamed Circle: pos = [-268, 156]
18.7357 	EXP 	unnamed Circle: pos = [-280, 156]
18.7357 	EXP 	unnamed Circle: pos = [-292, 156]
18.7357 	EXP 	unnamed Circle: pos = [-304, 156]
18.7357 	EXP 	unnamed Circle: pos = [-316, 156]
18.7357 	EXP 	unnamed Circle: pos = [-100, 168]
18.7357 	EXP 	unnamed Circle: pos = [-112, 168]
18.7357 	EXP 	unnamed Circle: pos = [-124, 168]
18.7357 	EXP 	unnamed Circle: pos = [-136, 168]
18.7357 	EXP 	unnamed Circle: pos = [-160, 168]
18.7357 	EXP 	unnamed Circle: pos = [-172, 168]
18.7357 	EXP 	unnamed Circle: pos = [-196, 168]
18.7357 	EXP 	unnamed Circle: pos = [-220, 168]
18.7357 	EXP 	unnamed Circle: pos = [-232, 168]
18.7357 	EXP 	unnamed Circle: pos = [-244, 168]
18.7357 	EXP 	unnamed Circle: pos = [-256, 168]
18.7357 	EXP 	unnamed Circle: pos = [-280, 168]
18.7357 	EXP 	unnamed Circle: pos = [-292, 168]
18.7357 	EXP 	unnamed Circle: pos = [-316, 168]
18.7357 	EXP 	unnamed Circle: pos = [-112, 180]
18.7357 	EXP 	unnamed Circle: pos = [-148, 180]
18.7357 	EXP 	unnamed Circle: pos = [-160, 180]
18.7357 	EXP 	unnamed Circle: pos = [-196, 180]
18.7357 	EXP 	unnamed Circle: pos = [-220, 180]
18.7357 	EXP 	unnamed Circle: pos = [-244, 180]
18.7357 	EXP 	unnamed Circle: pos = [-256, 180]
18.7357 	EXP 	unnamed Circle: pos = [-292, 180]
18.7357 	EXP 	unnamed Circle: pos = [-304, 180]
18.7357 	EXP 	unnamed Circle: pos = [-100, 192]
18.7357 	EXP 	unnamed Circle: pos = [-148, 192]
18.7357 	EXP 	unnamed Circle: pos = [-160, 192]
18.7357 	EXP 	unnamed Circle: pos = [-172, 192]
18.7357 	EXP 	unnamed Circle: pos = [-184, 192]
18.7357 	EXP 	unnamed Circle: pos = [-196, 192]
18.7357 	EXP 	unnamed Circle: pos = [-208, 192]
18.7357 	EXP 	unnamed Circle: pos = [-220, 192]
18.7357 	EXP 	unnamed Circle: pos = [-232, 192]
18.7357 	EXP 	unnamed Circle: pos = [-244, 192]
18.7357 	EXP 	unnamed Circle: pos = [-268, 192]
18.7357 	EXP 	unnamed Circle: pos = [-280, 192]
18.7357 	EXP 	unnamed Circle: pos = [-292, 192]
18.7357 	EXP 	unnamed Circle: pos = [-304, 192]
18.7357 	EXP 	unnamed Circle: pos = [-100, 204]
18.7357 	EXP 	unnamed Circle: pos = [-112, 204]
18.7357 	EXP 	unnamed Circle: pos = [-124, 204]
18.7357 	EXP 	unnamed Circle: pos = [-148, 204]
18.7357 	EXP 	unnamed Circle: pos = [-160, 204]
18.7357 	EXP 	unnamed Circle: pos = [-184, 204]
18.7357 	EXP 	unnamed Circle: pos = [-196, 204]
18.7357 	EXP 	unnamed Circle: pos = [-208, 204]
18.7357 	EXP 	unnamed Circle: pos = [-220, 204]
18.7357 	EXP 	unnamed Circle: pos = [-232, 204]
18.7357 	EXP 	unnamed Circle: pos = [-244, 204]
18.7357 	EXP 	unnamed Circle: pos = [-256, 204]
18.7357 	EXP 	unnamed Circle: pos = [-268, 204]
18.7357 	EXP 	unnamed Circle: pos = [-280, 204]
18.7357 	EXP 	unnamed Circle: pos = [-292, 204]
18.7357 	EXP 	unnamed Circle: pos = [-304, 204]
18.7357 	EXP 	unnamed Circle: pos = [-100, 216]
18.7357 	EXP 	unnamed Circle: pos = [-124, 216]
18.7357 	EXP 	unnamed Circle: pos = [-136, 216]
18.7357 	EXP 	unnamed Circle: pos = [-160, 216]
18.7357 	EXP 	unnamed Circle: pos = [-172, 216]
18.7357 	EXP 	unnamed Circle: pos = [-184, 216]
18.7357 	EXP 	unnamed Circle: pos = [-196, 216]
18.7357 	EXP 	unnamed Circle: pos = [-220, 216]
18.7357 	EXP 	unnamed Circle: pos = [-244, 216]
18.7357 	EXP 	unnamed Circle: pos = [-256, 216]
18.7357 	EXP 	unnamed Circle: pos = [-268, 216]
18.7357 	EXP 	unnamed Circle: pos = [-280, 216]
18.7357 	EXP 	unnamed Circle: pos = [-292, 216]
18.7357 	EXP 	unnamed Circle: pos = [-316, 216]
19.3366 	DATA 	Mouse: Left button down, pos=(950,132)
19.3401 	EXP 	unnamed Rect: lineWidth = 6
19.3401 	EXP 	unnamed Rect: pos = (200, -250)
19.6415 	DATA 	Mouse:  Left button up, pos=(950,132)
19.8417 	EXP 	Created unnamed ShapeStim = ShapeStim(__class__=<class 'psychopy.visual.shape.ShapeStim'>, autoDraw=False, autoLog=True, closeShape=False, color=method-wrapper(...), colorSpace='rgb', contrast=None, depth=0, fillColor=array([0, 0, 0]), fillColorSpace='rgb', fillRGB=UNKNOWN, interpolate=True, lineColor=array([1, 1, 1]), lineColorSpace='rgb', lineRGB=UNKNOWN, lineWidth=50, name='unnamed ShapeStim', opacity=0.5, ori=0.0, pos=array([  0., 100.]), size=array([1., 1.]), units='pix', vertices=ndarray(...), win=Window(...), windingRule=None)
19.8480 	EXP 	Created unnamed Circle = Circle(__class__=<class 'psychopy.visual.circle.Circle'>, autoDraw=False, autoLog=True, closeShape=True, color=method-wrapper(...), colorSpace='rgb', contrast=None, depth=0, fillColor=array([1, 1, 1]), fillColorSpace='rgb', fillRGB=UNKNOWN, interpolate=True, lineColor=array([0, 0, 0]), lineColorSpace='rgb', lineRGB=UNKNOWN, lineWidth=1.5, name='unnamed Circle', opacity=0.5, ori=0.0, pos=array([0., 0.]), size=array([1., 1.]), units='pix', vertices=ndarray(...), win=Window(...))
19.8487 	EXP 	Created unnamed Rect = Rect(__class__=<class 'psychopy.visual.rect.Rect'>, autoDraw=False, autoLog=True, closeShape=True, color=method-wrapper(...), colorSpace='rgb', contrast=None, depth=0, fillColor=array([0, 0, 0]), fillColorSpace='rgb', fillRGB=UNKNOWN, interpolate=True, lineColor=array([1, 1, 1]), lineColorSpace='rgb', lineRGB=UNKNOWN, lineWidth=1.5, name='unnamed Rect', opacity=0.5, ori=0.0, pos=array([210., 105.]), size=array([240., 240.]), units='pix', vertices=ndarray(...), win=Window(...))
19.8494 	EXP 	Created unnamed Rect = Rect(__class__=<class 'psychopy.visual.rect.Rect'>, autoDraw=False, autoLog=True, closeShape=True, color=method-wrapper(...), colorSpace='rgb', contrast=None, depth=0, fillColor=array([0, 0, 0]), fillColorSpace='rgb', fillRGB=UNKNOWN, interpolate=True, lineColor=array([1, 1, 1]), lineColorSpace='rgb', lineRGB=UNKNOWN, lineWidth=1.5, name='unnamed Rect', opacity=0.5, ori=0.0, pos=array([-210.,  105.]), size=array([240., 240.]), units='pix', vertices=ndarray(...), win=Window(...))
19.8500 	EXP 	Created unnamed ShapeStim = ShapeStim(__class__=<class 'psychopy.visual.shape.ShapeStim'>, autoDraw=False, autoLog=True, closeShape=False, color=method-wrapper(...), colorSpace='rgb', contrast=None, depth=0, fillColor=array([0, 0, 0]), fillColorSpace='rgb', fillRGB=UNKNOWN, interpolate=True, lineColor=array([0. , 0.8, 0.8]), lineColorSpace='rgb', lineRGB=UNKNOWN, lineWidth=8, name='unnamed ShapeStim', opacity=0.5, ori=0.0, pos=array([0., 0.]), size=array([1., 1.]), units='pix', vertices=array([[  0., -25.],
       [  0.,  25.]]), win=Window(...), windingRule=None)
19.8507 	EXP 	Created unnamed ShapeStim = ShapeStim(__class__=<class 'psychopy.visual.shape.ShapeStim'>, autoDraw=False, autoLog=True, closeShape=False, color=method-wrapper(...), colorSpace='rgb', contrast=None, depth=0, fillColor=array([0, 0, 0]), fillColorSpace='rgb', fillRGB=UNKNOWN, interpolate=True, lineColor=array([0, 0, 0]), lineColorSpace='rgb', lineRGB=UNKNOWN, lineWidth=8, name='unnamed ShapeStim', opacity=0, ori=0.0, pos=array([0., 0.]), size=array([1., 1.]), units='pix', vertices=array([[  0., -25.],
       [  0.,  25.]]), win=Window(...), windingRule=None)
19.8514 	EXP 	Created unnamed Rect = Rect(__class__=<class 'psychopy.visual.rect.Rect'>, autoDraw=False, autoLog=True, closeShape=True, color=method-wrapper(...), colorSpace='rgb', contrast=None, depth=0, fillColor=array([0, 0, 0]), fillColorSpace='rgb', fillRGB=UNKNOWN, interpolate=True, lineColor=array([1, 1, 1]), lineColorSpace='rgb', lineRGB=UNKNOWN, lineWidth=4, name='unnamed Rect', opacity=0.5, ori=0.0, pos=array([0., 0.]), size=array([20., 60.]), units='pix', vertices=ndarray(...), win=Window(...))
19.8521 	EXP 	Created unnamed Rect = Rect(__class__=<class 'psychopy.visual.rect.Rect'>, autoDraw=False, autoLog=True, closeShape=True, color=method-wrapper(...), colorSpace='rgb', contrast=None, depth=0, fillColor=array([1, 1, 1]), fillColorSpace='rgb', fillRGB=UNKNOWN, interpolate=True, lineColor=array([1, 1, 1]), lineColorSpace='rgb', lineRGB=UNKNOWN, lineWidth=1.5, name='unnamed Rect', opacity=0.6, ori=0.0, pos=array([0., 0.]), size=array([400.,  60.]), units='pix', vertices=ndarray(...), win=Window(...))
19.8521 	EXP 	window1: mouseVisible = False
20.9804 	EXP 	unnamed Circle: pos = [100, 0]
20.9804 	EXP 	unnamed Circle: pos = [124, 0]
20.9804 	EXP 	unnamed Circle: pos = [136, 0]
20.9804 	EXP 	unnamed Circle: pos = [220, 0]
20.9804 	EXP 	unnamed Circle: pos = [280, 0]
20.9804 	EXP 	unnamed Circle: pos = [292, 0]
20.9804 	EXP 	unnamed Circle: pos = [304, 0]
20.9804 	EXP 	unnamed Circle: pos = [316, 0]
20.9804 	EXP 	unnamed Circle: pos = [100, 12]
20.9804 	EXP 	unnamed Circle: pos = [112, 12]
20.9804 	EXP 	unnamed Circle: pos = [148, 12]
20.9804 	EXP 	unnamed Circle: pos = [160, 12]
20.9804 	EXP 	unnamed Circle: pos = [172, 12]
20.9804 	EXP 	unnamed Circle: pos = [220, 12]
20.9804 	EXP 	unnamed Circle: pos = [244, 12]
20.9804 	EXP 	unnamed Circle: pos = [256, 12]
20.9804 	EXP 	unnamed Circle: pos = [304, 12]
20.9804 	EXP 	unnamed Circle: pos = [100, 24]
20.9804 	EXP 	unnamed Circle: pos = [112, 24]
20.9804 	EXP 	unnamed Circle: pos = [172, 24]
20.9804 	EXP 	unnamed Circle: pos = [184, 24]
20.9804 	EXP 	unnamed Circle: pos = [196, 24]
20.9804 	EXP 	unnamed Circle: pos = [208, 24]
20.9804 	EXP 	unnamed Circle: pos = [232, 24]
20.9804 	EXP 	unnamed Circle: pos = [256, 24]
20.9804 	EXP 	unnamed Circle: pos = [292, 24]
20.9804 	EXP 	unnamed Circle: pos = [100, 36]
20.9804 	EXP 	unnamed Circle: pos = [112, 36]
20.9804 	EXP 	unnamed Circle: pos = [124, 36]
20.9804 	EXP 	unnamed Circle: pos = [172, 36]
20.9804 	EXP 	unnamed Circle: pos = [184, 36]
20.9804 	EXP 	unnamed Circle: pos = [196, 36]
20.9804 	EXP 	unnamed Circle: pos = [220, 36]
20.9804 	EXP 	unnamed Circle: pos = [232, 36]
20.9804 	EXP 	unnamed Circle: pos = [256, 36]
20.9804 	EXP 	unnamed Circle: pos = [268, 36]
20.9804 	EXP 	unnamed Circle: pos = [280, 36]
20.9804 	EXP 	unnamed Circle: pos = [316, 36]
20.9804 	EXP 	unnamed Circle: pos = [112, 48]
20.9804 	EXP 	unnamed Circle: pos = [148, 48]
20.9804 	EXP 	unnamed Circle: pos = [160, 48]
20.9804 	EXP 	unnamed Circle: pos = [184, 48]
20.9804 	EXP 	unnamed Circle: pos = [208, 48]
20.9804 	EXP 	unnamed Circle: pos = [220, 48]
20.9804 	EXP 	unnamed Circle: pos = [280, 48]
20.9804 	EXP 	unnamed Circle: pos = [304, 48]
20.9804 	EXP 	unnamed Circle: pos = [100, 60]
20.9804 	EXP 	unnamed Circle: pos = [136, 60]
20.9804 	EXP 	unnamed Circle: pos = [148, 60]
20.9804 	EXP 	unnamed Circle: pos = [172, 60]
20.9804 	EXP 	unnamed Circle: pos = [184, 60]
20.9804 	EXP 	unnamed Circle: pos = [196, 60]
20.9804 	EXP 	unnamed Circle: pos = [220, 60]
20.9804 	EXP 	unnamed Circle: pos = [232, 60]
20.9804 	EXP 	unnamed Circle: pos = [268, 60]
20.9804 	EXP 	unnamed Circle: pos = [280, 60]
20.9804 	EXP 	unnamed Circle: pos = [292, 60]
20.9804 	EXP 	unnamed Circle: pos = [304, 60]
20.9804 	EXP 	unnamed Circle: pos = [100, 72]
20.9804 	EXP 	unnamed Circle: pos = [112, 72]
20.9804 	EXP 	unnamed Circle: pos = [124, 72]
20.9804 	EXP 	unnamed Circle: pos = [148, 72]
20.9804 	EXP 	unnamed Circle: pos = [160, 72]
20.9804 	EXP 	unnamed Circle: pos = [244, 72]
20.9804 	EXP 	unnamed Circle: pos = [292, 72]
20.9804 	EXP 	unnamed Circle: pos = [304, 72]
20.9804 	EXP 	unnamed Circle: pos = [100, 84]
20.9804 	EXP 	unnamed Circle: pos = [124, 84]
20.9804 	EXP 	unnamed Circle: pos = [172, 84]
20.9804 	EXP 	unnamed Circle: pos = [184, 84]
20.9804 	EXP 	unnamed Circle: pos = [196, 84]
20.9804 	EXP 	unnamed Circle: pos = [208, 84]
20.9804 	EXP 	unnamed Circle: pos = [220, 84]
20.9804 	EXP 	unnamed Circle: pos = [244, 84]
20.9804 	EXP 	unnamed Circle: pos = [256, 84]
20.9804 	EXP 	unnamed Circle: pos = [268, 84]
20.9804 	EXP 	unnamed Circle: pos = [292, 84]
20.9804 	EXP 	unnamed Circle: pos = [304, 84]
20.9804 	EXP 	unnamed Circle: pos = [100, 96]
20.9804 	EXP 	unnamed Circle: pos = [112, 96]
20.9804 	EXP 	unnamed Circle: pos = [148, 96]
20.9804 	EXP 	unnamed Circle: pos = [172, 96]
20.9804 	EXP 	unnamed Circle: pos = [196, 96]
20.9804 	EXP 	unnamed Circle: pos = [208, 96]
20.9804 	EXP 	unnamed Circle: pos = [220, 96]
20.9804 	EXP 	unnamed Circle: pos = [316, 96]
20.9804 	EXP 	unnamed Circle: pos = [136, 108]
20.9804 	EXP 	unnamed Circle: pos = [172, 108]
20.9804 	EXP 	unnamed Circle: pos = [184, 108]
20.9804 	EXP 	unnamed Circle: pos = [220, 108]
20.9804 	EXP 	unnamed Circle: pos = [244, 108]
20.9804 	EXP 	unnamed Circle: pos = [256, 108]
20.9804 	EXP 	unnamed Circle: pos = [268, 108]
20.9804 	EXP 	unnamed Circle: pos = [292, 108]
20.9804 	EXP 	unnamed Circle: pos = [304, 108]
20.9804 	EXP 	unnamed Circle: pos = [112, 120]
20.9804 	EXP 	unnamed Circle: pos = [172, 120]
20.9804 	EXP 	unnamed Circle: pos = [184, 120]
20.9804 	EXP 	unnamed Circle: pos = [208, 120]
20.9804 	EXP 	unnamed Circle: pos = [220, 120]
20.9804 	EXP 	unnamed Circle: pos = [292, 120]
20.9804 	EXP 	unnamed Circle: pos = [316, 120]
20.9804 	EXP 	unnamed Circle: pos = [100, 132]
20.9804 	EXP 	unnamed Circle: pos = [112, 132]
20.9804 	EXP 	unnamed Circle: pos = [124, 132]
20.9804 	EXP 	unnamed Circle: pos = [136, 132]
20.9804 	EXP 	unnamed Circle: pos = [184, 132]
20.9804 	EXP 	unnamed Circle: pos = [220, 132]
20.9804 	EXP 	unnamed Circle: pos = [232, 132]
20.9804 	EXP 	unnamed Circle: pos = [244, 132]
20.9804 	EXP 	unnamed Circle: pos = [280, 132]
20.9804 	EXP 	unnamed Circle: pos = [136, 144]
20.9804 	EXP 	unnamed Circle: pos = [148, 144]
20.9804 	EXP 	unnamed Circle: pos = [172, 144]
20.9804 	EXP 	unnamed Circle: pos = [184, 144]
20.9804 	EXP 	unnamed Circle: pos = [208, 144]
20.9804 	EXP 	unnamed Circle: pos = [220, 144]
20.9804 	EXP 	unnamed Circle: pos = [244, 144]
20.9804 	EXP 	unnamed Circle: pos = [268, 144]
20.9804 	EXP 	unnamed Circle: pos = [280, 144]
20.9804 	EXP 	unnamed Circle: pos = [292, 144]
20.9804 	EXP 	unnamed Circle: pos = [304, 144]
20.9804 	EXP 	unnamed Circle: pos = [112, 156]
20.9804 	EXP 	unnamed Circle: pos = [160, 156]
20.9804 	EXP 	unnamed Circle: pos = [172, 156]
20.9804 	EXP 	unnamed Circle: pos = [208, 156]
20.9804 	EXP 	unnamed Circle: pos = [220, 156]
20.9804 	EXP 	unnamed Circle: pos = [268, 156]
20.9804 	EXP 	unnamed Circle: pos = [280, 156]
20.9804 	EXP 	unnamed Circle: pos = [292, 156]
20.9804 	EXP 	unnamed Circle: pos = [304, 156]
20.9804 	EXP 	unnamed Circle: pos = [100, 168]
20.9804 	EXP 	unnamed Circle: pos = [124, 168]
20.9804 	EXP 	unnamed Circle: pos = [136, 168]
20.9804 	EXP 	unnamed Circle: pos = [148, 168]
20.9804 	EXP 	unnamed Circle: pos = [160, 168]
20.9804 	EXP 	unnamed Circle: pos = [184, 168]
20.9804 	EXP 	unnamed Circle: pos = [196, 168]
20.9804 	EXP 	unnamed Circle: pos = [256, 168]
20.9804 	EXP 	unnamed Circle: pos = [268, 168]
20.9804 	EXP 	unnamed Circle: pos = [304, 168]
20.9804 	EXP 	unnamed Circle: pos = [112, 180]
20.9804 	EXP 	unnamed Circle: pos = [124, 180]
20.9804 	EXP 	unnamed Circle: pos = [148, 180]
20.9804 	EXP 	unnamed Circle: pos = [172, 180]
20.9804 	EXP 	unnamed Circle: pos = [184, 180]
20.9804 	EXP 	unnamed Circle: pos = [244, 180]
20.9804 	EXP 	unnamed Circle: pos = [268, 180]
20.9804 	EXP 	unnamed Circle: pos = [280, 180]
20.9804 	EXP 	unnamed Circle: pos = [292, 180]
20.9804 	EXP 	unnamed Circle: pos = [304, 180]
20.9804 	EXP 	unnamed Circle: pos = [124, 192]
20.9804 	EXP 	unnamed Circle: pos = [136, 192]
20.9804 	EXP 	unnamed Circle: pos = [172, 192]
20.9804 	EXP 	unnamed Circle: pos = [196, 192]
20.9804 	EXP 	unnamed Circle: pos = [208, 192]
20.9804 	EXP 	unnamed Circle: pos = [220, 192]
20.9804 	EXP 	unnamed Circle: pos = [232, 192]
20.9804 	EXP 	unnamed Circle: pos = [256, 192]
20.9804 	EXP 	unnamed Circle: pos = [280, 192]
20.9804 	EXP 	unnamed Circle: pos = [292, 192]
20.9804 	EXP 	unnamed Circle: pos = [304, 192]
20.9804 	EXP 	unnamed Circle: pos = [100, 204]
20.9804 	EXP 	unnamed Circle: pos = [112, 204]
20.9804 	EXP 	unnamed Circle: pos = [124, 204]
20.9804 	EXP 	unnamed Circle: pos = [148, 204]
20.9804 	EXP 	unnamed Circle: pos = [160, 204]
20.9804 	EXP 	unnamed Circle: pos = [172, 204]
20.9804 	EXP 	unnamed Circle: pos = [184, 204]
20.9804 	EXP 	unnamed Circle: pos = [208, 204]
20.9804 	EXP 	unnamed Circle: pos = [244, 204]
20.9804 	EXP 	unnamed Circle: pos = [268, 204]
20.9804 	EXP 	unnamed Circle: pos = [280, 204]
20.9804 	EXP 	unnamed Circle: pos = [316, 204]
20.9804 	EXP 	unnamed Circle: pos = [112, 216]
20.9804 	EXP 	unnamed Circle: pos = [124, 216]
20.9804 	EXP 	unnamed Circle: pos = [136, 216]
20.9804 	EXP 	unnamed Circle: pos = [184, 216]
20.9804 	EXP 	unnamed Circle: pos = [220, 216]
20.9804 	EXP 	unnamed Circle: pos = [244, 216]
20.9804 	EXP 	unnamed Circle: pos = [256, 216]
20.9804 	EXP 	unnamed Circle: pos = [268, 216]
20.9804 	EXP 	unnamed Circle: pos = [292, 216]
20.9804 	EXP 	unnamed Circle: pos = [304, 216]
20.9804 	EXP 	unnamed Circle: pos = [316, 216]
20.9804 	EXP 	unnamed Circle: pos = [-160, 0]
20.9804 	EXP 	unnamed Circle: pos = [-184, 0]
20.9804 	EXP 	unnamed Circle: pos = [-208, 0]
20.9804 	EXP 	unnamed Circle: pos = [-220, 0]
20.9804 	EXP 	unnamed Circle: pos = [-232, 0]
20.9804 	EXP 	unnamed Circle: pos = [-268, 0]
20.9804 	EXP 	unnamed Circle: pos = [-280, 0]
20.9804 	EXP 	unnamed Circle: pos = [-292, 0]
20.9804 	EXP 	unnamed Circle: pos = [-304, 0]
20.9804 	EXP 	unnamed Circle: pos = [-316, 0]
20.9804 	EXP 	unnamed Circle: pos = [-112, 12]
20.9804 	EXP 	unnamed Circle: pos = [-124, 12]
20.9804 	EXP 	unnamed Circle: pos = [-136, 12]
20.9804 	EXP 	unnamed Circle: pos = [-148, 12]
20.9804 	EXP 	unnamed Circle: pos = [-160, 12]
20.9804 	EXP 	unnamed Circle: pos = [-184, 12]
20.9804 	EXP 	unnamed Circle: pos = [-220, 12]
20.9804 	EXP 	unnamed Circle: pos = [-232, 12]
20.9804 	EXP 	unnamed Circle: pos = [-244, 12]
20.9804 	EXP 	unnamed Circle: pos = [-268, 12]
20.9804 	EXP 	unnamed Circle: pos = [-280, 12]
20.9804 	EXP 	unnamed Circle: pos = [-292, 12]
20.9804 	EXP 	unnamed Circle: pos = [-304, 12]
20.9804 	EXP 	unnamed Circle: pos = [-112, 24]
20.9804 	EXP 	unnamed Circle: pos = [-124, 24]
20.9804 	EXP 	unnamed Circle: pos = [-148, 24]
20.9804 	EXP 	unnamed Circle: pos = [-160, 24]
20.9804 	EXP 	unnamed Circle: pos = [-172, 24]
20.9804 	EXP 	unnamed Circle: pos = [-184, 24]
20.9804 	EXP 	unnamed Circle: pos = [-196, 24]
20.9804 	EXP 	unnamed Circle: pos = [-208, 24]
20.9804 	EXP 	unnamed Circle: pos = [-232, 24]
20.9804 	EXP 	unnamed Circle: pos = [-244, 24]
20.9804 	EXP 	unnamed Circle: pos = [-256, 24]
20.9804 	EXP 	unnamed Circle: pos = [-268, 24]
20.9804 	EXP 	unnamed Circle: pos = [-280, 24]
20.9804 	EXP 	unnamed Circle: pos = [-316, 24]
20.9804 	EXP 	unnamed Circle: pos = [-100, 36]
20.9804 	EXP 	unnamed Circle: pos = [-112, 36]
20.9804 	EXP 	unnamed Circle: pos = [-124, 36]
20.9804 	EXP 	unnamed Circle: pos = [-136, 36]
20.9804 	EXP 	unnamed Circle: pos = [-160, 36]
20.9804 	EXP 	unnamed Circle: pos = [-184, 36]
20.9804 	EXP 	unnamed Circle: pos = [-196, 36]
20.9804 	EXP 	unnamed Circle: pos = [-208, 36]
20.9804 	EXP 	unnamed Circle: pos = [-220, 36]
20.9804 	EXP 	unnamed Circle: pos = [-244, 36]
20.9804 	EXP 	unnamed Circle: pos = [-256, 36]
20.9804 	EXP 	unnamed Circle: pos = [-268, 36]
20.9804 	EXP 	unnamed Circle: pos = [-280, 36]
20.9804 	EXP 	unnamed Circle: pos = [-292, 36]
20.9804 	EXP 	unnamed Circle: pos = [-316, 36]
20.9804 	EXP 	unnamed Circle: pos = [-112, 48]
20.9804 	EXP 	unnamed Circle: pos = [-124, 48]
20.9804 	EXP 	unnamed Circle: pos = [-148, 48]
20.9804 	EXP 	unnamed Circle: pos = [-160, 48]
20.9804 	EXP 	unnamed Circle: pos = [-172, 48]
20.9804 	EXP 	unnamed Circle: pos = [-184, 48]
20.9804 	EXP 	unnamed Circle: pos = [-196, 48]
20.9804 	EXP 	unnamed Circle: pos = [-220, 48]
20.9804 	EXP 	unnamed Circle: pos = [-244, 48]
20.9804 	EXP 	unnamed Circle: pos = [-256, 48]
20.9804 	EXP 	unnamed Circle: pos = [-268, 48]
20.9804 	EXP 	unnamed Circle: pos = [-280, 48]
20.9804 	EXP 	unnamed Circle: pos = [-292, 48]
20.9804 	EXP 	unnamed Circle: pos = [-316, 48]
20.9804 	EXP 	unnamed Circle: pos = [-100, 60]
20.9804 	EXP 	unnamed Circle: pos = [-112, 60]
20.9804 	EXP 	unnamed Circle: pos = [-124, 60]
20.9804 	EXP 	unnamed Circle: pos = [-136, 60]
20.9804 	EXP 	unnamed Circle: pos = [-148, 60]
20.9804 	EXP 	unnamed Circle: pos = [-160, 60]
20.9804 	EXP 	unnamed Circle: pos = [-184, 60]
20.9804 	EXP 	unnamed Circle: pos = [-196, 60]
20.9804 	EXP 	unnamed Circle: pos = [-208, 60]
20.9804 	EXP 	unnamed Circle: pos = [-244, 60]
20.9804 	EXP 	unnamed Circle: pos = [-256, 60]
20.9804 	EXP 	unnamed Circle: pos = [-268, 60]
20.9804 	EXP 	unnamed Circle: pos = [-292, 60]
20.9804 	EXP 	unnamed Circle: pos = [-304, 60]
20.9804 	EXP 	unnamed Circle: pos = [-316, 60]
20.9804 	EXP 	unnamed Circle: pos = [-100, 72]
20.9804 	EXP 	unnamed Circle: pos = [-112, 72]
20.9804 	EXP 	unnamed Circle: pos = [-160, 72]
20.9804 	EXP 	unnamed Circle: pos = [-196, 72]
20.9804 	EXP 	unnamed Circle: pos = [-208, 72]
20.9804 	EXP 	unnamed Circle: pos = [-220, 72]
20.9804 	EXP 	unnamed Circle: pos = [-232, 72]
20.9804 	EXP 	unnamed Circle: pos = [-280, 72]
20.9804 	EXP 	unnamed Circle: pos = [-316, 72]
20.9804 	EXP 	unnamed Circle: pos = [-124, 84]
20.9804 	EXP 	unnamed Circle: pos = [-136, 84]
20.9804 	EXP 	unnamed Circle: pos = [-196, 84]
20.9804 	EXP 	unnamed Circle: pos = [-220, 84]
20.9804 	EXP 	unnamed Circle: pos = [-232, 84]
20.9804 	EXP 	unnamed Circle: pos = [-244, 84]
20.9804 	EXP 	unnamed Circle: pos = [-256, 84]
20.9804 	EXP 	unnamed Circle: pos = [-268, 84]
20.9804 	EXP 	unnamed Circle: pos = [-280, 84]
20.9804 	EXP 	unnamed Circle: pos = [-292, 84]
20.9804 	EXP 	unnamed Circle: pos = [-304, 84]
20.9804 	EXP 	unnamed Circle: pos = [-100, 96]
20.9804 	EXP 	unnamed Circle: pos = [-112, 96]
20.9804 	EXP 	unnamed Circle: pos = [-124, 96]
20.9804 	EXP 	unnamed Circle: pos = [-136, 96]
20.9804 	EXP 	unnamed Circle: pos = [-160, 96]
20.9804 	EXP 	unnamed Circle: pos = [-172, 96]
20.9804 	EXP 	unnamed Circle: pos = [-184, 96]
20.9804 	EXP 	unnamed Circle: pos = [-208, 96]
20.9804 	EXP 	unnamed Circle: pos = [-220, 96]
20.9804 	EXP 	unnamed Circle: pos = [-232, 96]
20.9804 	EXP 	unnamed Circle: pos = [-244, 96]
20.9804 	EXP 	unnamed Circle: pos = [-268, 96]
20.9804 	EXP 	unnamed Circle: pos = [-280, 96]
20.9804 	EXP 	unnamed Circle: pos = [-292, 96]
20.9804 	EXP 	unnamed Circle: pos = [-304, 96]
20.9804 	EXP 	unnamed Circle: pos = [-100, 108]
20.9804 	EXP 	unnamed Circle: pos = [-160, 108]
20.9804 	EXP 	unnamed Circle: pos = [-220, 108]
20.9804 	EXP 	unnamed Circle: pos = [-232, 108]
20.9804 	EXP 	unnamed Circle: pos = [-244, 108]
20.9804 	EXP 	unnamed Circle: pos = [-256, 108]
20.9804 	EXP 	unnamed Circle: pos = [-268, 108]
20.9804 	EXP 	unnamed Circle: pos = [-280, 108]
20.9804 	EXP 	unnamed Circle: pos = [-304, 108]
20.9804 	EXP 	unnamed Circle: pos = [-112, 120]
20.9804 	EXP 	unnamed Circle: pos = [-136, 120]
20.9804 	EXP 	unnamed Circle: pos = [-148, 120]
20.9804 	EXP 	unnamed Circle: pos = [-172, 120]
20.9804 	EXP 	unnamed Circle: pos = [-184, 120]
20.9804 	EXP 	unnamed Circle: pos = [-196, 120]
20.9804 	EXP 	unnamed Circle: pos = [-208, 120]
20.9804 	EXP 	unnamed Circle: pos = [-220, 120]
20.9804 	EXP 	unnamed Circle: pos = [-232, 120]
20.9804 	EXP 	unnamed Circle: pos = [-244, 120]
20.9804 	EXP 	unnamed Circle: pos = [-256, 120]
20.9804 	EXP 	unnamed Circle: pos = [-292, 120]
20.9804 	EXP 	unnamed Circle: pos = [-304, 120]
20.9804 	EXP 	unnamed Circle: pos = [-100, 132]
20.9804 	EXP 	unnamed Circle: pos = [-136, 132]
20.9804 	EXP 	unnamed Circle: pos = [-148, 132]
20.9804 	EXP 	unnamed Circle: pos = [-160, 132]
20.9804 	EXP 	unnamed Circle: pos = [-196, 132]
20.9804 	EXP 	unnamed Circle: pos = [-208, 132]
20.9804 	EXP 	unnamed Circle: pos = [-220, 132]
20.9804 	EXP 	unnamed Circle: pos = [-232, 132]
20.9804 	EXP 	unnamed Circle: pos = [-244, 132]
20.9804 	EXP 	unnamed Circle: pos = [-268, 132]
20.9804 	EXP 	unnamed Circle: pos = [-280, 132]
20.9804 	EXP 	unnamed Circle: pos = [-292, 132]
20.9804 	EXP 	unnamed Circle: pos = [-304, 132]
20.9804 	EXP 	unnamed Circle: pos = [-100, 144]
20.9804 	EXP 	unnamed Circle: pos = [-112, 144]
20.9804 	EXP 	unnamed Circle: pos = [-136, 144]
20.9804 	EXP 	unnamed Circle: pos = [-160, 144]
20.9804 	EXP 	unnamed Circle: pos = [-172, 144]
20.9804 	EXP 	unnamed Circle: pos = [-184, 144]
20.9804 	EXP 	unnamed Circle: pos = [-196, 144]
20.9804 	EXP 	unnamed Circle: pos = [-208, 144]
20.9804 	EXP 	unnamed Circle: pos = [-220, 144]
20.9804 	EXP 	unnamed Circle: pos = [-232, 144]
20.9804 	EXP 	unnamed Circle: pos = [-244, 144]
20.9804 	EXP 	unnamed Circle: pos = [-268, 144]
20.9804 	EXP 	unnamed Circle: pos = [-280, 144]
20.9804 	EXP 	unnamed Circle: pos = [-292, 144]
20.9804 	EXP 	unnamed Circle: pos = [-304, 144]
20.9804 	EXP 	unnamed Circle: pos = [-316, 144]
20.9804 	EXP 	unnamed Circle: pos = [-100, 156]
20.9804 	EXP 	unnamed Circle: pos = [-112, 156]
20.9804 	EXP 	unnamed Circle: pos = [-136, 156]
20.9804 	EXP 	unnamed Circle: pos = [-160, 156]
20.9804 	EXP 	unnamed Circle: pos = [-184, 156]
20.9804 	EXP 	unnamed Circle: pos = [-196, 156]
20.9804 	EXP 	unnamed Circle: pos = [-220, 156]
20.9804 	EXP 	unnamed Circle: pos = [-232, 156]
20.9804 	EXP 	unnamed Circle: pos = [-244, 156]
20.9804 	EXP 	unnamed Circle: pos = [-256, 156]
20.9804 	EXP 	unnamed Circle: pos = [-292, 156]
20.9804 	EXP 	unnamed Circle: pos = [-304, 156]
20.9804 	EXP 	unnamed Circle: pos = [-316, 156]
20.9804 	EXP 	unnamed Circle: pos = [-112, 168]
20.9804 	EXP 	unnamed Circle: pos = [-124, 168]
20.9804 	EXP 	unnamed Circle: pos = [-136, 168]
20.9804 	EXP 	unnamed Circle: pos = [-148, 168]
20.9804 	EXP 	unnamed Circle: pos = [-160, 168]
20.9804 	EXP 	unnamed Circle: pos = [-196, 168]
20.9804 	EXP 	unnamed Circle: pos = [-208, 168]
20.9804 	EXP 	unnamed Circle: pos = [-220, 168]
20.9804 	EXP 	unnamed Circle: pos = [-244, 168]
20.9804 	EXP 	unnamed Circle: pos = [-256, 168]
20.9804 	EXP 	unnamed Circle: pos = [-268, 168]
20.9804 	EXP 	unnamed Circle: pos = [-280, 168]
20.9804 	EXP 	unnamed Circle: pos = [-292, 168]
20.9804 	EXP 	unnamed Circle: pos = [-316, 168]
20.9804 	EXP 	unnamed Circle: pos = [-112, 180]
20.9804 	EXP 	unnamed Circle: pos = [-124, 180]
20.9804 	EXP 	unnamed Circle: pos = [-136, 180]
20.9804 	EXP 	unnamed Circle: pos = [-148, 180]
20.9804 	EXP 	unnamed Circle: pos = [-160, 180]
20.9804 	EXP 	unnamed Circle: pos = [-172, 180]
20.9804 	EXP 	unnamed Circle: pos = [-196, 180]
20.9804 	EXP 	unnamed Circle: pos = [-208, 180]
20.9804 	EXP 	unnamed Circle: pos = [-220, 180]
20.9804 	EXP 	unnamed Circle: pos = [-244, 180]
20.9804 	EXP 	unnamed Circle: pos = [-268, 180]
20.9804 	EXP 	unnamed Circle: pos = [-280, 180]
20.9804 	EXP 	unnamed Circle: pos = [-316, 180]
20.9804 	EXP 	unnamed Circle: pos = [-136, 192]
20.9804 	EXP 	unnamed Circle: pos = [-148, 192]
20.9804 	EXP 	unnamed Circle: pos = [-160, 192]
20.9804 	EXP 	unnamed Circle: pos = [-208, 192]
20.9804 	EXP 	unnamed Circle: pos = [-220, 192]
20.9804 	EXP 	unnamed Circle: pos = [-232, 192]
20.9804 	EXP 	unnamed Circle: pos = [-244, 192]
20.9804 	EXP 	unnamed Circle: pos = [-256, 192]
20.9804 	EXP 	unnamed Circle: pos = [-268, 192]
20.9804 	EXP 	unnamed Circle: pos = [-280, 192]
20.9804 	EXP 	unnamed Circle: pos = [-292, 192]
20.9804 	EXP 	unnamed Circle: pos = [-304, 192]
20.9804 	EXP 	unnamed Circle: pos = [-100, 204]
20.9804 	EXP 	unnamed Circle: pos = [-112, 204]
20.9804 	EXP 	unnamed Circle: pos = [-124, 204]
20.9804 	EXP 	unnamed Circle: pos = [-148, 204]
20.9804 	EXP 	unnamed Circle: pos = [-160, 204]
20.9804 	EXP 	unnamed Circle: pos = [-172, 204]
20.9804 	EXP 	unnamed Circle: pos = [-196, 204]
20.9804 	EXP 	unnamed Circle: pos = [-208, 204]
20.9804 	EXP 	unnamed Circle: pos = [-220, 204]
20.9804 	EXP 	unnamed Circle: pos = [-232, 204]
20.9804 	EXP 	unnamed Circle: pos = [-244, 204]
20.9804 	EXP 	unnamed Circle: pos = [-256, 204]
20.9804 	EXP 	unnamed Circle: pos = [-268, 204]
20.9804 	EXP 	unnamed Circle: pos = [-280, 204]
20.9804 	EXP 	unnamed Circle: pos = [-292, 204]
20.9804 	EXP 	unnamed Circle: pos = [-304, 204]
20.9804 	EXP 	unnamed Circle: pos = [-100, 216]
20.9804 	EXP 	unnamed Circle: pos = [-112, 216]
20.9804 	EXP 	unnamed Circle: pos = [-124, 216]
20.9804 	EXP 	unnamed Circle: pos = [-172, 216]
20.9804 	EXP 	unnamed Circle: pos = [-196, 216]
20.9804 	EXP 	unnamed Circle: pos = [-208, 216]
20.9804 	EXP 	unnamed Circle: pos = [-220, 216]
20.9804 	EXP 	unnamed Circle: pos = [-232, 216]
20.9804 	EXP 	unnamed Circle: pos = [-280, 216]
23.4795 	DATA 	Keypress: q
24.3796 	DATA 	Mouse: Left button down, pos=(1066,89)
24.3827 	EXP 	unnamed Rect: lineWidth = 6
24.3827 	EXP 	unnamed Rect: pos = (200, -250)
25.7569 	EXP 	window1: mouseVisible = True
